<!DOCTYPE html>

<html>
  <head>
  <meta charset='utf-8'>
  <title>TestNG reports</title>

    <link type="text/css" href="testng-reports.css" rel="stylesheet" />
    <script type="text/javascript" src="jquery-1.7.1.min.js"></script>
    <script type="text/javascript" src="testng-reports.js"></script>
    <script type="text/javascript" src="https://www.google.com/jsapi"></script>
    <script type='text/javascript'>
      google.load('visualization', '1', {packages:['table']});
      google.setOnLoadCallback(drawTable);
      var suiteTableInitFunctions = new Array();
      var suiteTableData = new Array();
    </script>
    <!--
      <script type="text/javascript" src="jquery-ui/js/jquery-ui-1.8.16.custom.min.js"></script>
     -->
  </head>

  <body>
    <div class="top-banner-root">
      <span class="top-banner-title-font">Test results</span>
      <br/>
      <span class="top-banner-font-1">1 suite, 32 failed tests</span>
    </div> <!-- top-banner-root -->
    <div class="navigator-root">
      <div class="navigator-suite-header">
        <span>All suites</span>
        <a href="#" class="collapse-all-link" title="Collapse/expand all the suites">
          <img class="collapse-all-icon" src="collapseall.gif">
          </img> <!-- collapse-all-icon -->
        </a> <!-- collapse-all-link -->
      </div> <!-- navigator-suite-header -->
      <div class="suite">
        <div class="rounded-window">
          <div class="suite-header light-rounded-window-top">
            <a href="#" class="navigator-link" panel-name="suite-Command_line_suite">
              <span class="suite-name border-failed">Command line suite</span>
            </a> <!-- navigator-link -->
          </div> <!-- suite-header light-rounded-window-top -->
          <div class="navigator-suite-content">
            <div class="suite-section-title">
              <span>Info</span>
            </div> <!-- suite-section-title -->
            <div class="suite-section-content">
              <ul>
                <li>
                  <a href="#" class="navigator-link " panel-name="test-xml-Command_line_suite">
                    <span>[unset file name]</span>
                  </a> <!-- navigator-link  -->
                </li>
                <li>
                  <a href="#" class="navigator-link " panel-name="testlist-Command_line_suite">
                    <span class="test-stats">1 test</span>
                  </a> <!-- navigator-link  -->
                </li>
                <li>
                  <a href="#" class="navigator-link " panel-name="group-Command_line_suite">
                    <span>0 groups</span>
                  </a> <!-- navigator-link  -->
                </li>
                <li>
                  <a href="#" class="navigator-link " panel-name="times-Command_line_suite">
                    <span>Times</span>
                  </a> <!-- navigator-link  -->
                </li>
                <li>
                  <a href="#" class="navigator-link " panel-name="reporter-Command_line_suite">
                    <span>Reporter output</span>
                  </a> <!-- navigator-link  -->
                </li>
                <li>
                  <a href="#" class="navigator-link " panel-name="ignored-methods-Command_line_suite">
                    <span>Ignored methods</span>
                  </a> <!-- navigator-link  -->
                </li>
                <li>
                  <a href="#" class="navigator-link " panel-name="chronological-Command_line_suite">
                    <span>Chronological view</span>
                  </a> <!-- navigator-link  -->
                </li>
              </ul>
            </div> <!-- suite-section-content -->
            <div class="result-section">
              <div class="suite-section-title">
                <span>Results</span>
              </div> <!-- suite-section-title -->
              <div class="suite-section-content">
                <ul>
                  <li>
                    <span class="method-stats">80 methods, 32 failed,   48 passed</span>
                  </li>
                  <li>
                    <span class="method-list-title failed">Failed methods</span>
                    <span class="show-or-hide-methods failed">
                      <a href="#" panel-name="suite-Command_line_suite" class="hide-methods failed suite-Command_line_suite"> (hide)</a> <!-- hide-methods failed suite-Command_line_suite -->
                      <a href="#" panel-name="suite-Command_line_suite" class="show-methods failed suite-Command_line_suite"> (show)</a> <!-- show-methods failed suite-Command_line_suite -->
                    </span>
                    <div class="method-list-content failed suite-Command_line_suite">
                      <span>
                        <img width="3%" src="failed.png"/>
                        <a href="#" class="method navigator-link" panel-name="suite-Command_line_suite" title="com.orangeHRM.TestNG_About" hash-for-method="TestCase01_testAuthenticationSuccessAboutMenuPopUpPresent">TestCase01_testAuthenticationSuccessAboutMenuPopUpPresent</a> <!-- method navigator-link -->
                      </span>
                      <br/>
                      <span>
                        <img width="3%" src="failed.png"/>
                        <a href="#" class="method navigator-link" panel-name="suite-Command_line_suite" title="com.orangeHRM.TestNG_WelcomeAdmin" hash-for-method="TestCase01_testAuthenticationSuccessWelcomeAdminLinkPresent">TestCase01_testAuthenticationSuccessWelcomeAdminLinkPresent</a> <!-- method navigator-link -->
                      </span>
                      <br/>
                      <span>
                        <img width="3%" src="failed.png"/>
                        <a href="#" class="method navigator-link" panel-name="suite-Command_line_suite" title="com.orangeHRM.TestNG_login_PageElements" hash-for-method="TestCase01_testAuthenticationSuccessWhenProvidingCorrectUsernameAndPassword">TestCase01_testAuthenticationSuccessWhenProvidingCorrectUsernameAndPassword</a> <!-- method navigator-link -->
                      </span>
                      <br/>
                      <span>
                        <img width="3%" src="failed.png"/>
                        <a href="#" class="method navigator-link" panel-name="suite-Command_line_suite" title="com.orangeHRM.TestNG_WelcomeAdmin" hash-for-method="TestCase02_testAuthenticationSuccessAboutMenuPresent">TestCase02_testAuthenticationSuccessAboutMenuPresent</a> <!-- method navigator-link -->
                      </span>
                      <br/>
                      <span>
                        <img width="3%" src="failed.png"/>
                        <a href="#" class="method navigator-link" panel-name="suite-Command_line_suite" title="com.orangeHRM.TestNG_login_PageElements" hash-for-method="TestCase02_testAuthenticationSuccessDashboardRedirection">TestCase02_testAuthenticationSuccessDashboardRedirection</a> <!-- method navigator-link -->
                      </span>
                      <br/>
                      <span>
                        <img width="3%" src="failed.png"/>
                        <a href="#" class="method navigator-link" panel-name="suite-Command_line_suite" title="com.orangeHRM.TestNG_About" hash-for-method="TestCase02_testAuthenticationSuccessLabelPresent">TestCase02_testAuthenticationSuccessLabelPresent</a> <!-- method navigator-link -->
                      </span>
                      <br/>
                      <span>
                        <img width="3%" src="failed.png"/>
                        <a href="#" class="method navigator-link" panel-name="suite-Command_line_suite" title="com.orangeHRM.TestNG_login_PageElements" hash-for-method="TestCase03_testAuthenticationFailedWhenProvidingIncorrectUsername">TestCase03_testAuthenticationFailedWhenProvidingIncorrectUsername</a> <!-- method navigator-link -->
                      </span>
                      <br/>
                      <span>
                        <img width="3%" src="failed.png"/>
                        <a href="#" class="method navigator-link" panel-name="suite-Command_line_suite" title="com.orangeHRM.TestNG_WelcomeAdmin" hash-for-method="TestCase03_testAuthenticationSuccessChangePasswordMenuPresent">TestCase03_testAuthenticationSuccessChangePasswordMenuPresent</a> <!-- method navigator-link -->
                      </span>
                      <br/>
                      <span>
                        <img width="3%" src="failed.png"/>
                        <a href="#" class="method navigator-link" panel-name="suite-Command_line_suite" title="com.orangeHRM.TestNG_login_PageElements" hash-for-method="TestCase04_testAuthenticationFailedWhenProvidingIncorrectPassword">TestCase04_testAuthenticationFailedWhenProvidingIncorrectPassword</a> <!-- method navigator-link -->
                      </span>
                      <br/>
                      <span>
                        <img width="3%" src="failed.png"/>
                        <a href="#" class="method navigator-link" panel-name="suite-Command_line_suite" title="com.orangeHRM.TestNG_WelcomeAdmin" hash-for-method="TestCase04_testAuthenticationSuccessLogoutMenuPresent">TestCase04_testAuthenticationSuccessLogoutMenuPresent</a> <!-- method navigator-link -->
                      </span>
                      <br/>
                      <span>
                        <img width="3%" src="failed.png"/>
                        <a href="#" class="method navigator-link" panel-name="suite-Command_line_suite" title="com.orangeHRM.TestNG_login_PageElements" hash-for-method="TestCase05_testAuthenticationFailedWhenProvidingIncorrectUsernameAndPassword">TestCase05_testAuthenticationFailedWhenProvidingIncorrectUsernameAndPassword</a> <!-- method navigator-link -->
                      </span>
                      <br/>
                      <span>
                        <img width="3%" src="failed.png"/>
                        <a href="#" class="method navigator-link" panel-name="suite-Command_line_suite" title="com.orangeHRM.TestNG_login_PageElements" hash-for-method="TestCase06_testAuthenticationFailedEmptyUsername">TestCase06_testAuthenticationFailedEmptyUsername</a> <!-- method navigator-link -->
                      </span>
                      <br/>
                      <span>
                        <img width="3%" src="failed.png"/>
                        <a href="#" class="method navigator-link" panel-name="suite-Command_line_suite" title="com.orangeHRM.TestNG_login_PageElements" hash-for-method="TestCase07_testAuthenticationFailedEmptyUsernameAndPassword">TestCase07_testAuthenticationFailedEmptyUsernameAndPassword</a> <!-- method navigator-link -->
                      </span>
                      <br/>
                      <span>
                        <img width="3%" src="failed.png"/>
                        <a href="#" class="method navigator-link" panel-name="suite-Command_line_suite" title="com.orangeHRM.TestNG_login_PageElements" hash-for-method="TestCase08_testAuthenticationFailedEmptyPassword">TestCase08_testAuthenticationFailedEmptyPassword</a> <!-- method navigator-link -->
                      </span>
                      <br/>
                      <span>
                        <img width="3%" src="failed.png"/>
                        <a href="#" class="method navigator-link" panel-name="suite-Command_line_suite" title="com.orangeHRM.TestNG_login_PageElements" hash-for-method="TestCase10_testAuthenticationSuccessLinkedInSocialsRedirection">TestCase10_testAuthenticationSuccessLinkedInSocialsRedirection</a> <!-- method navigator-link -->
                      </span>
                      <br/>
                      <span>
                        <img width="3%" src="failed.png"/>
                        <a href="#" class="method navigator-link" panel-name="suite-Command_line_suite" title="com.orangeHRM.TestNG_login_PageElements" hash-for-method="TestCase11_testAuthenticationSuccessFacebookSocialsRedirection">TestCase11_testAuthenticationSuccessFacebookSocialsRedirection</a> <!-- method navigator-link -->
                      </span>
                      <br/>
                      <span>
                        <img width="3%" src="failed.png"/>
                        <a href="#" class="method navigator-link" panel-name="suite-Command_line_suite" title="com.orangeHRM.TestNG_login_PageElements" hash-for-method="TestCase12_testAuthenticationSuccessTwitterSocialsRedirection">TestCase12_testAuthenticationSuccessTwitterSocialsRedirection</a> <!-- method navigator-link -->
                      </span>
                      <br/>
                      <span>
                        <img width="3%" src="failed.png"/>
                        <a href="#" class="method navigator-link" panel-name="suite-Command_line_suite" title="com.orangeHRM.TestNG_login_PageElements" hash-for-method="TestCase13_testAuthenticationSuccessYoutubeSocialsRedirection">TestCase13_testAuthenticationSuccessYoutubeSocialsRedirection</a> <!-- method navigator-link -->
                      </span>
                      <br/>
                      <span>
                        <img width="3%" src="failed.png"/>
                        <a href="#" class="method navigator-link" panel-name="suite-Command_line_suite" title="com.orangeHRM.TestNG_login_PageElements" hash-for-method="TestCase14_testAuthenticationSuccessOpenIdVisible">TestCase14_testAuthenticationSuccessOpenIdVisible</a> <!-- method navigator-link -->
                      </span>
                      <br/>
                      <span>
                        <img width="3%" src="failed.png"/>
                        <a href="#" class="method navigator-link" panel-name="suite-Command_line_suite" title="com.orangeHRM.TestNG_login_PageElements" hash-for-method="TestCase15_testAuthenticationSuccessLoginButtonsVisible">TestCase15_testAuthenticationSuccessLoginButtonsVisible</a> <!-- method navigator-link -->
                      </span>
                      <br/>
                      <span>
                        <img width="3%" src="failed.png"/>
                        <a href="#" class="method navigator-link" panel-name="suite-Command_line_suite" title="com.orangeHRM.TestNG_login_PageElements" hash-for-method="TestCase16_testAuthenticationSuccessLoginButtonsEnabled">TestCase16_testAuthenticationSuccessLoginButtonsEnabled</a> <!-- method navigator-link -->
                      </span>
                      <br/>
                      <span>
                        <img width="3%" src="failed.png"/>
                        <a href="#" class="method navigator-link" panel-name="suite-Command_line_suite" title="com.orangeHRM.TestNG_login_PageElements" hash-for-method="TestCase17_testAuthenticationSuccessProviderdropdown">TestCase17_testAuthenticationSuccessProviderdropdown</a> <!-- method navigator-link -->
                      </span>
                      <br/>
                      <span>
                        <img width="3%" src="failed.png"/>
                        <a href="#" class="method navigator-link" panel-name="suite-Command_line_suite" title="com.orangeHRM.TestNG_login_PageElements" hash-for-method="TestCase18_testAuthenticationSuccessPlacholders">TestCase18_testAuthenticationSuccessPlacholders</a> <!-- method navigator-link -->
                      </span>
                      <br/>
                      <span>
                        <img width="3%" src="failed.png"/>
                        <a href="#" class="method navigator-link" panel-name="suite-Command_line_suite" title="com.orangeHRM.TestNG_login_PageElements" hash-for-method="TestCase19_testAuthenticationSuccessLoginTextboxesInputs(&lt;script&gt; &quot;Hello&quot;&lt;\script&gt; , &lt;script&gt; &quot;Hello&quot;&lt;\script&gt; )">TestCase19_testAuthenticationSuccessLoginTextboxesInputs(<script> "Hello"<\script> , <script> "Hello"<\script> )</a> <!-- method navigator-link -->
                      </span>
                      <br/>
                      <span>
                        <img width="3%" src="failed.png"/>
                        <a href="#" class="method navigator-link" panel-name="suite-Command_line_suite" title="com.orangeHRM.TestNG_login_PageElements" hash-for-method="TestCase19_testAuthenticationSuccessLoginTextboxesInputs(~~~~  #$%, ~~~~  #$%)">TestCase19_testAuthenticationSuccessLoginTextboxesInputs(~~~~  #$%, ~~~~  #$%)</a> <!-- method navigator-link -->
                      </span>
                      <br/>
                      <span>
                        <img width="3%" src="failed.png"/>
                        <a href="#" class="method navigator-link" panel-name="suite-Command_line_suite" title="com.orangeHRM.TestNG_login_PageElements" hash-for-method="TestCase19_testAuthenticationSuccessLoginTextboxesInputs(ABC, ABC)">TestCase19_testAuthenticationSuccessLoginTextboxesInputs(ABC, ABC)</a> <!-- method navigator-link -->
                      </span>
                      <br/>
                      <span>
                        <img width="3%" src="failed.png"/>
                        <a href="#" class="method navigator-link" panel-name="suite-Command_line_suite" title="com.orangeHRM.TestNG_login_PageElements" hash-for-method="TestCase19_testAuthenticationSuccessLoginTextboxesInputs(aBC 12~!@#$, aBC 12~!@#$)">TestCase19_testAuthenticationSuccessLoginTextboxesInputs(aBC 12~!@#$, aBC 12~!@#$)</a> <!-- method navigator-link -->
                      </span>
                      <br/>
                      <span>
                        <img width="3%" src="failed.png"/>
                        <a href="#" class="method navigator-link" panel-name="suite-Command_line_suite" title="com.orangeHRM.TestNG_login_PageElements" hash-for-method="TestCase19_testAuthenticationSuccessLoginTextboxesInputs(abc123, ABc123)">TestCase19_testAuthenticationSuccessLoginTextboxesInputs(abc123, ABc123)</a> <!-- method navigator-link -->
                      </span>
                      <br/>
                      <span>
                        <img width="3%" src="failed.png"/>
                        <a href="#" class="method navigator-link" panel-name="suite-Command_line_suite" title="com.orangeHRM.TestNG_login_PageElements" hash-for-method="TestCase19_testAuthenticationSuccessLoginTextboxesInputs(abc, abc)">TestCase19_testAuthenticationSuccessLoginTextboxesInputs(abc, abc)</a> <!-- method navigator-link -->
                      </span>
                      <br/>
                      <span>
                        <img width="3%" src="failed.png"/>
                        <a href="#" class="method navigator-link" panel-name="suite-Command_line_suite" title="com.orangeHRM.TestNG_login_PageElements" hash-for-method="TestCase19_testAuthenticationSuccessLoginTextboxesInputs(,./&lt;&gt;?234eBFG []\, ,./&lt;&gt;?234eBFG []\)">TestCase19_testAuthenticationSuccessLoginTextboxesInputs(,./<>?234eBFG []\, ,./<>?234eBFG []\)</a> <!-- method navigator-link -->
                      </span>
                      <br/>
                      <span>
                        <img width="3%" src="failed.png"/>
                        <a href="#" class="method navigator-link" panel-name="suite-Command_line_suite" title="com.orangeHRM.TestNG_login_PageElements" hash-for-method="TestCase19_testAuthenticationSuccessLoginTextboxesInputs(123, 123)">TestCase19_testAuthenticationSuccessLoginTextboxesInputs(123, 123)</a> <!-- method navigator-link -->
                      </span>
                      <br/>
                      <span>
                        <img width="3%" src="failed.png"/>
                        <a href="#" class="method navigator-link" panel-name="suite-Command_line_suite" title="com.orangeHRM.TestNG_login_PageElements" hash-for-method="TestCase19_testAuthenticationSuccessLoginTextboxesInputs(!@#$%^&amp;*()_+, !@#$%^&amp;*()_+)">TestCase19_testAuthenticationSuccessLoginTextboxesInputs(!@#$%^&*()_+, !@#$%^&*()_+)</a> <!-- method navigator-link -->
                      </span>
                      <br/>
                    </div> <!-- method-list-content failed suite-Command_line_suite -->
                  </li>
                  <li>
                    <span class="method-list-title passed">Passed methods</span>
                    <span class="show-or-hide-methods passed">
                      <a href="#" panel-name="suite-Command_line_suite" class="hide-methods passed suite-Command_line_suite"> (hide)</a> <!-- hide-methods passed suite-Command_line_suite -->
                      <a href="#" panel-name="suite-Command_line_suite" class="show-methods passed suite-Command_line_suite"> (show)</a> <!-- show-methods passed suite-Command_line_suite -->
                    </span>
                    <div class="method-list-content passed suite-Command_line_suite">
                      <span>
                        <img width="3%" src="passed.png"/>
                        <a href="#" class="method navigator-link" panel-name="suite-Command_line_suite" title="com.orangeHRM.TestNG_AboutUs_PageElements" hash-for-method="TestCase01_testAuthenticationSuccessAboutMenuPopUpPresent">TestCase01_testAuthenticationSuccessAboutMenuPopUpPresent</a> <!-- method navigator-link -->
                      </span>
                      <br/>
                      <span>
                        <img width="3%" src="passed.png"/>
                        <a href="#" class="method navigator-link" panel-name="suite-Command_line_suite" title="com.orangeHRM.TestNG_ChangePassword" hash-for-method="TestCase01_testAuthenticationSuccessPageRedirectionChangePassword">TestCase01_testAuthenticationSuccessPageRedirectionChangePassword</a> <!-- method navigator-link -->
                      </span>
                      <br/>
                      <span>
                        <img width="3%" src="passed.png"/>
                        <a href="#" class="method navigator-link" panel-name="suite-Command_line_suite" title="com.orangeHRM.TestNG_ChangePassword_PageElements" hash-for-method="TestCase01_testAuthenticationSuccessPageRedirectionChangePassword">TestCase01_testAuthenticationSuccessPageRedirectionChangePassword</a> <!-- method navigator-link -->
                      </span>
                      <br/>
                      <span>
                        <img width="3%" src="passed.png"/>
                        <a href="#" class="method navigator-link" panel-name="suite-Command_line_suite" title="com.orangeHRM.TestNG_WelcomeAdmin_PageElements" hash-for-method="TestCase01_testAuthenticationSuccessWelcomeAdminLinkPresent">TestCase01_testAuthenticationSuccessWelcomeAdminLinkPresent</a> <!-- method navigator-link -->
                      </span>
                      <br/>
                      <span>
                        <img width="3%" src="passed.png"/>
                        <a href="#" class="method navigator-link" panel-name="suite-Command_line_suite" title="com.orangeHRM.TestNG_login" hash-for-method="TestCase01_testAuthenticationSuccessWhenProvidingCorrectUsernameAndPassword">TestCase01_testAuthenticationSuccessWhenProvidingCorrectUsernameAndPassword</a> <!-- method navigator-link -->
                      </span>
                      <br/>
                      <span>
                        <img width="3%" src="passed.png"/>
                        <a href="#" class="method navigator-link" panel-name="suite-Command_line_suite" title="com.orangeHRM.TestNG_WelcomeAdmin_PageElements" hash-for-method="TestCase02_testAuthenticationSuccessAboutMenuPresent">TestCase02_testAuthenticationSuccessAboutMenuPresent</a> <!-- method navigator-link -->
                      </span>
                      <br/>
                      <span>
                        <img width="3%" src="passed.png"/>
                        <a href="#" class="method navigator-link" panel-name="suite-Command_line_suite" title="com.orangeHRM.TestNG_login" hash-for-method="TestCase02_testAuthenticationSuccessDashboardRedirection">TestCase02_testAuthenticationSuccessDashboardRedirection</a> <!-- method navigator-link -->
                      </span>
                      <br/>
                      <span>
                        <img width="3%" src="passed.png"/>
                        <a href="#" class="method navigator-link" panel-name="suite-Command_line_suite" title="com.orangeHRM.TestNG_ChangePassword_PageElements" hash-for-method="TestCase02_testAuthenticationSuccessFormLabelsVisible">TestCase02_testAuthenticationSuccessFormLabelsVisible</a> <!-- method navigator-link -->
                      </span>
                      <br/>
                      <span>
                        <img width="3%" src="passed.png"/>
                        <a href="#" class="method navigator-link" panel-name="suite-Command_line_suite" title="com.orangeHRM.TestNG_ChangePassword" hash-for-method="TestCase02_testAuthenticationSuccessFormLabelsVisible">TestCase02_testAuthenticationSuccessFormLabelsVisible</a> <!-- method navigator-link -->
                      </span>
                      <br/>
                      <span>
                        <img width="3%" src="passed.png"/>
                        <a href="#" class="method navigator-link" panel-name="suite-Command_line_suite" title="com.orangeHRM.TestNG_AboutUs_PageElements" hash-for-method="TestCase02_testAuthenticationSuccessLabelPresent">TestCase02_testAuthenticationSuccessLabelPresent</a> <!-- method navigator-link -->
                      </span>
                      <br/>
                      <span>
                        <img width="3%" src="passed.png"/>
                        <a href="#" class="method navigator-link" panel-name="suite-Command_line_suite" title="com.orangeHRM.TestNG_login" hash-for-method="TestCase03_testAuthenticationFailedWhenProvidingIncorrectUsername">TestCase03_testAuthenticationFailedWhenProvidingIncorrectUsername</a> <!-- method navigator-link -->
                      </span>
                      <br/>
                      <span>
                        <img width="3%" src="passed.png"/>
                        <a href="#" class="method navigator-link" panel-name="suite-Command_line_suite" title="com.orangeHRM.TestNG_WelcomeAdmin_PageElements" hash-for-method="TestCase03_testAuthenticationSuccessChangePasswordMenuPresent">TestCase03_testAuthenticationSuccessChangePasswordMenuPresent</a> <!-- method navigator-link -->
                      </span>
                      <br/>
                      <span>
                        <img width="3%" src="passed.png"/>
                        <a href="#" class="method navigator-link" panel-name="suite-Command_line_suite" title="com.orangeHRM.TestNG_ChangePassword" hash-for-method="TestCase03_testAuthenticationSuccessEditCancelButtonsVisibleDefault">TestCase03_testAuthenticationSuccessEditCancelButtonsVisibleDefault</a> <!-- method navigator-link -->
                      </span>
                      <br/>
                      <span>
                        <img width="3%" src="passed.png"/>
                        <a href="#" class="method navigator-link" panel-name="suite-Command_line_suite" title="com.orangeHRM.TestNG_ChangePassword_PageElements" hash-for-method="TestCase03_testAuthenticationSuccessEditCancelButtonsVisibleDefault">TestCase03_testAuthenticationSuccessEditCancelButtonsVisibleDefault</a> <!-- method navigator-link -->
                      </span>
                      <br/>
                      <span>
                        <img width="3%" src="passed.png"/>
                        <a href="#" class="method navigator-link" panel-name="suite-Command_line_suite" title="com.orangeHRM.TestNG_login" hash-for-method="TestCase04_testAuthenticationFailedWhenProvidingIncorrectPassword">TestCase04_testAuthenticationFailedWhenProvidingIncorrectPassword</a> <!-- method navigator-link -->
                      </span>
                      <br/>
                      <span>
                        <img width="3%" src="passed.png"/>
                        <a href="#" class="method navigator-link" panel-name="suite-Command_line_suite" title="com.orangeHRM.TestNG_WelcomeAdmin_PageElements" hash-for-method="TestCase04_testAuthenticationSuccessLogoutMenuPresent">TestCase04_testAuthenticationSuccessLogoutMenuPresent</a> <!-- method navigator-link -->
                      </span>
                      <br/>
                      <span>
                        <img width="3%" src="passed.png"/>
                        <a href="#" class="method navigator-link" panel-name="suite-Command_line_suite" title="com.orangeHRM.TestNG_login" hash-for-method="TestCase05_testAuthenticationFailedWhenProvidingIncorrectUsernameAndPassword">TestCase05_testAuthenticationFailedWhenProvidingIncorrectUsernameAndPassword</a> <!-- method navigator-link -->
                      </span>
                      <br/>
                      <span>
                        <img width="3%" src="passed.png"/>
                        <a href="#" class="method navigator-link" panel-name="suite-Command_line_suite" title="com.orangeHRM.TestNG_login" hash-for-method="TestCase06_testAuthenticationFailedEmptyUsername">TestCase06_testAuthenticationFailedEmptyUsername</a> <!-- method navigator-link -->
                      </span>
                      <br/>
                      <span>
                        <img width="3%" src="passed.png"/>
                        <a href="#" class="method navigator-link" panel-name="suite-Command_line_suite" title="com.orangeHRM.TestNG_ChangePassword" hash-for-method="TestCase06_testAuthenticationSuccessTexBoxesMaxLength">TestCase06_testAuthenticationSuccessTexBoxesMaxLength</a> <!-- method navigator-link -->
                      </span>
                      <br/>
                      <span>
                        <img width="3%" src="passed.png"/>
                        <a href="#" class="method navigator-link" panel-name="suite-Command_line_suite" title="com.orangeHRM.TestNG_ChangePassword_PageElements" hash-for-method="TestCase06_testAuthenticationSuccessTexBoxesMaxLength">TestCase06_testAuthenticationSuccessTexBoxesMaxLength</a> <!-- method navigator-link -->
                      </span>
                      <br/>
                      <span>
                        <img width="3%" src="passed.png"/>
                        <a href="#" class="method navigator-link" panel-name="suite-Command_line_suite" title="com.orangeHRM.TestNG_login" hash-for-method="TestCase07_testAuthenticationFailedEmptyUsernameAndPassword">TestCase07_testAuthenticationFailedEmptyUsernameAndPassword</a> <!-- method navigator-link -->
                      </span>
                      <br/>
                      <span>
                        <img width="3%" src="passed.png"/>
                        <a href="#" class="method navigator-link" panel-name="suite-Command_line_suite" title="com.orangeHRM.TestNG_ChangePassword_PageElements" hash-for-method="TestCase07_testAuthenticationSuccessTexBoxesMinLength">TestCase07_testAuthenticationSuccessTexBoxesMinLength</a> <!-- method navigator-link -->
                      </span>
                      <br/>
                      <span>
                        <img width="3%" src="passed.png"/>
                        <a href="#" class="method navigator-link" panel-name="suite-Command_line_suite" title="com.orangeHRM.TestNG_ChangePassword" hash-for-method="TestCase07_testAuthenticationSuccessTexBoxesMinLength">TestCase07_testAuthenticationSuccessTexBoxesMinLength</a> <!-- method navigator-link -->
                      </span>
                      <br/>
                      <span>
                        <img width="3%" src="passed.png"/>
                        <a href="#" class="method navigator-link" panel-name="suite-Command_line_suite" title="com.orangeHRM.TestNG_login" hash-for-method="TestCase08_testAuthenticationFailedEmptyPassword">TestCase08_testAuthenticationFailedEmptyPassword</a> <!-- method navigator-link -->
                      </span>
                      <br/>
                      <span>
                        <img width="3%" src="passed.png"/>
                        <a href="#" class="method navigator-link" panel-name="suite-Command_line_suite" title="com.orangeHRM.TestNG_ChangePassword_PageElements" hash-for-method="TestCase08_testAuthenticationSuccessRedirectionOrangeHRMLink">TestCase08_testAuthenticationSuccessRedirectionOrangeHRMLink</a> <!-- method navigator-link -->
                      </span>
                      <br/>
                      <span>
                        <img width="3%" src="passed.png"/>
                        <a href="#" class="method navigator-link" panel-name="suite-Command_line_suite" title="com.orangeHRM.TestNG_ChangePassword" hash-for-method="TestCase08_testAuthenticationSuccessRedirectionOrangeHRMLink">TestCase08_testAuthenticationSuccessRedirectionOrangeHRMLink</a> <!-- method navigator-link -->
                      </span>
                      <br/>
                      <span>
                        <img width="3%" src="passed.png"/>
                        <a href="#" class="method navigator-link" panel-name="suite-Command_line_suite" title="com.orangeHRM.TestNG_ChangePassword_PageElements" hash-for-method="TestCase09_testAuthenticationSuccessFooterContent">TestCase09_testAuthenticationSuccessFooterContent</a> <!-- method navigator-link -->
                      </span>
                      <br/>
                      <span>
                        <img width="3%" src="passed.png"/>
                        <a href="#" class="method navigator-link" panel-name="suite-Command_line_suite" title="com.orangeHRM.TestNG_ChangePassword" hash-for-method="TestCase09_testAuthenticationSuccessFooterContent">TestCase09_testAuthenticationSuccessFooterContent</a> <!-- method navigator-link -->
                      </span>
                      <br/>
                      <span>
                        <img width="3%" src="passed.png"/>
                        <a href="#" class="method navigator-link" panel-name="suite-Command_line_suite" title="com.orangeHRM.TestNG_ChangePassword" hash-for-method="TestCase10_testAuthenticationSuccessFormContent">TestCase10_testAuthenticationSuccessFormContent</a> <!-- method navigator-link -->
                      </span>
                      <br/>
                      <span>
                        <img width="3%" src="passed.png"/>
                        <a href="#" class="method navigator-link" panel-name="suite-Command_line_suite" title="com.orangeHRM.TestNG_ChangePassword_PageElements" hash-for-method="TestCase10_testAuthenticationSuccessFormContent">TestCase10_testAuthenticationSuccessFormContent</a> <!-- method navigator-link -->
                      </span>
                      <br/>
                      <span>
                        <img width="3%" src="passed.png"/>
                        <a href="#" class="method navigator-link" panel-name="suite-Command_line_suite" title="com.orangeHRM.TestNG_login" hash-for-method="TestCase10_testAuthenticationSuccessLinkedInSocialsRedirection">TestCase10_testAuthenticationSuccessLinkedInSocialsRedirection</a> <!-- method navigator-link -->
                      </span>
                      <br/>
                      <span>
                        <img width="3%" src="passed.png"/>
                        <a href="#" class="method navigator-link" panel-name="suite-Command_line_suite" title="com.orangeHRM.TestNG_login" hash-for-method="TestCase11_testAuthenticationSuccessFacebookSocialsRedirection">TestCase11_testAuthenticationSuccessFacebookSocialsRedirection</a> <!-- method navigator-link -->
                      </span>
                      <br/>
                      <span>
                        <img width="3%" src="passed.png"/>
                        <a href="#" class="method navigator-link" panel-name="suite-Command_line_suite" title="com.orangeHRM.TestNG_login" hash-for-method="TestCase12_testAuthenticationSuccessTwitterSocialsRedirection">TestCase12_testAuthenticationSuccessTwitterSocialsRedirection</a> <!-- method navigator-link -->
                      </span>
                      <br/>
                      <span>
                        <img width="3%" src="passed.png"/>
                        <a href="#" class="method navigator-link" panel-name="suite-Command_line_suite" title="com.orangeHRM.TestNG_login" hash-for-method="TestCase13_testAuthenticationSuccessYoutubeSocialsRedirection">TestCase13_testAuthenticationSuccessYoutubeSocialsRedirection</a> <!-- method navigator-link -->
                      </span>
                      <br/>
                      <span>
                        <img width="3%" src="passed.png"/>
                        <a href="#" class="method navigator-link" panel-name="suite-Command_line_suite" title="com.orangeHRM.TestNG_login" hash-for-method="TestCase14_testAuthenticationSuccessOpenIdVisible">TestCase14_testAuthenticationSuccessOpenIdVisible</a> <!-- method navigator-link -->
                      </span>
                      <br/>
                      <span>
                        <img width="3%" src="passed.png"/>
                        <a href="#" class="method navigator-link" panel-name="suite-Command_line_suite" title="com.orangeHRM.TestNG_login" hash-for-method="TestCase15_testAuthenticationSuccessLoginButtonsVisible">TestCase15_testAuthenticationSuccessLoginButtonsVisible</a> <!-- method navigator-link -->
                      </span>
                      <br/>
                      <span>
                        <img width="3%" src="passed.png"/>
                        <a href="#" class="method navigator-link" panel-name="suite-Command_line_suite" title="com.orangeHRM.TestNG_login" hash-for-method="TestCase16_testAuthenticationSuccessLoginButtonsEnabled">TestCase16_testAuthenticationSuccessLoginButtonsEnabled</a> <!-- method navigator-link -->
                      </span>
                      <br/>
                      <span>
                        <img width="3%" src="passed.png"/>
                        <a href="#" class="method navigator-link" panel-name="suite-Command_line_suite" title="com.orangeHRM.TestNG_login" hash-for-method="TestCase17_testAuthenticationSuccessProviderdropdown">TestCase17_testAuthenticationSuccessProviderdropdown</a> <!-- method navigator-link -->
                      </span>
                      <br/>
                      <span>
                        <img width="3%" src="passed.png"/>
                        <a href="#" class="method navigator-link" panel-name="suite-Command_line_suite" title="com.orangeHRM.TestNG_login" hash-for-method="TestCase18_testAuthenticationSuccessPlacholders">TestCase18_testAuthenticationSuccessPlacholders</a> <!-- method navigator-link -->
                      </span>
                      <br/>
                      <span>
                        <img width="3%" src="passed.png"/>
                        <a href="#" class="method navigator-link" panel-name="suite-Command_line_suite" title="com.orangeHRM.TestNG_login" hash-for-method="TestCase19_testAuthenticationSuccessLoginTextboxesInputs(aBC 12~!@#$, aBC 12~!@#$)">TestCase19_testAuthenticationSuccessLoginTextboxesInputs(aBC 12~!@#$, aBC 12~!@#$)</a> <!-- method navigator-link -->
                      </span>
                      <br/>
                      <span>
                        <img width="3%" src="passed.png"/>
                        <a href="#" class="method navigator-link" panel-name="suite-Command_line_suite" title="com.orangeHRM.TestNG_login" hash-for-method="TestCase19_testAuthenticationSuccessLoginTextboxesInputs(&lt;script&gt; &quot;Hello&quot;&lt;\script&gt; , &lt;script&gt; &quot;Hello&quot;&lt;\script&gt; )">TestCase19_testAuthenticationSuccessLoginTextboxesInputs(<script> "Hello"<\script> , <script> "Hello"<\script> )</a> <!-- method navigator-link -->
                      </span>
                      <br/>
                      <span>
                        <img width="3%" src="passed.png"/>
                        <a href="#" class="method navigator-link" panel-name="suite-Command_line_suite" title="com.orangeHRM.TestNG_login" hash-for-method="TestCase19_testAuthenticationSuccessLoginTextboxesInputs(abc123, ABc123)">TestCase19_testAuthenticationSuccessLoginTextboxesInputs(abc123, ABc123)</a> <!-- method navigator-link -->
                      </span>
                      <br/>
                      <span>
                        <img width="3%" src="passed.png"/>
                        <a href="#" class="method navigator-link" panel-name="suite-Command_line_suite" title="com.orangeHRM.TestNG_login" hash-for-method="TestCase19_testAuthenticationSuccessLoginTextboxesInputs(!@#$%^&amp;*()_+, !@#$%^&amp;*()_+)">TestCase19_testAuthenticationSuccessLoginTextboxesInputs(!@#$%^&*()_+, !@#$%^&*()_+)</a> <!-- method navigator-link -->
                      </span>
                      <br/>
                      <span>
                        <img width="3%" src="passed.png"/>
                        <a href="#" class="method navigator-link" panel-name="suite-Command_line_suite" title="com.orangeHRM.TestNG_login" hash-for-method="TestCase19_testAuthenticationSuccessLoginTextboxesInputs(123, 123)">TestCase19_testAuthenticationSuccessLoginTextboxesInputs(123, 123)</a> <!-- method navigator-link -->
                      </span>
                      <br/>
                      <span>
                        <img width="3%" src="passed.png"/>
                        <a href="#" class="method navigator-link" panel-name="suite-Command_line_suite" title="com.orangeHRM.TestNG_login" hash-for-method="TestCase19_testAuthenticationSuccessLoginTextboxesInputs(ABC, ABC)">TestCase19_testAuthenticationSuccessLoginTextboxesInputs(ABC, ABC)</a> <!-- method navigator-link -->
                      </span>
                      <br/>
                      <span>
                        <img width="3%" src="passed.png"/>
                        <a href="#" class="method navigator-link" panel-name="suite-Command_line_suite" title="com.orangeHRM.TestNG_login" hash-for-method="TestCase19_testAuthenticationSuccessLoginTextboxesInputs(abc, abc)">TestCase19_testAuthenticationSuccessLoginTextboxesInputs(abc, abc)</a> <!-- method navigator-link -->
                      </span>
                      <br/>
                      <span>
                        <img width="3%" src="passed.png"/>
                        <a href="#" class="method navigator-link" panel-name="suite-Command_line_suite" title="com.orangeHRM.TestNG_login" hash-for-method="TestCase19_testAuthenticationSuccessLoginTextboxesInputs(~~~~  #$%, ~~~~  #$%)">TestCase19_testAuthenticationSuccessLoginTextboxesInputs(~~~~  #$%, ~~~~  #$%)</a> <!-- method navigator-link -->
                      </span>
                      <br/>
                      <span>
                        <img width="3%" src="passed.png"/>
                        <a href="#" class="method navigator-link" panel-name="suite-Command_line_suite" title="com.orangeHRM.TestNG_login" hash-for-method="TestCase19_testAuthenticationSuccessLoginTextboxesInputs(,./&lt;&gt;?234eBFG []\, ,./&lt;&gt;?234eBFG []\)">TestCase19_testAuthenticationSuccessLoginTextboxesInputs(,./<>?234eBFG []\, ,./<>?234eBFG []\)</a> <!-- method navigator-link -->
                      </span>
                      <br/>
                    </div> <!-- method-list-content passed suite-Command_line_suite -->
                  </li>
                </ul>
              </div> <!-- suite-section-content -->
            </div> <!-- result-section -->
          </div> <!-- navigator-suite-content -->
        </div> <!-- rounded-window -->
      </div> <!-- suite -->
    </div> <!-- navigator-root -->
    <div class="wrapper">
      <div class="main-panel-root">
        <div panel-name="suite-Command_line_suite" class="panel Command_line_suite">
          <div class="suite-Command_line_suite-class-failed">
            <div class="main-panel-header rounded-window-top">
              <img src="failed.png"/>
              <span class="class-name">com.orangeHRM.TestNG_login_PageElements</span>
            </div> <!-- main-panel-header rounded-window-top -->
            <div class="main-panel-content rounded-window-bottom">
              <div class="method">
                <div class="method-content">
                  <a name="TestCase01_testAuthenticationSuccessWhenProvidingCorrectUsernameAndPassword">
                  </a> <!-- TestCase01_testAuthenticationSuccessWhenProvidingCorrectUsernameAndPassword -->
                  <span class="method-name">TestCase01_testAuthenticationSuccessWhenProvidingCorrectUsernameAndPassword</span>
                  <div class="stack-trace">org.openqa.selenium.WebDriverException: chrome not reachable
  (Session info: chrome=72.0.3626.121)
  (Driver info: chromedriver=2.46.628402 (536cd7adbad73a3783fdc2cab92ab2ba7ec361e1),platform=Windows NT 10.0.17134 x86_64) (WARNING: The server did not provide any stacktrace information)
Command duration or timeout: 0 milliseconds
Build info: version: &apos;3.141.59&apos;, revision: &apos;e82be7d358&apos;, time: &apos;2018-11-14T08:17:03&apos;
System info: host: &apos;DELL&apos;, ip: &apos;10.81.168.53&apos;, os.name: &apos;Windows 10&apos;, os.arch: &apos;amd64&apos;, os.version: &apos;10.0&apos;, java.version: &apos;1.8.0_201&apos;
Driver info: org.openqa.selenium.chrome.ChromeDriver
Capabilities {acceptInsecureCerts: false, acceptSslCerts: false, applicationCacheEnabled: false, browserConnectionEnabled: false, browserName: chrome, chrome: {chromedriverVersion: 2.46.628402 (536cd7adbad73a..., userDataDir: C:\Users\ABEGAI~1\AppData\L...}, cssSelectorsEnabled: true, databaseEnabled: false, goog:chromeOptions: {debuggerAddress: localhost:60481}, handlesAlerts: true, hasTouchScreen: false, javascriptEnabled: true, locationContextEnabled: true, mobileEmulationEnabled: false, nativeEvents: true, networkConnectionEnabled: false, pageLoadStrategy: normal, platform: XP, platformName: XP, proxy: Proxy(), rotatable: false, setWindowRect: true, strictFileInteractability: false, takesHeapSnapshot: true, takesScreenshot: true, timeouts: {implicit: 0, pageLoad: 300000, script: 30000}, unexpectedAlertBehaviour: ignore, unhandledPromptBehavior: ignore, version: 72.0.3626.121, webStorageEnabled: true}
Session ID: f7a26864d4af60e86d1073bd0bbd0db2
	at org.openqa.selenium.remote.ErrorHandler.createThrowable(ErrorHandler.java:214)
	at org.openqa.selenium.remote.ErrorHandler.throwIfResponseFailed(ErrorHandler.java:166)
	at org.openqa.selenium.remote.http.JsonHttpResponseCodec.reconstructValue(JsonHttpResponseCodec.java:40)
	at org.openqa.selenium.remote.http.AbstractHttpResponseCodec.decode(AbstractHttpResponseCodec.java:80)
	at org.openqa.selenium.remote.http.AbstractHttpResponseCodec.decode(AbstractHttpResponseCodec.java:44)
	at org.openqa.selenium.remote.HttpCommandExecutor.execute(HttpCommandExecutor.java:158)
	at org.openqa.selenium.remote.service.DriverCommandExecutor.execute(DriverCommandExecutor.java:83)
	at org.openqa.selenium.remote.RemoteWebDriver.execute(RemoteWebDriver.java:552)
	at org.openqa.selenium.remote.RemoteWebDriver.execute(RemoteWebDriver.java:609)
	at org.openqa.selenium.remote.RemoteWebDriver$RemoteNavigation.back(RemoteWebDriver.java:849)
	at com.orangeHRM.TestNG_login.TestCase01_testAuthenticationSuccessWhenProvidingCorrectUsernameAndPassword(TestNG_login.java:45)
... Removed 39 stack frames
</div> <!-- stack-trace -->
                </div> <!-- method-content -->
              </div> <!-- method -->
              <div class="method">
                <div class="method-content">
                  <a name="TestCase02_testAuthenticationSuccessDashboardRedirection">
                  </a> <!-- TestCase02_testAuthenticationSuccessDashboardRedirection -->
                  <span class="method-name">TestCase02_testAuthenticationSuccessDashboardRedirection</span>
                  <div class="stack-trace">org.openqa.selenium.WebDriverException: chrome not reachable
  (Session info: chrome=72.0.3626.121)
  (Driver info: chromedriver=2.46.628402 (536cd7adbad73a3783fdc2cab92ab2ba7ec361e1),platform=Windows NT 10.0.17134 x86_64) (WARNING: The server did not provide any stacktrace information)
Command duration or timeout: 0 milliseconds
Build info: version: &apos;3.141.59&apos;, revision: &apos;e82be7d358&apos;, time: &apos;2018-11-14T08:17:03&apos;
System info: host: &apos;DELL&apos;, ip: &apos;10.81.168.53&apos;, os.name: &apos;Windows 10&apos;, os.arch: &apos;amd64&apos;, os.version: &apos;10.0&apos;, java.version: &apos;1.8.0_201&apos;
Driver info: org.openqa.selenium.chrome.ChromeDriver
Capabilities {acceptInsecureCerts: false, acceptSslCerts: false, applicationCacheEnabled: false, browserConnectionEnabled: false, browserName: chrome, chrome: {chromedriverVersion: 2.46.628402 (536cd7adbad73a..., userDataDir: C:\Users\ABEGAI~1\AppData\L...}, cssSelectorsEnabled: true, databaseEnabled: false, goog:chromeOptions: {debuggerAddress: localhost:60481}, handlesAlerts: true, hasTouchScreen: false, javascriptEnabled: true, locationContextEnabled: true, mobileEmulationEnabled: false, nativeEvents: true, networkConnectionEnabled: false, pageLoadStrategy: normal, platform: XP, platformName: XP, proxy: Proxy(), rotatable: false, setWindowRect: true, strictFileInteractability: false, takesHeapSnapshot: true, takesScreenshot: true, timeouts: {implicit: 0, pageLoad: 300000, script: 30000}, unexpectedAlertBehaviour: ignore, unhandledPromptBehavior: ignore, version: 72.0.3626.121, webStorageEnabled: true}
Session ID: f7a26864d4af60e86d1073bd0bbd0db2
*** Element info: {Using=xpath, value=//input[@name=&apos;txtUsername&apos; and @id=&apos;txtUsername&apos;]}
	at org.openqa.selenium.remote.ErrorHandler.createThrowable(ErrorHandler.java:214)
	at org.openqa.selenium.remote.ErrorHandler.throwIfResponseFailed(ErrorHandler.java:166)
	at org.openqa.selenium.remote.http.JsonHttpResponseCodec.reconstructValue(JsonHttpResponseCodec.java:40)
	at org.openqa.selenium.remote.http.AbstractHttpResponseCodec.decode(AbstractHttpResponseCodec.java:80)
	at org.openqa.selenium.remote.http.AbstractHttpResponseCodec.decode(AbstractHttpResponseCodec.java:44)
	at org.openqa.selenium.remote.HttpCommandExecutor.execute(HttpCommandExecutor.java:158)
	at org.openqa.selenium.remote.service.DriverCommandExecutor.execute(DriverCommandExecutor.java:83)
	at org.openqa.selenium.remote.RemoteWebDriver.execute(RemoteWebDriver.java:552)
	at org.openqa.selenium.remote.RemoteWebDriver.findElement(RemoteWebDriver.java:323)
	at org.openqa.selenium.remote.RemoteWebDriver.findElementByXPath(RemoteWebDriver.java:428)
	at org.openqa.selenium.By$ByXPath.findElement(By.java:353)
	at org.openqa.selenium.remote.RemoteWebDriver.findElement(RemoteWebDriver.java:315)
	at testClasses.GenericMethods.getElement(GenericMethods.java:24)
	at com.orangeHRM.TestNG_login_PageElements.usernameTextBox(TestNG_login_PageElements.java:12)
	at com.orangeHRM.TestNG_login.TestCase02_testAuthenticationSuccessDashboardRedirection(TestNG_login.java:54)
... Removed 39 stack frames
</div> <!-- stack-trace -->
                </div> <!-- method-content -->
              </div> <!-- method -->
              <div class="method">
                <div class="method-content">
                  <a name="TestCase03_testAuthenticationFailedWhenProvidingIncorrectUsername">
                  </a> <!-- TestCase03_testAuthenticationFailedWhenProvidingIncorrectUsername -->
                  <span class="method-name">TestCase03_testAuthenticationFailedWhenProvidingIncorrectUsername</span>
                  <div class="stack-trace">org.openqa.selenium.WebDriverException: chrome not reachable
  (Session info: chrome=72.0.3626.121)
  (Driver info: chromedriver=2.46.628402 (536cd7adbad73a3783fdc2cab92ab2ba7ec361e1),platform=Windows NT 10.0.17134 x86_64) (WARNING: The server did not provide any stacktrace information)
Command duration or timeout: 0 milliseconds
Build info: version: &apos;3.141.59&apos;, revision: &apos;e82be7d358&apos;, time: &apos;2018-11-14T08:17:03&apos;
System info: host: &apos;DELL&apos;, ip: &apos;10.81.168.53&apos;, os.name: &apos;Windows 10&apos;, os.arch: &apos;amd64&apos;, os.version: &apos;10.0&apos;, java.version: &apos;1.8.0_201&apos;
Driver info: org.openqa.selenium.chrome.ChromeDriver
Capabilities {acceptInsecureCerts: false, acceptSslCerts: false, applicationCacheEnabled: false, browserConnectionEnabled: false, browserName: chrome, chrome: {chromedriverVersion: 2.46.628402 (536cd7adbad73a..., userDataDir: C:\Users\ABEGAI~1\AppData\L...}, cssSelectorsEnabled: true, databaseEnabled: false, goog:chromeOptions: {debuggerAddress: localhost:60481}, handlesAlerts: true, hasTouchScreen: false, javascriptEnabled: true, locationContextEnabled: true, mobileEmulationEnabled: false, nativeEvents: true, networkConnectionEnabled: false, pageLoadStrategy: normal, platform: XP, platformName: XP, proxy: Proxy(), rotatable: false, setWindowRect: true, strictFileInteractability: false, takesHeapSnapshot: true, takesScreenshot: true, timeouts: {implicit: 0, pageLoad: 300000, script: 30000}, unexpectedAlertBehaviour: ignore, unhandledPromptBehavior: ignore, version: 72.0.3626.121, webStorageEnabled: true}
Session ID: f7a26864d4af60e86d1073bd0bbd0db2
*** Element info: {Using=xpath, value=//input[@name=&apos;txtUsername&apos; and @id=&apos;txtUsername&apos;]}
	at org.openqa.selenium.remote.ErrorHandler.createThrowable(ErrorHandler.java:214)
	at org.openqa.selenium.remote.ErrorHandler.throwIfResponseFailed(ErrorHandler.java:166)
	at org.openqa.selenium.remote.http.JsonHttpResponseCodec.reconstructValue(JsonHttpResponseCodec.java:40)
	at org.openqa.selenium.remote.http.AbstractHttpResponseCodec.decode(AbstractHttpResponseCodec.java:80)
	at org.openqa.selenium.remote.http.AbstractHttpResponseCodec.decode(AbstractHttpResponseCodec.java:44)
	at org.openqa.selenium.remote.HttpCommandExecutor.execute(HttpCommandExecutor.java:158)
	at org.openqa.selenium.remote.service.DriverCommandExecutor.execute(DriverCommandExecutor.java:83)
	at org.openqa.selenium.remote.RemoteWebDriver.execute(RemoteWebDriver.java:552)
	at org.openqa.selenium.remote.RemoteWebDriver.findElement(RemoteWebDriver.java:323)
	at org.openqa.selenium.remote.RemoteWebDriver.findElementByXPath(RemoteWebDriver.java:428)
	at org.openqa.selenium.By$ByXPath.findElement(By.java:353)
	at org.openqa.selenium.remote.RemoteWebDriver.findElement(RemoteWebDriver.java:315)
	at testClasses.GenericMethods.getElement(GenericMethods.java:24)
	at com.orangeHRM.TestNG_login_PageElements.usernameTextBox(TestNG_login_PageElements.java:12)
	at com.orangeHRM.TestNG_login.TestCase03_testAuthenticationFailedWhenProvidingIncorrectUsername(TestNG_login.java:76)
... Removed 39 stack frames
</div> <!-- stack-trace -->
                </div> <!-- method-content -->
              </div> <!-- method -->
              <div class="method">
                <div class="method-content">
                  <a name="TestCase04_testAuthenticationFailedWhenProvidingIncorrectPassword">
                  </a> <!-- TestCase04_testAuthenticationFailedWhenProvidingIncorrectPassword -->
                  <span class="method-name">TestCase04_testAuthenticationFailedWhenProvidingIncorrectPassword</span>
                  <div class="stack-trace">org.openqa.selenium.WebDriverException: chrome not reachable
  (Session info: chrome=72.0.3626.121)
  (Driver info: chromedriver=2.46.628402 (536cd7adbad73a3783fdc2cab92ab2ba7ec361e1),platform=Windows NT 10.0.17134 x86_64) (WARNING: The server did not provide any stacktrace information)
Command duration or timeout: 0 milliseconds
Build info: version: &apos;3.141.59&apos;, revision: &apos;e82be7d358&apos;, time: &apos;2018-11-14T08:17:03&apos;
System info: host: &apos;DELL&apos;, ip: &apos;10.81.168.53&apos;, os.name: &apos;Windows 10&apos;, os.arch: &apos;amd64&apos;, os.version: &apos;10.0&apos;, java.version: &apos;1.8.0_201&apos;
Driver info: org.openqa.selenium.chrome.ChromeDriver
Capabilities {acceptInsecureCerts: false, acceptSslCerts: false, applicationCacheEnabled: false, browserConnectionEnabled: false, browserName: chrome, chrome: {chromedriverVersion: 2.46.628402 (536cd7adbad73a..., userDataDir: C:\Users\ABEGAI~1\AppData\L...}, cssSelectorsEnabled: true, databaseEnabled: false, goog:chromeOptions: {debuggerAddress: localhost:60481}, handlesAlerts: true, hasTouchScreen: false, javascriptEnabled: true, locationContextEnabled: true, mobileEmulationEnabled: false, nativeEvents: true, networkConnectionEnabled: false, pageLoadStrategy: normal, platform: XP, platformName: XP, proxy: Proxy(), rotatable: false, setWindowRect: true, strictFileInteractability: false, takesHeapSnapshot: true, takesScreenshot: true, timeouts: {implicit: 0, pageLoad: 300000, script: 30000}, unexpectedAlertBehaviour: ignore, unhandledPromptBehavior: ignore, version: 72.0.3626.121, webStorageEnabled: true}
Session ID: f7a26864d4af60e86d1073bd0bbd0db2
*** Element info: {Using=xpath, value=//input[@name=&apos;txtUsername&apos; and @id=&apos;txtUsername&apos;]}
	at org.openqa.selenium.remote.ErrorHandler.createThrowable(ErrorHandler.java:214)
	at org.openqa.selenium.remote.ErrorHandler.throwIfResponseFailed(ErrorHandler.java:166)
	at org.openqa.selenium.remote.http.JsonHttpResponseCodec.reconstructValue(JsonHttpResponseCodec.java:40)
	at org.openqa.selenium.remote.http.AbstractHttpResponseCodec.decode(AbstractHttpResponseCodec.java:80)
	at org.openqa.selenium.remote.http.AbstractHttpResponseCodec.decode(AbstractHttpResponseCodec.java:44)
	at org.openqa.selenium.remote.HttpCommandExecutor.execute(HttpCommandExecutor.java:158)
	at org.openqa.selenium.remote.service.DriverCommandExecutor.execute(DriverCommandExecutor.java:83)
	at org.openqa.selenium.remote.RemoteWebDriver.execute(RemoteWebDriver.java:552)
	at org.openqa.selenium.remote.RemoteWebDriver.findElement(RemoteWebDriver.java:323)
	at org.openqa.selenium.remote.RemoteWebDriver.findElementByXPath(RemoteWebDriver.java:428)
	at org.openqa.selenium.By$ByXPath.findElement(By.java:353)
	at org.openqa.selenium.remote.RemoteWebDriver.findElement(RemoteWebDriver.java:315)
	at testClasses.GenericMethods.getElement(GenericMethods.java:24)
	at com.orangeHRM.TestNG_login_PageElements.usernameTextBox(TestNG_login_PageElements.java:12)
	at com.orangeHRM.TestNG_login.TestCase04_testAuthenticationFailedWhenProvidingIncorrectPassword(TestNG_login.java:98)
... Removed 39 stack frames
</div> <!-- stack-trace -->
                </div> <!-- method-content -->
              </div> <!-- method -->
              <div class="method">
                <div class="method-content">
                  <a name="TestCase05_testAuthenticationFailedWhenProvidingIncorrectUsernameAndPassword">
                  </a> <!-- TestCase05_testAuthenticationFailedWhenProvidingIncorrectUsernameAndPassword -->
                  <span class="method-name">TestCase05_testAuthenticationFailedWhenProvidingIncorrectUsernameAndPassword</span>
                  <div class="stack-trace">org.openqa.selenium.WebDriverException: chrome not reachable
  (Session info: chrome=72.0.3626.121)
  (Driver info: chromedriver=2.46.628402 (536cd7adbad73a3783fdc2cab92ab2ba7ec361e1),platform=Windows NT 10.0.17134 x86_64) (WARNING: The server did not provide any stacktrace information)
Command duration or timeout: 0 milliseconds
Build info: version: &apos;3.141.59&apos;, revision: &apos;e82be7d358&apos;, time: &apos;2018-11-14T08:17:03&apos;
System info: host: &apos;DELL&apos;, ip: &apos;10.81.168.53&apos;, os.name: &apos;Windows 10&apos;, os.arch: &apos;amd64&apos;, os.version: &apos;10.0&apos;, java.version: &apos;1.8.0_201&apos;
Driver info: org.openqa.selenium.chrome.ChromeDriver
Capabilities {acceptInsecureCerts: false, acceptSslCerts: false, applicationCacheEnabled: false, browserConnectionEnabled: false, browserName: chrome, chrome: {chromedriverVersion: 2.46.628402 (536cd7adbad73a..., userDataDir: C:\Users\ABEGAI~1\AppData\L...}, cssSelectorsEnabled: true, databaseEnabled: false, goog:chromeOptions: {debuggerAddress: localhost:60481}, handlesAlerts: true, hasTouchScreen: false, javascriptEnabled: true, locationContextEnabled: true, mobileEmulationEnabled: false, nativeEvents: true, networkConnectionEnabled: false, pageLoadStrategy: normal, platform: XP, platformName: XP, proxy: Proxy(), rotatable: false, setWindowRect: true, strictFileInteractability: false, takesHeapSnapshot: true, takesScreenshot: true, timeouts: {implicit: 0, pageLoad: 300000, script: 30000}, unexpectedAlertBehaviour: ignore, unhandledPromptBehavior: ignore, version: 72.0.3626.121, webStorageEnabled: true}
Session ID: f7a26864d4af60e86d1073bd0bbd0db2
*** Element info: {Using=xpath, value=//input[@name=&apos;txtUsername&apos; and @id=&apos;txtUsername&apos;]}
	at org.openqa.selenium.remote.ErrorHandler.createThrowable(ErrorHandler.java:214)
	at org.openqa.selenium.remote.ErrorHandler.throwIfResponseFailed(ErrorHandler.java:166)
	at org.openqa.selenium.remote.http.JsonHttpResponseCodec.reconstructValue(JsonHttpResponseCodec.java:40)
	at org.openqa.selenium.remote.http.AbstractHttpResponseCodec.decode(AbstractHttpResponseCodec.java:80)
	at org.openqa.selenium.remote.http.AbstractHttpResponseCodec.decode(AbstractHttpResponseCodec.java:44)
	at org.openqa.selenium.remote.HttpCommandExecutor.execute(HttpCommandExecutor.java:158)
	at org.openqa.selenium.remote.service.DriverCommandExecutor.execute(DriverCommandExecutor.java:83)
	at org.openqa.selenium.remote.RemoteWebDriver.execute(RemoteWebDriver.java:552)
	at org.openqa.selenium.remote.RemoteWebDriver.findElement(RemoteWebDriver.java:323)
	at org.openqa.selenium.remote.RemoteWebDriver.findElementByXPath(RemoteWebDriver.java:428)
	at org.openqa.selenium.By$ByXPath.findElement(By.java:353)
	at org.openqa.selenium.remote.RemoteWebDriver.findElement(RemoteWebDriver.java:315)
	at testClasses.GenericMethods.getElement(GenericMethods.java:24)
	at com.orangeHRM.TestNG_login_PageElements.usernameTextBox(TestNG_login_PageElements.java:12)
	at com.orangeHRM.TestNG_login.TestCase05_testAuthenticationFailedWhenProvidingIncorrectUsernameAndPassword(TestNG_login.java:119)
... Removed 39 stack frames
</div> <!-- stack-trace -->
                </div> <!-- method-content -->
              </div> <!-- method -->
              <div class="method">
                <div class="method-content">
                  <a name="TestCase06_testAuthenticationFailedEmptyUsername">
                  </a> <!-- TestCase06_testAuthenticationFailedEmptyUsername -->
                  <span class="method-name">TestCase06_testAuthenticationFailedEmptyUsername</span>
                  <div class="stack-trace">org.openqa.selenium.WebDriverException: chrome not reachable
  (Session info: chrome=72.0.3626.121)
  (Driver info: chromedriver=2.46.628402 (536cd7adbad73a3783fdc2cab92ab2ba7ec361e1),platform=Windows NT 10.0.17134 x86_64) (WARNING: The server did not provide any stacktrace information)
Command duration or timeout: 0 milliseconds
Build info: version: &apos;3.141.59&apos;, revision: &apos;e82be7d358&apos;, time: &apos;2018-11-14T08:17:03&apos;
System info: host: &apos;DELL&apos;, ip: &apos;10.81.168.53&apos;, os.name: &apos;Windows 10&apos;, os.arch: &apos;amd64&apos;, os.version: &apos;10.0&apos;, java.version: &apos;1.8.0_201&apos;
Driver info: org.openqa.selenium.chrome.ChromeDriver
Capabilities {acceptInsecureCerts: false, acceptSslCerts: false, applicationCacheEnabled: false, browserConnectionEnabled: false, browserName: chrome, chrome: {chromedriverVersion: 2.46.628402 (536cd7adbad73a..., userDataDir: C:\Users\ABEGAI~1\AppData\L...}, cssSelectorsEnabled: true, databaseEnabled: false, goog:chromeOptions: {debuggerAddress: localhost:60481}, handlesAlerts: true, hasTouchScreen: false, javascriptEnabled: true, locationContextEnabled: true, mobileEmulationEnabled: false, nativeEvents: true, networkConnectionEnabled: false, pageLoadStrategy: normal, platform: XP, platformName: XP, proxy: Proxy(), rotatable: false, setWindowRect: true, strictFileInteractability: false, takesHeapSnapshot: true, takesScreenshot: true, timeouts: {implicit: 0, pageLoad: 300000, script: 30000}, unexpectedAlertBehaviour: ignore, unhandledPromptBehavior: ignore, version: 72.0.3626.121, webStorageEnabled: true}
Session ID: f7a26864d4af60e86d1073bd0bbd0db2
*** Element info: {Using=xpath, value=//input[@name=&apos;txtUsername&apos; and @id=&apos;txtUsername&apos;]}
	at org.openqa.selenium.remote.ErrorHandler.createThrowable(ErrorHandler.java:214)
	at org.openqa.selenium.remote.ErrorHandler.throwIfResponseFailed(ErrorHandler.java:166)
	at org.openqa.selenium.remote.http.JsonHttpResponseCodec.reconstructValue(JsonHttpResponseCodec.java:40)
	at org.openqa.selenium.remote.http.AbstractHttpResponseCodec.decode(AbstractHttpResponseCodec.java:80)
	at org.openqa.selenium.remote.http.AbstractHttpResponseCodec.decode(AbstractHttpResponseCodec.java:44)
	at org.openqa.selenium.remote.HttpCommandExecutor.execute(HttpCommandExecutor.java:158)
	at org.openqa.selenium.remote.service.DriverCommandExecutor.execute(DriverCommandExecutor.java:83)
	at org.openqa.selenium.remote.RemoteWebDriver.execute(RemoteWebDriver.java:552)
	at org.openqa.selenium.remote.RemoteWebDriver.findElement(RemoteWebDriver.java:323)
	at org.openqa.selenium.remote.RemoteWebDriver.findElementByXPath(RemoteWebDriver.java:428)
	at org.openqa.selenium.By$ByXPath.findElement(By.java:353)
	at org.openqa.selenium.remote.RemoteWebDriver.findElement(RemoteWebDriver.java:315)
	at testClasses.GenericMethods.getElement(GenericMethods.java:24)
	at com.orangeHRM.TestNG_login_PageElements.usernameTextBox(TestNG_login_PageElements.java:12)
	at com.orangeHRM.TestNG_login.TestCase06_testAuthenticationFailedEmptyUsername(TestNG_login.java:139)
... Removed 39 stack frames
</div> <!-- stack-trace -->
                </div> <!-- method-content -->
              </div> <!-- method -->
              <div class="method">
                <div class="method-content">
                  <a name="TestCase07_testAuthenticationFailedEmptyUsernameAndPassword">
                  </a> <!-- TestCase07_testAuthenticationFailedEmptyUsernameAndPassword -->
                  <span class="method-name">TestCase07_testAuthenticationFailedEmptyUsernameAndPassword</span>
                  <div class="stack-trace">org.openqa.selenium.WebDriverException: chrome not reachable
  (Session info: chrome=72.0.3626.121)
  (Driver info: chromedriver=2.46.628402 (536cd7adbad73a3783fdc2cab92ab2ba7ec361e1),platform=Windows NT 10.0.17134 x86_64) (WARNING: The server did not provide any stacktrace information)
Command duration or timeout: 0 milliseconds
Build info: version: &apos;3.141.59&apos;, revision: &apos;e82be7d358&apos;, time: &apos;2018-11-14T08:17:03&apos;
System info: host: &apos;DELL&apos;, ip: &apos;10.81.168.53&apos;, os.name: &apos;Windows 10&apos;, os.arch: &apos;amd64&apos;, os.version: &apos;10.0&apos;, java.version: &apos;1.8.0_201&apos;
Driver info: org.openqa.selenium.chrome.ChromeDriver
Capabilities {acceptInsecureCerts: false, acceptSslCerts: false, applicationCacheEnabled: false, browserConnectionEnabled: false, browserName: chrome, chrome: {chromedriverVersion: 2.46.628402 (536cd7adbad73a..., userDataDir: C:\Users\ABEGAI~1\AppData\L...}, cssSelectorsEnabled: true, databaseEnabled: false, goog:chromeOptions: {debuggerAddress: localhost:60481}, handlesAlerts: true, hasTouchScreen: false, javascriptEnabled: true, locationContextEnabled: true, mobileEmulationEnabled: false, nativeEvents: true, networkConnectionEnabled: false, pageLoadStrategy: normal, platform: XP, platformName: XP, proxy: Proxy(), rotatable: false, setWindowRect: true, strictFileInteractability: false, takesHeapSnapshot: true, takesScreenshot: true, timeouts: {implicit: 0, pageLoad: 300000, script: 30000}, unexpectedAlertBehaviour: ignore, unhandledPromptBehavior: ignore, version: 72.0.3626.121, webStorageEnabled: true}
Session ID: f7a26864d4af60e86d1073bd0bbd0db2
*** Element info: {Using=xpath, value=//input[@name=&apos;txtUsername&apos; and @id=&apos;txtUsername&apos;]}
	at org.openqa.selenium.remote.ErrorHandler.createThrowable(ErrorHandler.java:214)
	at org.openqa.selenium.remote.ErrorHandler.throwIfResponseFailed(ErrorHandler.java:166)
	at org.openqa.selenium.remote.http.JsonHttpResponseCodec.reconstructValue(JsonHttpResponseCodec.java:40)
	at org.openqa.selenium.remote.http.AbstractHttpResponseCodec.decode(AbstractHttpResponseCodec.java:80)
	at org.openqa.selenium.remote.http.AbstractHttpResponseCodec.decode(AbstractHttpResponseCodec.java:44)
	at org.openqa.selenium.remote.HttpCommandExecutor.execute(HttpCommandExecutor.java:158)
	at org.openqa.selenium.remote.service.DriverCommandExecutor.execute(DriverCommandExecutor.java:83)
	at org.openqa.selenium.remote.RemoteWebDriver.execute(RemoteWebDriver.java:552)
	at org.openqa.selenium.remote.RemoteWebDriver.findElement(RemoteWebDriver.java:323)
	at org.openqa.selenium.remote.RemoteWebDriver.findElementByXPath(RemoteWebDriver.java:428)
	at org.openqa.selenium.By$ByXPath.findElement(By.java:353)
	at org.openqa.selenium.remote.RemoteWebDriver.findElement(RemoteWebDriver.java:315)
	at testClasses.GenericMethods.getElement(GenericMethods.java:24)
	at com.orangeHRM.TestNG_login_PageElements.usernameTextBox(TestNG_login_PageElements.java:12)
	at com.orangeHRM.TestNG_login.TestCase07_testAuthenticationFailedEmptyUsernameAndPassword(TestNG_login.java:165)
... Removed 39 stack frames
</div> <!-- stack-trace -->
                </div> <!-- method-content -->
              </div> <!-- method -->
              <div class="method">
                <div class="method-content">
                  <a name="TestCase08_testAuthenticationFailedEmptyPassword">
                  </a> <!-- TestCase08_testAuthenticationFailedEmptyPassword -->
                  <span class="method-name">TestCase08_testAuthenticationFailedEmptyPassword</span>
                  <div class="stack-trace">org.openqa.selenium.WebDriverException: chrome not reachable
  (Session info: chrome=72.0.3626.121)
  (Driver info: chromedriver=2.46.628402 (536cd7adbad73a3783fdc2cab92ab2ba7ec361e1),platform=Windows NT 10.0.17134 x86_64) (WARNING: The server did not provide any stacktrace information)
Command duration or timeout: 0 milliseconds
Build info: version: &apos;3.141.59&apos;, revision: &apos;e82be7d358&apos;, time: &apos;2018-11-14T08:17:03&apos;
System info: host: &apos;DELL&apos;, ip: &apos;10.81.168.53&apos;, os.name: &apos;Windows 10&apos;, os.arch: &apos;amd64&apos;, os.version: &apos;10.0&apos;, java.version: &apos;1.8.0_201&apos;
Driver info: org.openqa.selenium.chrome.ChromeDriver
Capabilities {acceptInsecureCerts: false, acceptSslCerts: false, applicationCacheEnabled: false, browserConnectionEnabled: false, browserName: chrome, chrome: {chromedriverVersion: 2.46.628402 (536cd7adbad73a..., userDataDir: C:\Users\ABEGAI~1\AppData\L...}, cssSelectorsEnabled: true, databaseEnabled: false, goog:chromeOptions: {debuggerAddress: localhost:60481}, handlesAlerts: true, hasTouchScreen: false, javascriptEnabled: true, locationContextEnabled: true, mobileEmulationEnabled: false, nativeEvents: true, networkConnectionEnabled: false, pageLoadStrategy: normal, platform: XP, platformName: XP, proxy: Proxy(), rotatable: false, setWindowRect: true, strictFileInteractability: false, takesHeapSnapshot: true, takesScreenshot: true, timeouts: {implicit: 0, pageLoad: 300000, script: 30000}, unexpectedAlertBehaviour: ignore, unhandledPromptBehavior: ignore, version: 72.0.3626.121, webStorageEnabled: true}
Session ID: f7a26864d4af60e86d1073bd0bbd0db2
*** Element info: {Using=xpath, value=//input[@name=&apos;txtUsername&apos; and @id=&apos;txtUsername&apos;]}
	at org.openqa.selenium.remote.ErrorHandler.createThrowable(ErrorHandler.java:214)
	at org.openqa.selenium.remote.ErrorHandler.throwIfResponseFailed(ErrorHandler.java:166)
	at org.openqa.selenium.remote.http.JsonHttpResponseCodec.reconstructValue(JsonHttpResponseCodec.java:40)
	at org.openqa.selenium.remote.http.AbstractHttpResponseCodec.decode(AbstractHttpResponseCodec.java:80)
	at org.openqa.selenium.remote.http.AbstractHttpResponseCodec.decode(AbstractHttpResponseCodec.java:44)
	at org.openqa.selenium.remote.HttpCommandExecutor.execute(HttpCommandExecutor.java:158)
	at org.openqa.selenium.remote.service.DriverCommandExecutor.execute(DriverCommandExecutor.java:83)
	at org.openqa.selenium.remote.RemoteWebDriver.execute(RemoteWebDriver.java:552)
	at org.openqa.selenium.remote.RemoteWebDriver.findElement(RemoteWebDriver.java:323)
	at org.openqa.selenium.remote.RemoteWebDriver.findElementByXPath(RemoteWebDriver.java:428)
	at org.openqa.selenium.By$ByXPath.findElement(By.java:353)
	at org.openqa.selenium.remote.RemoteWebDriver.findElement(RemoteWebDriver.java:315)
	at testClasses.GenericMethods.getElement(GenericMethods.java:24)
	at com.orangeHRM.TestNG_login_PageElements.usernameTextBox(TestNG_login_PageElements.java:12)
	at com.orangeHRM.TestNG_login.TestCase08_testAuthenticationFailedEmptyPassword(TestNG_login.java:186)
... Removed 39 stack frames
</div> <!-- stack-trace -->
                </div> <!-- method-content -->
              </div> <!-- method -->
              <div class="method">
                <div class="method-content">
                  <a name="TestCase10_testAuthenticationSuccessLinkedInSocialsRedirection">
                  </a> <!-- TestCase10_testAuthenticationSuccessLinkedInSocialsRedirection -->
                  <span class="method-name">TestCase10_testAuthenticationSuccessLinkedInSocialsRedirection</span>
                  <div class="stack-trace">org.openqa.selenium.WebDriverException: chrome not reachable
  (Session info: chrome=72.0.3626.121)
  (Driver info: chromedriver=2.46.628402 (536cd7adbad73a3783fdc2cab92ab2ba7ec361e1),platform=Windows NT 10.0.17134 x86_64) (WARNING: The server did not provide any stacktrace information)
Command duration or timeout: 0 milliseconds
Build info: version: &apos;3.141.59&apos;, revision: &apos;e82be7d358&apos;, time: &apos;2018-11-14T08:17:03&apos;
System info: host: &apos;DELL&apos;, ip: &apos;10.81.168.53&apos;, os.name: &apos;Windows 10&apos;, os.arch: &apos;amd64&apos;, os.version: &apos;10.0&apos;, java.version: &apos;1.8.0_201&apos;
Driver info: org.openqa.selenium.chrome.ChromeDriver
Capabilities {acceptInsecureCerts: false, acceptSslCerts: false, applicationCacheEnabled: false, browserConnectionEnabled: false, browserName: chrome, chrome: {chromedriverVersion: 2.46.628402 (536cd7adbad73a..., userDataDir: C:\Users\ABEGAI~1\AppData\L...}, cssSelectorsEnabled: true, databaseEnabled: false, goog:chromeOptions: {debuggerAddress: localhost:60481}, handlesAlerts: true, hasTouchScreen: false, javascriptEnabled: true, locationContextEnabled: true, mobileEmulationEnabled: false, nativeEvents: true, networkConnectionEnabled: false, pageLoadStrategy: normal, platform: XP, platformName: XP, proxy: Proxy(), rotatable: false, setWindowRect: true, strictFileInteractability: false, takesHeapSnapshot: true, takesScreenshot: true, timeouts: {implicit: 0, pageLoad: 300000, script: 30000}, unexpectedAlertBehaviour: ignore, unhandledPromptBehavior: ignore, version: 72.0.3626.121, webStorageEnabled: true}
Session ID: f7a26864d4af60e86d1073bd0bbd0db2
	at org.openqa.selenium.remote.ErrorHandler.createThrowable(ErrorHandler.java:214)
	at org.openqa.selenium.remote.ErrorHandler.throwIfResponseFailed(ErrorHandler.java:166)
	at org.openqa.selenium.remote.http.JsonHttpResponseCodec.reconstructValue(JsonHttpResponseCodec.java:40)
	at org.openqa.selenium.remote.http.AbstractHttpResponseCodec.decode(AbstractHttpResponseCodec.java:80)
	at org.openqa.selenium.remote.http.AbstractHttpResponseCodec.decode(AbstractHttpResponseCodec.java:44)
	at org.openqa.selenium.remote.HttpCommandExecutor.execute(HttpCommandExecutor.java:158)
	at org.openqa.selenium.remote.service.DriverCommandExecutor.execute(DriverCommandExecutor.java:83)
	at org.openqa.selenium.remote.RemoteWebDriver.execute(RemoteWebDriver.java:552)
	at org.openqa.selenium.remote.RemoteWebDriver.execute(RemoteWebDriver.java:609)
	at org.openqa.selenium.remote.RemoteWebDriver.getWindowHandle(RemoteWebDriver.java:472)
	at com.orangeHRM.TestNG_login.TestCase10_testAuthenticationSuccessLinkedInSocialsRedirection(TestNG_login.java:242)
... Removed 39 stack frames
</div> <!-- stack-trace -->
                </div> <!-- method-content -->
              </div> <!-- method -->
              <div class="method">
                <div class="method-content">
                  <a name="TestCase11_testAuthenticationSuccessFacebookSocialsRedirection">
                  </a> <!-- TestCase11_testAuthenticationSuccessFacebookSocialsRedirection -->
                  <span class="method-name">TestCase11_testAuthenticationSuccessFacebookSocialsRedirection</span>
                  <div class="stack-trace">org.openqa.selenium.WebDriverException: chrome not reachable
  (Session info: chrome=72.0.3626.121)
  (Driver info: chromedriver=2.46.628402 (536cd7adbad73a3783fdc2cab92ab2ba7ec361e1),platform=Windows NT 10.0.17134 x86_64) (WARNING: The server did not provide any stacktrace information)
Command duration or timeout: 0 milliseconds
Build info: version: &apos;3.141.59&apos;, revision: &apos;e82be7d358&apos;, time: &apos;2018-11-14T08:17:03&apos;
System info: host: &apos;DELL&apos;, ip: &apos;10.81.168.53&apos;, os.name: &apos;Windows 10&apos;, os.arch: &apos;amd64&apos;, os.version: &apos;10.0&apos;, java.version: &apos;1.8.0_201&apos;
Driver info: org.openqa.selenium.chrome.ChromeDriver
Capabilities {acceptInsecureCerts: false, acceptSslCerts: false, applicationCacheEnabled: false, browserConnectionEnabled: false, browserName: chrome, chrome: {chromedriverVersion: 2.46.628402 (536cd7adbad73a..., userDataDir: C:\Users\ABEGAI~1\AppData\L...}, cssSelectorsEnabled: true, databaseEnabled: false, goog:chromeOptions: {debuggerAddress: localhost:60481}, handlesAlerts: true, hasTouchScreen: false, javascriptEnabled: true, locationContextEnabled: true, mobileEmulationEnabled: false, nativeEvents: true, networkConnectionEnabled: false, pageLoadStrategy: normal, platform: XP, platformName: XP, proxy: Proxy(), rotatable: false, setWindowRect: true, strictFileInteractability: false, takesHeapSnapshot: true, takesScreenshot: true, timeouts: {implicit: 0, pageLoad: 300000, script: 30000}, unexpectedAlertBehaviour: ignore, unhandledPromptBehavior: ignore, version: 72.0.3626.121, webStorageEnabled: true}
Session ID: f7a26864d4af60e86d1073bd0bbd0db2
	at org.openqa.selenium.remote.ErrorHandler.createThrowable(ErrorHandler.java:214)
	at org.openqa.selenium.remote.ErrorHandler.throwIfResponseFailed(ErrorHandler.java:166)
	at org.openqa.selenium.remote.http.JsonHttpResponseCodec.reconstructValue(JsonHttpResponseCodec.java:40)
	at org.openqa.selenium.remote.http.AbstractHttpResponseCodec.decode(AbstractHttpResponseCodec.java:80)
	at org.openqa.selenium.remote.http.AbstractHttpResponseCodec.decode(AbstractHttpResponseCodec.java:44)
	at org.openqa.selenium.remote.HttpCommandExecutor.execute(HttpCommandExecutor.java:158)
	at org.openqa.selenium.remote.service.DriverCommandExecutor.execute(DriverCommandExecutor.java:83)
	at org.openqa.selenium.remote.RemoteWebDriver.execute(RemoteWebDriver.java:552)
	at org.openqa.selenium.remote.RemoteWebDriver.execute(RemoteWebDriver.java:609)
	at org.openqa.selenium.remote.RemoteWebDriver.getWindowHandle(RemoteWebDriver.java:472)
	at com.orangeHRM.TestNG_login.TestCase11_testAuthenticationSuccessFacebookSocialsRedirection(TestNG_login.java:271)
... Removed 39 stack frames
</div> <!-- stack-trace -->
                </div> <!-- method-content -->
              </div> <!-- method -->
              <div class="method">
                <div class="method-content">
                  <a name="TestCase12_testAuthenticationSuccessTwitterSocialsRedirection">
                  </a> <!-- TestCase12_testAuthenticationSuccessTwitterSocialsRedirection -->
                  <span class="method-name">TestCase12_testAuthenticationSuccessTwitterSocialsRedirection</span>
                  <div class="stack-trace">org.openqa.selenium.WebDriverException: chrome not reachable
  (Session info: chrome=72.0.3626.121)
  (Driver info: chromedriver=2.46.628402 (536cd7adbad73a3783fdc2cab92ab2ba7ec361e1),platform=Windows NT 10.0.17134 x86_64) (WARNING: The server did not provide any stacktrace information)
Command duration or timeout: 0 milliseconds
Build info: version: &apos;3.141.59&apos;, revision: &apos;e82be7d358&apos;, time: &apos;2018-11-14T08:17:03&apos;
System info: host: &apos;DELL&apos;, ip: &apos;10.81.168.53&apos;, os.name: &apos;Windows 10&apos;, os.arch: &apos;amd64&apos;, os.version: &apos;10.0&apos;, java.version: &apos;1.8.0_201&apos;
Driver info: org.openqa.selenium.chrome.ChromeDriver
Capabilities {acceptInsecureCerts: false, acceptSslCerts: false, applicationCacheEnabled: false, browserConnectionEnabled: false, browserName: chrome, chrome: {chromedriverVersion: 2.46.628402 (536cd7adbad73a..., userDataDir: C:\Users\ABEGAI~1\AppData\L...}, cssSelectorsEnabled: true, databaseEnabled: false, goog:chromeOptions: {debuggerAddress: localhost:60481}, handlesAlerts: true, hasTouchScreen: false, javascriptEnabled: true, locationContextEnabled: true, mobileEmulationEnabled: false, nativeEvents: true, networkConnectionEnabled: false, pageLoadStrategy: normal, platform: XP, platformName: XP, proxy: Proxy(), rotatable: false, setWindowRect: true, strictFileInteractability: false, takesHeapSnapshot: true, takesScreenshot: true, timeouts: {implicit: 0, pageLoad: 300000, script: 30000}, unexpectedAlertBehaviour: ignore, unhandledPromptBehavior: ignore, version: 72.0.3626.121, webStorageEnabled: true}
Session ID: f7a26864d4af60e86d1073bd0bbd0db2
	at org.openqa.selenium.remote.ErrorHandler.createThrowable(ErrorHandler.java:214)
	at org.openqa.selenium.remote.ErrorHandler.throwIfResponseFailed(ErrorHandler.java:166)
	at org.openqa.selenium.remote.http.JsonHttpResponseCodec.reconstructValue(JsonHttpResponseCodec.java:40)
	at org.openqa.selenium.remote.http.AbstractHttpResponseCodec.decode(AbstractHttpResponseCodec.java:80)
	at org.openqa.selenium.remote.http.AbstractHttpResponseCodec.decode(AbstractHttpResponseCodec.java:44)
	at org.openqa.selenium.remote.HttpCommandExecutor.execute(HttpCommandExecutor.java:158)
	at org.openqa.selenium.remote.service.DriverCommandExecutor.execute(DriverCommandExecutor.java:83)
	at org.openqa.selenium.remote.RemoteWebDriver.execute(RemoteWebDriver.java:552)
	at org.openqa.selenium.remote.RemoteWebDriver.execute(RemoteWebDriver.java:609)
	at org.openqa.selenium.remote.RemoteWebDriver.getWindowHandle(RemoteWebDriver.java:472)
	at com.orangeHRM.TestNG_login.TestCase12_testAuthenticationSuccessTwitterSocialsRedirection(TestNG_login.java:300)
... Removed 39 stack frames
</div> <!-- stack-trace -->
                </div> <!-- method-content -->
              </div> <!-- method -->
              <div class="method">
                <div class="method-content">
                  <a name="TestCase13_testAuthenticationSuccessYoutubeSocialsRedirection">
                  </a> <!-- TestCase13_testAuthenticationSuccessYoutubeSocialsRedirection -->
                  <span class="method-name">TestCase13_testAuthenticationSuccessYoutubeSocialsRedirection</span>
                  <div class="stack-trace">org.openqa.selenium.WebDriverException: chrome not reachable
  (Session info: chrome=72.0.3626.121)
  (Driver info: chromedriver=2.46.628402 (536cd7adbad73a3783fdc2cab92ab2ba7ec361e1),platform=Windows NT 10.0.17134 x86_64) (WARNING: The server did not provide any stacktrace information)
Command duration or timeout: 0 milliseconds
Build info: version: &apos;3.141.59&apos;, revision: &apos;e82be7d358&apos;, time: &apos;2018-11-14T08:17:03&apos;
System info: host: &apos;DELL&apos;, ip: &apos;10.81.168.53&apos;, os.name: &apos;Windows 10&apos;, os.arch: &apos;amd64&apos;, os.version: &apos;10.0&apos;, java.version: &apos;1.8.0_201&apos;
Driver info: org.openqa.selenium.chrome.ChromeDriver
Capabilities {acceptInsecureCerts: false, acceptSslCerts: false, applicationCacheEnabled: false, browserConnectionEnabled: false, browserName: chrome, chrome: {chromedriverVersion: 2.46.628402 (536cd7adbad73a..., userDataDir: C:\Users\ABEGAI~1\AppData\L...}, cssSelectorsEnabled: true, databaseEnabled: false, goog:chromeOptions: {debuggerAddress: localhost:60481}, handlesAlerts: true, hasTouchScreen: false, javascriptEnabled: true, locationContextEnabled: true, mobileEmulationEnabled: false, nativeEvents: true, networkConnectionEnabled: false, pageLoadStrategy: normal, platform: XP, platformName: XP, proxy: Proxy(), rotatable: false, setWindowRect: true, strictFileInteractability: false, takesHeapSnapshot: true, takesScreenshot: true, timeouts: {implicit: 0, pageLoad: 300000, script: 30000}, unexpectedAlertBehaviour: ignore, unhandledPromptBehavior: ignore, version: 72.0.3626.121, webStorageEnabled: true}
Session ID: f7a26864d4af60e86d1073bd0bbd0db2
	at org.openqa.selenium.remote.ErrorHandler.createThrowable(ErrorHandler.java:214)
	at org.openqa.selenium.remote.ErrorHandler.throwIfResponseFailed(ErrorHandler.java:166)
	at org.openqa.selenium.remote.http.JsonHttpResponseCodec.reconstructValue(JsonHttpResponseCodec.java:40)
	at org.openqa.selenium.remote.http.AbstractHttpResponseCodec.decode(AbstractHttpResponseCodec.java:80)
	at org.openqa.selenium.remote.http.AbstractHttpResponseCodec.decode(AbstractHttpResponseCodec.java:44)
	at org.openqa.selenium.remote.HttpCommandExecutor.execute(HttpCommandExecutor.java:158)
	at org.openqa.selenium.remote.service.DriverCommandExecutor.execute(DriverCommandExecutor.java:83)
	at org.openqa.selenium.remote.RemoteWebDriver.execute(RemoteWebDriver.java:552)
	at org.openqa.selenium.remote.RemoteWebDriver.execute(RemoteWebDriver.java:609)
	at org.openqa.selenium.remote.RemoteWebDriver.getWindowHandle(RemoteWebDriver.java:472)
	at com.orangeHRM.TestNG_login.TestCase13_testAuthenticationSuccessYoutubeSocialsRedirection(TestNG_login.java:331)
... Removed 39 stack frames
</div> <!-- stack-trace -->
                </div> <!-- method-content -->
              </div> <!-- method -->
              <div class="method">
                <div class="method-content">
                  <a name="TestCase14_testAuthenticationSuccessOpenIdVisible">
                  </a> <!-- TestCase14_testAuthenticationSuccessOpenIdVisible -->
                  <span class="method-name">TestCase14_testAuthenticationSuccessOpenIdVisible</span>
                  <div class="stack-trace">org.openqa.selenium.WebDriverException: chrome not reachable
  (Session info: chrome=72.0.3626.121)
  (Driver info: chromedriver=2.46.628402 (536cd7adbad73a3783fdc2cab92ab2ba7ec361e1),platform=Windows NT 10.0.17134 x86_64) (WARNING: The server did not provide any stacktrace information)
Command duration or timeout: 0 milliseconds
Build info: version: &apos;3.141.59&apos;, revision: &apos;e82be7d358&apos;, time: &apos;2018-11-14T08:17:03&apos;
System info: host: &apos;DELL&apos;, ip: &apos;10.81.168.53&apos;, os.name: &apos;Windows 10&apos;, os.arch: &apos;amd64&apos;, os.version: &apos;10.0&apos;, java.version: &apos;1.8.0_201&apos;
Driver info: org.openqa.selenium.chrome.ChromeDriver
Capabilities {acceptInsecureCerts: false, acceptSslCerts: false, applicationCacheEnabled: false, browserConnectionEnabled: false, browserName: chrome, chrome: {chromedriverVersion: 2.46.628402 (536cd7adbad73a..., userDataDir: C:\Users\ABEGAI~1\AppData\L...}, cssSelectorsEnabled: true, databaseEnabled: false, goog:chromeOptions: {debuggerAddress: localhost:60481}, handlesAlerts: true, hasTouchScreen: false, javascriptEnabled: true, locationContextEnabled: true, mobileEmulationEnabled: false, nativeEvents: true, networkConnectionEnabled: false, pageLoadStrategy: normal, platform: XP, platformName: XP, proxy: Proxy(), rotatable: false, setWindowRect: true, strictFileInteractability: false, takesHeapSnapshot: true, takesScreenshot: true, timeouts: {implicit: 0, pageLoad: 300000, script: 30000}, unexpectedAlertBehaviour: ignore, unhandledPromptBehavior: ignore, version: 72.0.3626.121, webStorageEnabled: true}
Session ID: f7a26864d4af60e86d1073bd0bbd0db2
*** Element info: {Using=id, value=openIDForm}
	at org.openqa.selenium.remote.ErrorHandler.createThrowable(ErrorHandler.java:214)
	at org.openqa.selenium.remote.ErrorHandler.throwIfResponseFailed(ErrorHandler.java:166)
	at org.openqa.selenium.remote.http.JsonHttpResponseCodec.reconstructValue(JsonHttpResponseCodec.java:40)
	at org.openqa.selenium.remote.http.AbstractHttpResponseCodec.decode(AbstractHttpResponseCodec.java:80)
	at org.openqa.selenium.remote.http.AbstractHttpResponseCodec.decode(AbstractHttpResponseCodec.java:44)
	at org.openqa.selenium.remote.HttpCommandExecutor.execute(HttpCommandExecutor.java:158)
	at org.openqa.selenium.remote.service.DriverCommandExecutor.execute(DriverCommandExecutor.java:83)
	at org.openqa.selenium.remote.RemoteWebDriver.execute(RemoteWebDriver.java:552)
	at org.openqa.selenium.remote.RemoteWebDriver.findElement(RemoteWebDriver.java:323)
	at org.openqa.selenium.remote.RemoteWebDriver.findElementById(RemoteWebDriver.java:372)
	at org.openqa.selenium.By$ById.findElement(By.java:188)
	at org.openqa.selenium.remote.RemoteWebDriver.findElement(RemoteWebDriver.java:315)
	at testClasses.GenericMethods.getElement(GenericMethods.java:20)
	at com.orangeHRM.TestNG_login_PageElements.altLogin(TestNG_login_PageElements.java:74)
	at com.orangeHRM.TestNG_login.TestCase14_testAuthenticationSuccessOpenIdVisible(TestNG_login.java:361)
... Removed 39 stack frames
</div> <!-- stack-trace -->
                </div> <!-- method-content -->
              </div> <!-- method -->
              <div class="method">
                <div class="method-content">
                  <a name="TestCase15_testAuthenticationSuccessLoginButtonsVisible">
                  </a> <!-- TestCase15_testAuthenticationSuccessLoginButtonsVisible -->
                  <span class="method-name">TestCase15_testAuthenticationSuccessLoginButtonsVisible</span>
                  <div class="stack-trace">org.openqa.selenium.WebDriverException: chrome not reachable
  (Session info: chrome=72.0.3626.121)
  (Driver info: chromedriver=2.46.628402 (536cd7adbad73a3783fdc2cab92ab2ba7ec361e1),platform=Windows NT 10.0.17134 x86_64) (WARNING: The server did not provide any stacktrace information)
Command duration or timeout: 0 milliseconds
Build info: version: &apos;3.141.59&apos;, revision: &apos;e82be7d358&apos;, time: &apos;2018-11-14T08:17:03&apos;
System info: host: &apos;DELL&apos;, ip: &apos;10.81.168.53&apos;, os.name: &apos;Windows 10&apos;, os.arch: &apos;amd64&apos;, os.version: &apos;10.0&apos;, java.version: &apos;1.8.0_201&apos;
Driver info: org.openqa.selenium.chrome.ChromeDriver
Capabilities {acceptInsecureCerts: false, acceptSslCerts: false, applicationCacheEnabled: false, browserConnectionEnabled: false, browserName: chrome, chrome: {chromedriverVersion: 2.46.628402 (536cd7adbad73a..., userDataDir: C:\Users\ABEGAI~1\AppData\L...}, cssSelectorsEnabled: true, databaseEnabled: false, goog:chromeOptions: {debuggerAddress: localhost:60481}, handlesAlerts: true, hasTouchScreen: false, javascriptEnabled: true, locationContextEnabled: true, mobileEmulationEnabled: false, nativeEvents: true, networkConnectionEnabled: false, pageLoadStrategy: normal, platform: XP, platformName: XP, proxy: Proxy(), rotatable: false, setWindowRect: true, strictFileInteractability: false, takesHeapSnapshot: true, takesScreenshot: true, timeouts: {implicit: 0, pageLoad: 300000, script: 30000}, unexpectedAlertBehaviour: ignore, unhandledPromptBehavior: ignore, version: 72.0.3626.121, webStorageEnabled: true}
Session ID: f7a26864d4af60e86d1073bd0bbd0db2
*** Element info: {Using=id, value=btnLogin}
	at org.openqa.selenium.remote.ErrorHandler.createThrowable(ErrorHandler.java:214)
	at org.openqa.selenium.remote.ErrorHandler.throwIfResponseFailed(ErrorHandler.java:166)
	at org.openqa.selenium.remote.http.JsonHttpResponseCodec.reconstructValue(JsonHttpResponseCodec.java:40)
	at org.openqa.selenium.remote.http.AbstractHttpResponseCodec.decode(AbstractHttpResponseCodec.java:80)
	at org.openqa.selenium.remote.http.AbstractHttpResponseCodec.decode(AbstractHttpResponseCodec.java:44)
	at org.openqa.selenium.remote.HttpCommandExecutor.execute(HttpCommandExecutor.java:158)
	at org.openqa.selenium.remote.service.DriverCommandExecutor.execute(DriverCommandExecutor.java:83)
	at org.openqa.selenium.remote.RemoteWebDriver.execute(RemoteWebDriver.java:552)
	at org.openqa.selenium.remote.RemoteWebDriver.findElement(RemoteWebDriver.java:323)
	at org.openqa.selenium.remote.RemoteWebDriver.findElementById(RemoteWebDriver.java:372)
	at org.openqa.selenium.By$ById.findElement(By.java:188)
	at org.openqa.selenium.remote.RemoteWebDriver.findElement(RemoteWebDriver.java:315)
	at testClasses.GenericMethods.getElement(GenericMethods.java:20)
	at com.orangeHRM.TestNG_login_PageElements.buttonsVisible1(TestNG_login_PageElements.java:80)
	at com.orangeHRM.TestNG_login.TestCase15_testAuthenticationSuccessLoginButtonsVisible(TestNG_login.java:374)
... Removed 39 stack frames
</div> <!-- stack-trace -->
                </div> <!-- method-content -->
              </div> <!-- method -->
              <div class="method">
                <div class="method-content">
                  <a name="TestCase16_testAuthenticationSuccessLoginButtonsEnabled">
                  </a> <!-- TestCase16_testAuthenticationSuccessLoginButtonsEnabled -->
                  <span class="method-name">TestCase16_testAuthenticationSuccessLoginButtonsEnabled</span>
                  <div class="stack-trace">org.openqa.selenium.WebDriverException: chrome not reachable
  (Session info: chrome=72.0.3626.121)
  (Driver info: chromedriver=2.46.628402 (536cd7adbad73a3783fdc2cab92ab2ba7ec361e1),platform=Windows NT 10.0.17134 x86_64) (WARNING: The server did not provide any stacktrace information)
Command duration or timeout: 0 milliseconds
Build info: version: &apos;3.141.59&apos;, revision: &apos;e82be7d358&apos;, time: &apos;2018-11-14T08:17:03&apos;
System info: host: &apos;DELL&apos;, ip: &apos;10.81.168.53&apos;, os.name: &apos;Windows 10&apos;, os.arch: &apos;amd64&apos;, os.version: &apos;10.0&apos;, java.version: &apos;1.8.0_201&apos;
Driver info: org.openqa.selenium.chrome.ChromeDriver
Capabilities {acceptInsecureCerts: false, acceptSslCerts: false, applicationCacheEnabled: false, browserConnectionEnabled: false, browserName: chrome, chrome: {chromedriverVersion: 2.46.628402 (536cd7adbad73a..., userDataDir: C:\Users\ABEGAI~1\AppData\L...}, cssSelectorsEnabled: true, databaseEnabled: false, goog:chromeOptions: {debuggerAddress: localhost:60481}, handlesAlerts: true, hasTouchScreen: false, javascriptEnabled: true, locationContextEnabled: true, mobileEmulationEnabled: false, nativeEvents: true, networkConnectionEnabled: false, pageLoadStrategy: normal, platform: XP, platformName: XP, proxy: Proxy(), rotatable: false, setWindowRect: true, strictFileInteractability: false, takesHeapSnapshot: true, takesScreenshot: true, timeouts: {implicit: 0, pageLoad: 300000, script: 30000}, unexpectedAlertBehaviour: ignore, unhandledPromptBehavior: ignore, version: 72.0.3626.121, webStorageEnabled: true}
Session ID: f7a26864d4af60e86d1073bd0bbd0db2
*** Element info: {Using=id, value=btnLogin}
	at org.openqa.selenium.remote.ErrorHandler.createThrowable(ErrorHandler.java:214)
	at org.openqa.selenium.remote.ErrorHandler.throwIfResponseFailed(ErrorHandler.java:166)
	at org.openqa.selenium.remote.http.JsonHttpResponseCodec.reconstructValue(JsonHttpResponseCodec.java:40)
	at org.openqa.selenium.remote.http.AbstractHttpResponseCodec.decode(AbstractHttpResponseCodec.java:80)
	at org.openqa.selenium.remote.http.AbstractHttpResponseCodec.decode(AbstractHttpResponseCodec.java:44)
	at org.openqa.selenium.remote.HttpCommandExecutor.execute(HttpCommandExecutor.java:158)
	at org.openqa.selenium.remote.service.DriverCommandExecutor.execute(DriverCommandExecutor.java:83)
	at org.openqa.selenium.remote.RemoteWebDriver.execute(RemoteWebDriver.java:552)
	at org.openqa.selenium.remote.RemoteWebDriver.findElement(RemoteWebDriver.java:323)
	at org.openqa.selenium.remote.RemoteWebDriver.findElementById(RemoteWebDriver.java:372)
	at org.openqa.selenium.By$ById.findElement(By.java:188)
	at org.openqa.selenium.remote.RemoteWebDriver.findElement(RemoteWebDriver.java:315)
	at testClasses.GenericMethods.getElement(GenericMethods.java:20)
	at com.orangeHRM.TestNG_login_PageElements.buttonsVisible1(TestNG_login_PageElements.java:80)
	at com.orangeHRM.TestNG_login.TestCase16_testAuthenticationSuccessLoginButtonsEnabled(TestNG_login.java:437)
... Removed 39 stack frames
</div> <!-- stack-trace -->
                </div> <!-- method-content -->
              </div> <!-- method -->
              <div class="method">
                <div class="method-content">
                  <a name="TestCase17_testAuthenticationSuccessProviderdropdown">
                  </a> <!-- TestCase17_testAuthenticationSuccessProviderdropdown -->
                  <span class="method-name">TestCase17_testAuthenticationSuccessProviderdropdown</span>
                  <div class="stack-trace">org.openqa.selenium.WebDriverException: chrome not reachable
  (Session info: chrome=72.0.3626.121)
  (Driver info: chromedriver=2.46.628402 (536cd7adbad73a3783fdc2cab92ab2ba7ec361e1),platform=Windows NT 10.0.17134 x86_64) (WARNING: The server did not provide any stacktrace information)
Command duration or timeout: 0 milliseconds
Build info: version: &apos;3.141.59&apos;, revision: &apos;e82be7d358&apos;, time: &apos;2018-11-14T08:17:03&apos;
System info: host: &apos;DELL&apos;, ip: &apos;10.81.168.53&apos;, os.name: &apos;Windows 10&apos;, os.arch: &apos;amd64&apos;, os.version: &apos;10.0&apos;, java.version: &apos;1.8.0_201&apos;
Driver info: org.openqa.selenium.chrome.ChromeDriver
Capabilities {acceptInsecureCerts: false, acceptSslCerts: false, applicationCacheEnabled: false, browserConnectionEnabled: false, browserName: chrome, chrome: {chromedriverVersion: 2.46.628402 (536cd7adbad73a..., userDataDir: C:\Users\ABEGAI~1\AppData\L...}, cssSelectorsEnabled: true, databaseEnabled: false, goog:chromeOptions: {debuggerAddress: localhost:60481}, handlesAlerts: true, hasTouchScreen: false, javascriptEnabled: true, locationContextEnabled: true, mobileEmulationEnabled: false, nativeEvents: true, networkConnectionEnabled: false, pageLoadStrategy: normal, platform: XP, platformName: XP, proxy: Proxy(), rotatable: false, setWindowRect: true, strictFileInteractability: false, takesHeapSnapshot: true, takesScreenshot: true, timeouts: {implicit: 0, pageLoad: 300000, script: 30000}, unexpectedAlertBehaviour: ignore, unhandledPromptBehavior: ignore, version: 72.0.3626.121, webStorageEnabled: true}
Session ID: f7a26864d4af60e86d1073bd0bbd0db2
*** Element info: {Using=id, value=openIdProvider}
	at org.openqa.selenium.remote.ErrorHandler.createThrowable(ErrorHandler.java:214)
	at org.openqa.selenium.remote.ErrorHandler.throwIfResponseFailed(ErrorHandler.java:166)
	at org.openqa.selenium.remote.http.JsonHttpResponseCodec.reconstructValue(JsonHttpResponseCodec.java:40)
	at org.openqa.selenium.remote.http.AbstractHttpResponseCodec.decode(AbstractHttpResponseCodec.java:80)
	at org.openqa.selenium.remote.http.AbstractHttpResponseCodec.decode(AbstractHttpResponseCodec.java:44)
	at org.openqa.selenium.remote.HttpCommandExecutor.execute(HttpCommandExecutor.java:158)
	at org.openqa.selenium.remote.service.DriverCommandExecutor.execute(DriverCommandExecutor.java:83)
	at org.openqa.selenium.remote.RemoteWebDriver.execute(RemoteWebDriver.java:552)
	at org.openqa.selenium.remote.RemoteWebDriver.findElement(RemoteWebDriver.java:323)
	at org.openqa.selenium.remote.RemoteWebDriver.findElementById(RemoteWebDriver.java:372)
	at org.openqa.selenium.By$ById.findElement(By.java:188)
	at org.openqa.selenium.remote.RemoteWebDriver.findElement(RemoteWebDriver.java:315)
	at testClasses.GenericMethods.getElement(GenericMethods.java:20)
	at com.orangeHRM.TestNG_login_PageElements.openID(TestNG_login_PageElements.java:92)
	at com.orangeHRM.TestNG_login.TestCase17_testAuthenticationSuccessProviderdropdown(TestNG_login.java:389)
... Removed 39 stack frames
</div> <!-- stack-trace -->
                </div> <!-- method-content -->
              </div> <!-- method -->
              <div class="method">
                <div class="method-content">
                  <a name="TestCase18_testAuthenticationSuccessPlacholders">
                  </a> <!-- TestCase18_testAuthenticationSuccessPlacholders -->
                  <span class="method-name">TestCase18_testAuthenticationSuccessPlacholders</span>
                  <div class="stack-trace">org.openqa.selenium.WebDriverException: chrome not reachable
  (Session info: chrome=72.0.3626.121)
  (Driver info: chromedriver=2.46.628402 (536cd7adbad73a3783fdc2cab92ab2ba7ec361e1),platform=Windows NT 10.0.17134 x86_64) (WARNING: The server did not provide any stacktrace information)
Command duration or timeout: 0 milliseconds
Build info: version: &apos;3.141.59&apos;, revision: &apos;e82be7d358&apos;, time: &apos;2018-11-14T08:17:03&apos;
System info: host: &apos;DELL&apos;, ip: &apos;10.81.168.53&apos;, os.name: &apos;Windows 10&apos;, os.arch: &apos;amd64&apos;, os.version: &apos;10.0&apos;, java.version: &apos;1.8.0_201&apos;
Driver info: org.openqa.selenium.chrome.ChromeDriver
Capabilities {acceptInsecureCerts: false, acceptSslCerts: false, applicationCacheEnabled: false, browserConnectionEnabled: false, browserName: chrome, chrome: {chromedriverVersion: 2.46.628402 (536cd7adbad73a..., userDataDir: C:\Users\ABEGAI~1\AppData\L...}, cssSelectorsEnabled: true, databaseEnabled: false, goog:chromeOptions: {debuggerAddress: localhost:60481}, handlesAlerts: true, hasTouchScreen: false, javascriptEnabled: true, locationContextEnabled: true, mobileEmulationEnabled: false, nativeEvents: true, networkConnectionEnabled: false, pageLoadStrategy: normal, platform: XP, platformName: XP, proxy: Proxy(), rotatable: false, setWindowRect: true, strictFileInteractability: false, takesHeapSnapshot: true, takesScreenshot: true, timeouts: {implicit: 0, pageLoad: 300000, script: 30000}, unexpectedAlertBehaviour: ignore, unhandledPromptBehavior: ignore, version: 72.0.3626.121, webStorageEnabled: true}
Session ID: f7a26864d4af60e86d1073bd0bbd0db2
*** Element info: {Using=xpath, value=//div[@id=&apos;divUsername&apos; and @class=&apos;textInputContainer&apos;]//span[@class=&apos;form-hint&apos;]}
	at org.openqa.selenium.remote.ErrorHandler.createThrowable(ErrorHandler.java:214)
	at org.openqa.selenium.remote.ErrorHandler.throwIfResponseFailed(ErrorHandler.java:166)
	at org.openqa.selenium.remote.http.JsonHttpResponseCodec.reconstructValue(JsonHttpResponseCodec.java:40)
	at org.openqa.selenium.remote.http.AbstractHttpResponseCodec.decode(AbstractHttpResponseCodec.java:80)
	at org.openqa.selenium.remote.http.AbstractHttpResponseCodec.decode(AbstractHttpResponseCodec.java:44)
	at org.openqa.selenium.remote.HttpCommandExecutor.execute(HttpCommandExecutor.java:158)
	at org.openqa.selenium.remote.service.DriverCommandExecutor.execute(DriverCommandExecutor.java:83)
	at org.openqa.selenium.remote.RemoteWebDriver.execute(RemoteWebDriver.java:552)
	at org.openqa.selenium.remote.RemoteWebDriver.findElement(RemoteWebDriver.java:323)
	at org.openqa.selenium.remote.RemoteWebDriver.findElementByXPath(RemoteWebDriver.java:428)
	at org.openqa.selenium.By$ByXPath.findElement(By.java:353)
	at org.openqa.selenium.remote.RemoteWebDriver.findElement(RemoteWebDriver.java:315)
	at testClasses.GenericMethods.getElement(GenericMethods.java:24)
	at com.orangeHRM.TestNG_login_PageElements.placeholdersUN(TestNG_login_PageElements.java:98)
	at com.orangeHRM.TestNG_login.TestCase18_testAuthenticationSuccessPlacholders(TestNG_login.java:418)
... Removed 38 stack frames
</div> <!-- stack-trace -->
                </div> <!-- method-content -->
              </div> <!-- method -->
              <div class="method">
                <div class="method-content">
                  <a name="TestCase19_testAuthenticationSuccessLoginTextboxesInputs(&lt;script&gt; &quot;Hello&quot;&lt;\script&gt; , &lt;script&gt; &quot;Hello&quot;&lt;\script&gt; )">
                  </a> <!-- TestCase19_testAuthenticationSuccessLoginTextboxesInputs(<script> "Hello"<\script> , <script> "Hello"<\script> ) -->
                  <span class="method-name">TestCase19_testAuthenticationSuccessLoginTextboxesInputs</span>
                  <span class="parameters">(<script> "Hello"<\script> , <script> "Hello"<\script> )</span>
                  <div class="stack-trace">org.openqa.selenium.WebDriverException: chrome not reachable
  (Session info: chrome=72.0.3626.121)
  (Driver info: chromedriver=2.46.628402 (536cd7adbad73a3783fdc2cab92ab2ba7ec361e1),platform=Windows NT 10.0.17134 x86_64) (WARNING: The server did not provide any stacktrace information)
Command duration or timeout: 0 milliseconds
Build info: version: &apos;3.141.59&apos;, revision: &apos;e82be7d358&apos;, time: &apos;2018-11-14T08:17:03&apos;
System info: host: &apos;DELL&apos;, ip: &apos;10.81.168.53&apos;, os.name: &apos;Windows 10&apos;, os.arch: &apos;amd64&apos;, os.version: &apos;10.0&apos;, java.version: &apos;1.8.0_201&apos;
Driver info: org.openqa.selenium.chrome.ChromeDriver
Capabilities {acceptInsecureCerts: false, acceptSslCerts: false, applicationCacheEnabled: false, browserConnectionEnabled: false, browserName: chrome, chrome: {chromedriverVersion: 2.46.628402 (536cd7adbad73a..., userDataDir: C:\Users\ABEGAI~1\AppData\L...}, cssSelectorsEnabled: true, databaseEnabled: false, goog:chromeOptions: {debuggerAddress: localhost:60481}, handlesAlerts: true, hasTouchScreen: false, javascriptEnabled: true, locationContextEnabled: true, mobileEmulationEnabled: false, nativeEvents: true, networkConnectionEnabled: false, pageLoadStrategy: normal, platform: XP, platformName: XP, proxy: Proxy(), rotatable: false, setWindowRect: true, strictFileInteractability: false, takesHeapSnapshot: true, takesScreenshot: true, timeouts: {implicit: 0, pageLoad: 300000, script: 30000}, unexpectedAlertBehaviour: ignore, unhandledPromptBehavior: ignore, version: 72.0.3626.121, webStorageEnabled: true}
Session ID: f7a26864d4af60e86d1073bd0bbd0db2
*** Element info: {Using=xpath, value=//input[@name=&apos;txtUsername&apos; and @id=&apos;txtUsername&apos;]}
	at org.openqa.selenium.remote.ErrorHandler.createThrowable(ErrorHandler.java:214)
	at org.openqa.selenium.remote.ErrorHandler.throwIfResponseFailed(ErrorHandler.java:166)
	at org.openqa.selenium.remote.http.JsonHttpResponseCodec.reconstructValue(JsonHttpResponseCodec.java:40)
	at org.openqa.selenium.remote.http.AbstractHttpResponseCodec.decode(AbstractHttpResponseCodec.java:80)
	at org.openqa.selenium.remote.http.AbstractHttpResponseCodec.decode(AbstractHttpResponseCodec.java:44)
	at org.openqa.selenium.remote.HttpCommandExecutor.execute(HttpCommandExecutor.java:158)
	at org.openqa.selenium.remote.service.DriverCommandExecutor.execute(DriverCommandExecutor.java:83)
	at org.openqa.selenium.remote.RemoteWebDriver.execute(RemoteWebDriver.java:552)
	at org.openqa.selenium.remote.RemoteWebDriver.findElement(RemoteWebDriver.java:323)
	at org.openqa.selenium.remote.RemoteWebDriver.findElementByXPath(RemoteWebDriver.java:428)
	at org.openqa.selenium.By$ByXPath.findElement(By.java:353)
	at org.openqa.selenium.remote.RemoteWebDriver.findElement(RemoteWebDriver.java:315)
	at testClasses.GenericMethods.getElement(GenericMethods.java:24)
	at com.orangeHRM.TestNG_login_PageElements.usernameTextBox(TestNG_login_PageElements.java:12)
	at com.orangeHRM.TestNG_login.TestCase19_testAuthenticationSuccessLoginTextboxesInputs(TestNG_login.java:460)
... Removed 37 stack frames
</div> <!-- stack-trace -->
                </div> <!-- method-content -->
              </div> <!-- method -->
              <div class="method">
                <div class="method-content">
                  <a name="TestCase19_testAuthenticationSuccessLoginTextboxesInputs(~~~~  #$%, ~~~~  #$%)">
                  </a> <!-- TestCase19_testAuthenticationSuccessLoginTextboxesInputs(~~~~  #$%, ~~~~  #$%) -->
                  <span class="method-name">TestCase19_testAuthenticationSuccessLoginTextboxesInputs</span>
                  <span class="parameters">(~~~~  #$%, ~~~~  #$%)</span>
                  <div class="stack-trace">org.openqa.selenium.WebDriverException: chrome not reachable
  (Session info: chrome=72.0.3626.121)
  (Driver info: chromedriver=2.46.628402 (536cd7adbad73a3783fdc2cab92ab2ba7ec361e1),platform=Windows NT 10.0.17134 x86_64) (WARNING: The server did not provide any stacktrace information)
Command duration or timeout: 0 milliseconds
Build info: version: &apos;3.141.59&apos;, revision: &apos;e82be7d358&apos;, time: &apos;2018-11-14T08:17:03&apos;
System info: host: &apos;DELL&apos;, ip: &apos;10.81.168.53&apos;, os.name: &apos;Windows 10&apos;, os.arch: &apos;amd64&apos;, os.version: &apos;10.0&apos;, java.version: &apos;1.8.0_201&apos;
Driver info: org.openqa.selenium.chrome.ChromeDriver
Capabilities {acceptInsecureCerts: false, acceptSslCerts: false, applicationCacheEnabled: false, browserConnectionEnabled: false, browserName: chrome, chrome: {chromedriverVersion: 2.46.628402 (536cd7adbad73a..., userDataDir: C:\Users\ABEGAI~1\AppData\L...}, cssSelectorsEnabled: true, databaseEnabled: false, goog:chromeOptions: {debuggerAddress: localhost:60481}, handlesAlerts: true, hasTouchScreen: false, javascriptEnabled: true, locationContextEnabled: true, mobileEmulationEnabled: false, nativeEvents: true, networkConnectionEnabled: false, pageLoadStrategy: normal, platform: XP, platformName: XP, proxy: Proxy(), rotatable: false, setWindowRect: true, strictFileInteractability: false, takesHeapSnapshot: true, takesScreenshot: true, timeouts: {implicit: 0, pageLoad: 300000, script: 30000}, unexpectedAlertBehaviour: ignore, unhandledPromptBehavior: ignore, version: 72.0.3626.121, webStorageEnabled: true}
Session ID: f7a26864d4af60e86d1073bd0bbd0db2
*** Element info: {Using=xpath, value=//input[@name=&apos;txtUsername&apos; and @id=&apos;txtUsername&apos;]}
	at org.openqa.selenium.remote.ErrorHandler.createThrowable(ErrorHandler.java:214)
	at org.openqa.selenium.remote.ErrorHandler.throwIfResponseFailed(ErrorHandler.java:166)
	at org.openqa.selenium.remote.http.JsonHttpResponseCodec.reconstructValue(JsonHttpResponseCodec.java:40)
	at org.openqa.selenium.remote.http.AbstractHttpResponseCodec.decode(AbstractHttpResponseCodec.java:80)
	at org.openqa.selenium.remote.http.AbstractHttpResponseCodec.decode(AbstractHttpResponseCodec.java:44)
	at org.openqa.selenium.remote.HttpCommandExecutor.execute(HttpCommandExecutor.java:158)
	at org.openqa.selenium.remote.service.DriverCommandExecutor.execute(DriverCommandExecutor.java:83)
	at org.openqa.selenium.remote.RemoteWebDriver.execute(RemoteWebDriver.java:552)
	at org.openqa.selenium.remote.RemoteWebDriver.findElement(RemoteWebDriver.java:323)
	at org.openqa.selenium.remote.RemoteWebDriver.findElementByXPath(RemoteWebDriver.java:428)
	at org.openqa.selenium.By$ByXPath.findElement(By.java:353)
	at org.openqa.selenium.remote.RemoteWebDriver.findElement(RemoteWebDriver.java:315)
	at testClasses.GenericMethods.getElement(GenericMethods.java:24)
	at com.orangeHRM.TestNG_login_PageElements.usernameTextBox(TestNG_login_PageElements.java:12)
	at com.orangeHRM.TestNG_login.TestCase19_testAuthenticationSuccessLoginTextboxesInputs(TestNG_login.java:460)
... Removed 38 stack frames
</div> <!-- stack-trace -->
                </div> <!-- method-content -->
              </div> <!-- method -->
              <div class="method">
                <div class="method-content">
                  <a name="TestCase19_testAuthenticationSuccessLoginTextboxesInputs(ABC, ABC)">
                  </a> <!-- TestCase19_testAuthenticationSuccessLoginTextboxesInputs(ABC, ABC) -->
                  <span class="method-name">TestCase19_testAuthenticationSuccessLoginTextboxesInputs</span>
                  <span class="parameters">(ABC, ABC)</span>
                  <div class="stack-trace">org.openqa.selenium.WebDriverException: chrome not reachable
  (Session info: chrome=72.0.3626.121)
  (Driver info: chromedriver=2.46.628402 (536cd7adbad73a3783fdc2cab92ab2ba7ec361e1),platform=Windows NT 10.0.17134 x86_64) (WARNING: The server did not provide any stacktrace information)
Command duration or timeout: 0 milliseconds
Build info: version: &apos;3.141.59&apos;, revision: &apos;e82be7d358&apos;, time: &apos;2018-11-14T08:17:03&apos;
System info: host: &apos;DELL&apos;, ip: &apos;10.81.168.53&apos;, os.name: &apos;Windows 10&apos;, os.arch: &apos;amd64&apos;, os.version: &apos;10.0&apos;, java.version: &apos;1.8.0_201&apos;
Driver info: org.openqa.selenium.chrome.ChromeDriver
Capabilities {acceptInsecureCerts: false, acceptSslCerts: false, applicationCacheEnabled: false, browserConnectionEnabled: false, browserName: chrome, chrome: {chromedriverVersion: 2.46.628402 (536cd7adbad73a..., userDataDir: C:\Users\ABEGAI~1\AppData\L...}, cssSelectorsEnabled: true, databaseEnabled: false, goog:chromeOptions: {debuggerAddress: localhost:60481}, handlesAlerts: true, hasTouchScreen: false, javascriptEnabled: true, locationContextEnabled: true, mobileEmulationEnabled: false, nativeEvents: true, networkConnectionEnabled: false, pageLoadStrategy: normal, platform: XP, platformName: XP, proxy: Proxy(), rotatable: false, setWindowRect: true, strictFileInteractability: false, takesHeapSnapshot: true, takesScreenshot: true, timeouts: {implicit: 0, pageLoad: 300000, script: 30000}, unexpectedAlertBehaviour: ignore, unhandledPromptBehavior: ignore, version: 72.0.3626.121, webStorageEnabled: true}
Session ID: f7a26864d4af60e86d1073bd0bbd0db2
*** Element info: {Using=xpath, value=//input[@name=&apos;txtUsername&apos; and @id=&apos;txtUsername&apos;]}
	at org.openqa.selenium.remote.ErrorHandler.createThrowable(ErrorHandler.java:214)
	at org.openqa.selenium.remote.ErrorHandler.throwIfResponseFailed(ErrorHandler.java:166)
	at org.openqa.selenium.remote.http.JsonHttpResponseCodec.reconstructValue(JsonHttpResponseCodec.java:40)
	at org.openqa.selenium.remote.http.AbstractHttpResponseCodec.decode(AbstractHttpResponseCodec.java:80)
	at org.openqa.selenium.remote.http.AbstractHttpResponseCodec.decode(AbstractHttpResponseCodec.java:44)
	at org.openqa.selenium.remote.HttpCommandExecutor.execute(HttpCommandExecutor.java:158)
	at org.openqa.selenium.remote.service.DriverCommandExecutor.execute(DriverCommandExecutor.java:83)
	at org.openqa.selenium.remote.RemoteWebDriver.execute(RemoteWebDriver.java:552)
	at org.openqa.selenium.remote.RemoteWebDriver.findElement(RemoteWebDriver.java:323)
	at org.openqa.selenium.remote.RemoteWebDriver.findElementByXPath(RemoteWebDriver.java:428)
	at org.openqa.selenium.By$ByXPath.findElement(By.java:353)
	at org.openqa.selenium.remote.RemoteWebDriver.findElement(RemoteWebDriver.java:315)
	at testClasses.GenericMethods.getElement(GenericMethods.java:24)
	at com.orangeHRM.TestNG_login_PageElements.usernameTextBox(TestNG_login_PageElements.java:12)
	at com.orangeHRM.TestNG_login.TestCase19_testAuthenticationSuccessLoginTextboxesInputs(TestNG_login.java:460)
... Removed 38 stack frames
</div> <!-- stack-trace -->
                </div> <!-- method-content -->
              </div> <!-- method -->
              <div class="method">
                <div class="method-content">
                  <a name="TestCase19_testAuthenticationSuccessLoginTextboxesInputs(aBC 12~!@#$, aBC 12~!@#$)">
                  </a> <!-- TestCase19_testAuthenticationSuccessLoginTextboxesInputs(aBC 12~!@#$, aBC 12~!@#$) -->
                  <span class="method-name">TestCase19_testAuthenticationSuccessLoginTextboxesInputs</span>
                  <span class="parameters">(aBC 12~!@#$, aBC 12~!@#$)</span>
                  <div class="stack-trace">org.openqa.selenium.WebDriverException: chrome not reachable
  (Session info: chrome=72.0.3626.121)
  (Driver info: chromedriver=2.46.628402 (536cd7adbad73a3783fdc2cab92ab2ba7ec361e1),platform=Windows NT 10.0.17134 x86_64) (WARNING: The server did not provide any stacktrace information)
Command duration or timeout: 0 milliseconds
Build info: version: &apos;3.141.59&apos;, revision: &apos;e82be7d358&apos;, time: &apos;2018-11-14T08:17:03&apos;
System info: host: &apos;DELL&apos;, ip: &apos;10.81.168.53&apos;, os.name: &apos;Windows 10&apos;, os.arch: &apos;amd64&apos;, os.version: &apos;10.0&apos;, java.version: &apos;1.8.0_201&apos;
Driver info: org.openqa.selenium.chrome.ChromeDriver
Capabilities {acceptInsecureCerts: false, acceptSslCerts: false, applicationCacheEnabled: false, browserConnectionEnabled: false, browserName: chrome, chrome: {chromedriverVersion: 2.46.628402 (536cd7adbad73a..., userDataDir: C:\Users\ABEGAI~1\AppData\L...}, cssSelectorsEnabled: true, databaseEnabled: false, goog:chromeOptions: {debuggerAddress: localhost:60481}, handlesAlerts: true, hasTouchScreen: false, javascriptEnabled: true, locationContextEnabled: true, mobileEmulationEnabled: false, nativeEvents: true, networkConnectionEnabled: false, pageLoadStrategy: normal, platform: XP, platformName: XP, proxy: Proxy(), rotatable: false, setWindowRect: true, strictFileInteractability: false, takesHeapSnapshot: true, takesScreenshot: true, timeouts: {implicit: 0, pageLoad: 300000, script: 30000}, unexpectedAlertBehaviour: ignore, unhandledPromptBehavior: ignore, version: 72.0.3626.121, webStorageEnabled: true}
Session ID: f7a26864d4af60e86d1073bd0bbd0db2
*** Element info: {Using=xpath, value=//input[@name=&apos;txtUsername&apos; and @id=&apos;txtUsername&apos;]}
	at org.openqa.selenium.remote.ErrorHandler.createThrowable(ErrorHandler.java:214)
	at org.openqa.selenium.remote.ErrorHandler.throwIfResponseFailed(ErrorHandler.java:166)
	at org.openqa.selenium.remote.http.JsonHttpResponseCodec.reconstructValue(JsonHttpResponseCodec.java:40)
	at org.openqa.selenium.remote.http.AbstractHttpResponseCodec.decode(AbstractHttpResponseCodec.java:80)
	at org.openqa.selenium.remote.http.AbstractHttpResponseCodec.decode(AbstractHttpResponseCodec.java:44)
	at org.openqa.selenium.remote.HttpCommandExecutor.execute(HttpCommandExecutor.java:158)
	at org.openqa.selenium.remote.service.DriverCommandExecutor.execute(DriverCommandExecutor.java:83)
	at org.openqa.selenium.remote.RemoteWebDriver.execute(RemoteWebDriver.java:552)
	at org.openqa.selenium.remote.RemoteWebDriver.findElement(RemoteWebDriver.java:323)
	at org.openqa.selenium.remote.RemoteWebDriver.findElementByXPath(RemoteWebDriver.java:428)
	at org.openqa.selenium.By$ByXPath.findElement(By.java:353)
	at org.openqa.selenium.remote.RemoteWebDriver.findElement(RemoteWebDriver.java:315)
	at testClasses.GenericMethods.getElement(GenericMethods.java:24)
	at com.orangeHRM.TestNG_login_PageElements.usernameTextBox(TestNG_login_PageElements.java:12)
	at com.orangeHRM.TestNG_login.TestCase19_testAuthenticationSuccessLoginTextboxesInputs(TestNG_login.java:460)
... Removed 38 stack frames
</div> <!-- stack-trace -->
                </div> <!-- method-content -->
              </div> <!-- method -->
              <div class="method">
                <div class="method-content">
                  <a name="TestCase19_testAuthenticationSuccessLoginTextboxesInputs(abc123, ABc123)">
                  </a> <!-- TestCase19_testAuthenticationSuccessLoginTextboxesInputs(abc123, ABc123) -->
                  <span class="method-name">TestCase19_testAuthenticationSuccessLoginTextboxesInputs</span>
                  <span class="parameters">(abc123, ABc123)</span>
                  <div class="stack-trace">org.openqa.selenium.WebDriverException: chrome not reachable
  (Session info: chrome=72.0.3626.121)
  (Driver info: chromedriver=2.46.628402 (536cd7adbad73a3783fdc2cab92ab2ba7ec361e1),platform=Windows NT 10.0.17134 x86_64) (WARNING: The server did not provide any stacktrace information)
Command duration or timeout: 0 milliseconds
Build info: version: &apos;3.141.59&apos;, revision: &apos;e82be7d358&apos;, time: &apos;2018-11-14T08:17:03&apos;
System info: host: &apos;DELL&apos;, ip: &apos;10.81.168.53&apos;, os.name: &apos;Windows 10&apos;, os.arch: &apos;amd64&apos;, os.version: &apos;10.0&apos;, java.version: &apos;1.8.0_201&apos;
Driver info: org.openqa.selenium.chrome.ChromeDriver
Capabilities {acceptInsecureCerts: false, acceptSslCerts: false, applicationCacheEnabled: false, browserConnectionEnabled: false, browserName: chrome, chrome: {chromedriverVersion: 2.46.628402 (536cd7adbad73a..., userDataDir: C:\Users\ABEGAI~1\AppData\L...}, cssSelectorsEnabled: true, databaseEnabled: false, goog:chromeOptions: {debuggerAddress: localhost:60481}, handlesAlerts: true, hasTouchScreen: false, javascriptEnabled: true, locationContextEnabled: true, mobileEmulationEnabled: false, nativeEvents: true, networkConnectionEnabled: false, pageLoadStrategy: normal, platform: XP, platformName: XP, proxy: Proxy(), rotatable: false, setWindowRect: true, strictFileInteractability: false, takesHeapSnapshot: true, takesScreenshot: true, timeouts: {implicit: 0, pageLoad: 300000, script: 30000}, unexpectedAlertBehaviour: ignore, unhandledPromptBehavior: ignore, version: 72.0.3626.121, webStorageEnabled: true}
Session ID: f7a26864d4af60e86d1073bd0bbd0db2
*** Element info: {Using=xpath, value=//input[@name=&apos;txtUsername&apos; and @id=&apos;txtUsername&apos;]}
	at org.openqa.selenium.remote.ErrorHandler.createThrowable(ErrorHandler.java:214)
	at org.openqa.selenium.remote.ErrorHandler.throwIfResponseFailed(ErrorHandler.java:166)
	at org.openqa.selenium.remote.http.JsonHttpResponseCodec.reconstructValue(JsonHttpResponseCodec.java:40)
	at org.openqa.selenium.remote.http.AbstractHttpResponseCodec.decode(AbstractHttpResponseCodec.java:80)
	at org.openqa.selenium.remote.http.AbstractHttpResponseCodec.decode(AbstractHttpResponseCodec.java:44)
	at org.openqa.selenium.remote.HttpCommandExecutor.execute(HttpCommandExecutor.java:158)
	at org.openqa.selenium.remote.service.DriverCommandExecutor.execute(DriverCommandExecutor.java:83)
	at org.openqa.selenium.remote.RemoteWebDriver.execute(RemoteWebDriver.java:552)
	at org.openqa.selenium.remote.RemoteWebDriver.findElement(RemoteWebDriver.java:323)
	at org.openqa.selenium.remote.RemoteWebDriver.findElementByXPath(RemoteWebDriver.java:428)
	at org.openqa.selenium.By$ByXPath.findElement(By.java:353)
	at org.openqa.selenium.remote.RemoteWebDriver.findElement(RemoteWebDriver.java:315)
	at testClasses.GenericMethods.getElement(GenericMethods.java:24)
	at com.orangeHRM.TestNG_login_PageElements.usernameTextBox(TestNG_login_PageElements.java:12)
	at com.orangeHRM.TestNG_login.TestCase19_testAuthenticationSuccessLoginTextboxesInputs(TestNG_login.java:460)
... Removed 38 stack frames
</div> <!-- stack-trace -->
                </div> <!-- method-content -->
              </div> <!-- method -->
              <div class="method">
                <div class="method-content">
                  <a name="TestCase19_testAuthenticationSuccessLoginTextboxesInputs(abc, abc)">
                  </a> <!-- TestCase19_testAuthenticationSuccessLoginTextboxesInputs(abc, abc) -->
                  <span class="method-name">TestCase19_testAuthenticationSuccessLoginTextboxesInputs</span>
                  <span class="parameters">(abc, abc)</span>
                  <div class="stack-trace">org.openqa.selenium.WebDriverException: chrome not reachable
  (Session info: chrome=72.0.3626.121)
  (Driver info: chromedriver=2.46.628402 (536cd7adbad73a3783fdc2cab92ab2ba7ec361e1),platform=Windows NT 10.0.17134 x86_64) (WARNING: The server did not provide any stacktrace information)
Command duration or timeout: 0 milliseconds
Build info: version: &apos;3.141.59&apos;, revision: &apos;e82be7d358&apos;, time: &apos;2018-11-14T08:17:03&apos;
System info: host: &apos;DELL&apos;, ip: &apos;10.81.168.53&apos;, os.name: &apos;Windows 10&apos;, os.arch: &apos;amd64&apos;, os.version: &apos;10.0&apos;, java.version: &apos;1.8.0_201&apos;
Driver info: org.openqa.selenium.chrome.ChromeDriver
Capabilities {acceptInsecureCerts: false, acceptSslCerts: false, applicationCacheEnabled: false, browserConnectionEnabled: false, browserName: chrome, chrome: {chromedriverVersion: 2.46.628402 (536cd7adbad73a..., userDataDir: C:\Users\ABEGAI~1\AppData\L...}, cssSelectorsEnabled: true, databaseEnabled: false, goog:chromeOptions: {debuggerAddress: localhost:60481}, handlesAlerts: true, hasTouchScreen: false, javascriptEnabled: true, locationContextEnabled: true, mobileEmulationEnabled: false, nativeEvents: true, networkConnectionEnabled: false, pageLoadStrategy: normal, platform: XP, platformName: XP, proxy: Proxy(), rotatable: false, setWindowRect: true, strictFileInteractability: false, takesHeapSnapshot: true, takesScreenshot: true, timeouts: {implicit: 0, pageLoad: 300000, script: 30000}, unexpectedAlertBehaviour: ignore, unhandledPromptBehavior: ignore, version: 72.0.3626.121, webStorageEnabled: true}
Session ID: f7a26864d4af60e86d1073bd0bbd0db2
*** Element info: {Using=xpath, value=//input[@name=&apos;txtUsername&apos; and @id=&apos;txtUsername&apos;]}
	at org.openqa.selenium.remote.ErrorHandler.createThrowable(ErrorHandler.java:214)
	at org.openqa.selenium.remote.ErrorHandler.throwIfResponseFailed(ErrorHandler.java:166)
	at org.openqa.selenium.remote.http.JsonHttpResponseCodec.reconstructValue(JsonHttpResponseCodec.java:40)
	at org.openqa.selenium.remote.http.AbstractHttpResponseCodec.decode(AbstractHttpResponseCodec.java:80)
	at org.openqa.selenium.remote.http.AbstractHttpResponseCodec.decode(AbstractHttpResponseCodec.java:44)
	at org.openqa.selenium.remote.HttpCommandExecutor.execute(HttpCommandExecutor.java:158)
	at org.openqa.selenium.remote.service.DriverCommandExecutor.execute(DriverCommandExecutor.java:83)
	at org.openqa.selenium.remote.RemoteWebDriver.execute(RemoteWebDriver.java:552)
	at org.openqa.selenium.remote.RemoteWebDriver.findElement(RemoteWebDriver.java:323)
	at org.openqa.selenium.remote.RemoteWebDriver.findElementByXPath(RemoteWebDriver.java:428)
	at org.openqa.selenium.By$ByXPath.findElement(By.java:353)
	at org.openqa.selenium.remote.RemoteWebDriver.findElement(RemoteWebDriver.java:315)
	at testClasses.GenericMethods.getElement(GenericMethods.java:24)
	at com.orangeHRM.TestNG_login_PageElements.usernameTextBox(TestNG_login_PageElements.java:12)
	at com.orangeHRM.TestNG_login.TestCase19_testAuthenticationSuccessLoginTextboxesInputs(TestNG_login.java:460)
... Removed 38 stack frames
</div> <!-- stack-trace -->
                </div> <!-- method-content -->
              </div> <!-- method -->
              <div class="method">
                <div class="method-content">
                  <a name="TestCase19_testAuthenticationSuccessLoginTextboxesInputs(,./&lt;&gt;?234eBFG []\, ,./&lt;&gt;?234eBFG []\)">
                  </a> <!-- TestCase19_testAuthenticationSuccessLoginTextboxesInputs(,./<>?234eBFG []\, ,./<>?234eBFG []\) -->
                  <span class="method-name">TestCase19_testAuthenticationSuccessLoginTextboxesInputs</span>
                  <span class="parameters">(,./<>?234eBFG []\, ,./<>?234eBFG []\)</span>
                  <div class="stack-trace">org.openqa.selenium.WebDriverException: chrome not reachable
  (Session info: chrome=72.0.3626.121)
  (Driver info: chromedriver=2.46.628402 (536cd7adbad73a3783fdc2cab92ab2ba7ec361e1),platform=Windows NT 10.0.17134 x86_64) (WARNING: The server did not provide any stacktrace information)
Command duration or timeout: 0 milliseconds
Build info: version: &apos;3.141.59&apos;, revision: &apos;e82be7d358&apos;, time: &apos;2018-11-14T08:17:03&apos;
System info: host: &apos;DELL&apos;, ip: &apos;10.81.168.53&apos;, os.name: &apos;Windows 10&apos;, os.arch: &apos;amd64&apos;, os.version: &apos;10.0&apos;, java.version: &apos;1.8.0_201&apos;
Driver info: org.openqa.selenium.chrome.ChromeDriver
Capabilities {acceptInsecureCerts: false, acceptSslCerts: false, applicationCacheEnabled: false, browserConnectionEnabled: false, browserName: chrome, chrome: {chromedriverVersion: 2.46.628402 (536cd7adbad73a..., userDataDir: C:\Users\ABEGAI~1\AppData\L...}, cssSelectorsEnabled: true, databaseEnabled: false, goog:chromeOptions: {debuggerAddress: localhost:60481}, handlesAlerts: true, hasTouchScreen: false, javascriptEnabled: true, locationContextEnabled: true, mobileEmulationEnabled: false, nativeEvents: true, networkConnectionEnabled: false, pageLoadStrategy: normal, platform: XP, platformName: XP, proxy: Proxy(), rotatable: false, setWindowRect: true, strictFileInteractability: false, takesHeapSnapshot: true, takesScreenshot: true, timeouts: {implicit: 0, pageLoad: 300000, script: 30000}, unexpectedAlertBehaviour: ignore, unhandledPromptBehavior: ignore, version: 72.0.3626.121, webStorageEnabled: true}
Session ID: f7a26864d4af60e86d1073bd0bbd0db2
*** Element info: {Using=xpath, value=//input[@name=&apos;txtUsername&apos; and @id=&apos;txtUsername&apos;]}
	at org.openqa.selenium.remote.ErrorHandler.createThrowable(ErrorHandler.java:214)
	at org.openqa.selenium.remote.ErrorHandler.throwIfResponseFailed(ErrorHandler.java:166)
	at org.openqa.selenium.remote.http.JsonHttpResponseCodec.reconstructValue(JsonHttpResponseCodec.java:40)
	at org.openqa.selenium.remote.http.AbstractHttpResponseCodec.decode(AbstractHttpResponseCodec.java:80)
	at org.openqa.selenium.remote.http.AbstractHttpResponseCodec.decode(AbstractHttpResponseCodec.java:44)
	at org.openqa.selenium.remote.HttpCommandExecutor.execute(HttpCommandExecutor.java:158)
	at org.openqa.selenium.remote.service.DriverCommandExecutor.execute(DriverCommandExecutor.java:83)
	at org.openqa.selenium.remote.RemoteWebDriver.execute(RemoteWebDriver.java:552)
	at org.openqa.selenium.remote.RemoteWebDriver.findElement(RemoteWebDriver.java:323)
	at org.openqa.selenium.remote.RemoteWebDriver.findElementByXPath(RemoteWebDriver.java:428)
	at org.openqa.selenium.By$ByXPath.findElement(By.java:353)
	at org.openqa.selenium.remote.RemoteWebDriver.findElement(RemoteWebDriver.java:315)
	at testClasses.GenericMethods.getElement(GenericMethods.java:24)
	at com.orangeHRM.TestNG_login_PageElements.usernameTextBox(TestNG_login_PageElements.java:12)
	at com.orangeHRM.TestNG_login.TestCase19_testAuthenticationSuccessLoginTextboxesInputs(TestNG_login.java:460)
... Removed 37 stack frames
</div> <!-- stack-trace -->
                </div> <!-- method-content -->
              </div> <!-- method -->
              <div class="method">
                <div class="method-content">
                  <a name="TestCase19_testAuthenticationSuccessLoginTextboxesInputs(123, 123)">
                  </a> <!-- TestCase19_testAuthenticationSuccessLoginTextboxesInputs(123, 123) -->
                  <span class="method-name">TestCase19_testAuthenticationSuccessLoginTextboxesInputs</span>
                  <span class="parameters">(123, 123)</span>
                  <div class="stack-trace">org.openqa.selenium.WebDriverException: chrome not reachable
  (Session info: chrome=72.0.3626.121)
  (Driver info: chromedriver=2.46.628402 (536cd7adbad73a3783fdc2cab92ab2ba7ec361e1),platform=Windows NT 10.0.17134 x86_64) (WARNING: The server did not provide any stacktrace information)
Command duration or timeout: 0 milliseconds
Build info: version: &apos;3.141.59&apos;, revision: &apos;e82be7d358&apos;, time: &apos;2018-11-14T08:17:03&apos;
System info: host: &apos;DELL&apos;, ip: &apos;10.81.168.53&apos;, os.name: &apos;Windows 10&apos;, os.arch: &apos;amd64&apos;, os.version: &apos;10.0&apos;, java.version: &apos;1.8.0_201&apos;
Driver info: org.openqa.selenium.chrome.ChromeDriver
Capabilities {acceptInsecureCerts: false, acceptSslCerts: false, applicationCacheEnabled: false, browserConnectionEnabled: false, browserName: chrome, chrome: {chromedriverVersion: 2.46.628402 (536cd7adbad73a..., userDataDir: C:\Users\ABEGAI~1\AppData\L...}, cssSelectorsEnabled: true, databaseEnabled: false, goog:chromeOptions: {debuggerAddress: localhost:60481}, handlesAlerts: true, hasTouchScreen: false, javascriptEnabled: true, locationContextEnabled: true, mobileEmulationEnabled: false, nativeEvents: true, networkConnectionEnabled: false, pageLoadStrategy: normal, platform: XP, platformName: XP, proxy: Proxy(), rotatable: false, setWindowRect: true, strictFileInteractability: false, takesHeapSnapshot: true, takesScreenshot: true, timeouts: {implicit: 0, pageLoad: 300000, script: 30000}, unexpectedAlertBehaviour: ignore, unhandledPromptBehavior: ignore, version: 72.0.3626.121, webStorageEnabled: true}
Session ID: f7a26864d4af60e86d1073bd0bbd0db2
*** Element info: {Using=xpath, value=//input[@name=&apos;txtUsername&apos; and @id=&apos;txtUsername&apos;]}
	at org.openqa.selenium.remote.ErrorHandler.createThrowable(ErrorHandler.java:214)
	at org.openqa.selenium.remote.ErrorHandler.throwIfResponseFailed(ErrorHandler.java:166)
	at org.openqa.selenium.remote.http.JsonHttpResponseCodec.reconstructValue(JsonHttpResponseCodec.java:40)
	at org.openqa.selenium.remote.http.AbstractHttpResponseCodec.decode(AbstractHttpResponseCodec.java:80)
	at org.openqa.selenium.remote.http.AbstractHttpResponseCodec.decode(AbstractHttpResponseCodec.java:44)
	at org.openqa.selenium.remote.HttpCommandExecutor.execute(HttpCommandExecutor.java:158)
	at org.openqa.selenium.remote.service.DriverCommandExecutor.execute(DriverCommandExecutor.java:83)
	at org.openqa.selenium.remote.RemoteWebDriver.execute(RemoteWebDriver.java:552)
	at org.openqa.selenium.remote.RemoteWebDriver.findElement(RemoteWebDriver.java:323)
	at org.openqa.selenium.remote.RemoteWebDriver.findElementByXPath(RemoteWebDriver.java:428)
	at org.openqa.selenium.By$ByXPath.findElement(By.java:353)
	at org.openqa.selenium.remote.RemoteWebDriver.findElement(RemoteWebDriver.java:315)
	at testClasses.GenericMethods.getElement(GenericMethods.java:24)
	at com.orangeHRM.TestNG_login_PageElements.usernameTextBox(TestNG_login_PageElements.java:12)
	at com.orangeHRM.TestNG_login.TestCase19_testAuthenticationSuccessLoginTextboxesInputs(TestNG_login.java:460)
... Removed 38 stack frames
</div> <!-- stack-trace -->
                </div> <!-- method-content -->
              </div> <!-- method -->
              <div class="method">
                <div class="method-content">
                  <a name="TestCase19_testAuthenticationSuccessLoginTextboxesInputs(!@#$%^&amp;*()_+, !@#$%^&amp;*()_+)">
                  </a> <!-- TestCase19_testAuthenticationSuccessLoginTextboxesInputs(!@#$%^&*()_+, !@#$%^&*()_+) -->
                  <span class="method-name">TestCase19_testAuthenticationSuccessLoginTextboxesInputs</span>
                  <span class="parameters">(!@#$%^&*()_+, !@#$%^&*()_+)</span>
                  <div class="stack-trace">org.openqa.selenium.WebDriverException: chrome not reachable
  (Session info: chrome=72.0.3626.121)
  (Driver info: chromedriver=2.46.628402 (536cd7adbad73a3783fdc2cab92ab2ba7ec361e1),platform=Windows NT 10.0.17134 x86_64) (WARNING: The server did not provide any stacktrace information)
Command duration or timeout: 0 milliseconds
Build info: version: &apos;3.141.59&apos;, revision: &apos;e82be7d358&apos;, time: &apos;2018-11-14T08:17:03&apos;
System info: host: &apos;DELL&apos;, ip: &apos;10.81.168.53&apos;, os.name: &apos;Windows 10&apos;, os.arch: &apos;amd64&apos;, os.version: &apos;10.0&apos;, java.version: &apos;1.8.0_201&apos;
Driver info: org.openqa.selenium.chrome.ChromeDriver
Capabilities {acceptInsecureCerts: false, acceptSslCerts: false, applicationCacheEnabled: false, browserConnectionEnabled: false, browserName: chrome, chrome: {chromedriverVersion: 2.46.628402 (536cd7adbad73a..., userDataDir: C:\Users\ABEGAI~1\AppData\L...}, cssSelectorsEnabled: true, databaseEnabled: false, goog:chromeOptions: {debuggerAddress: localhost:60481}, handlesAlerts: true, hasTouchScreen: false, javascriptEnabled: true, locationContextEnabled: true, mobileEmulationEnabled: false, nativeEvents: true, networkConnectionEnabled: false, pageLoadStrategy: normal, platform: XP, platformName: XP, proxy: Proxy(), rotatable: false, setWindowRect: true, strictFileInteractability: false, takesHeapSnapshot: true, takesScreenshot: true, timeouts: {implicit: 0, pageLoad: 300000, script: 30000}, unexpectedAlertBehaviour: ignore, unhandledPromptBehavior: ignore, version: 72.0.3626.121, webStorageEnabled: true}
Session ID: f7a26864d4af60e86d1073bd0bbd0db2
*** Element info: {Using=xpath, value=//input[@name=&apos;txtUsername&apos; and @id=&apos;txtUsername&apos;]}
	at org.openqa.selenium.remote.ErrorHandler.createThrowable(ErrorHandler.java:214)
	at org.openqa.selenium.remote.ErrorHandler.throwIfResponseFailed(ErrorHandler.java:166)
	at org.openqa.selenium.remote.http.JsonHttpResponseCodec.reconstructValue(JsonHttpResponseCodec.java:40)
	at org.openqa.selenium.remote.http.AbstractHttpResponseCodec.decode(AbstractHttpResponseCodec.java:80)
	at org.openqa.selenium.remote.http.AbstractHttpResponseCodec.decode(AbstractHttpResponseCodec.java:44)
	at org.openqa.selenium.remote.HttpCommandExecutor.execute(HttpCommandExecutor.java:158)
	at org.openqa.selenium.remote.service.DriverCommandExecutor.execute(DriverCommandExecutor.java:83)
	at org.openqa.selenium.remote.RemoteWebDriver.execute(RemoteWebDriver.java:552)
	at org.openqa.selenium.remote.RemoteWebDriver.findElement(RemoteWebDriver.java:323)
	at org.openqa.selenium.remote.RemoteWebDriver.findElementByXPath(RemoteWebDriver.java:428)
	at org.openqa.selenium.By$ByXPath.findElement(By.java:353)
	at org.openqa.selenium.remote.RemoteWebDriver.findElement(RemoteWebDriver.java:315)
	at testClasses.GenericMethods.getElement(GenericMethods.java:24)
	at com.orangeHRM.TestNG_login_PageElements.usernameTextBox(TestNG_login_PageElements.java:12)
	at com.orangeHRM.TestNG_login.TestCase19_testAuthenticationSuccessLoginTextboxesInputs(TestNG_login.java:460)
... Removed 38 stack frames
</div> <!-- stack-trace -->
                </div> <!-- method-content -->
              </div> <!-- method -->
            </div> <!-- main-panel-content rounded-window-bottom -->
          </div> <!-- suite-Command_line_suite-class-failed -->
          <div class="suite-Command_line_suite-class-failed">
            <div class="main-panel-header rounded-window-top">
              <img src="failed.png"/>
              <span class="class-name">com.orangeHRM.TestNG_WelcomeAdmin</span>
            </div> <!-- main-panel-header rounded-window-top -->
            <div class="main-panel-content rounded-window-bottom">
              <div class="method">
                <div class="method-content">
                  <a name="TestCase01_testAuthenticationSuccessWelcomeAdminLinkPresent">
                  </a> <!-- TestCase01_testAuthenticationSuccessWelcomeAdminLinkPresent -->
                  <span class="method-name">TestCase01_testAuthenticationSuccessWelcomeAdminLinkPresent</span>
                  <div class="stack-trace">org.openqa.selenium.NoSuchElementException: no such element: Unable to locate element: {&quot;method&quot;:&quot;xpath&quot;,&quot;selector&quot;:&quot;//input[@name=&apos;txtUsername&apos; and @id=&apos;txtUsername&apos;]&quot;}
  (Session info: chrome=72.0.3626.121)
  (Driver info: chromedriver=2.46.628402 (536cd7adbad73a3783fdc2cab92ab2ba7ec361e1),platform=Windows NT 10.0.17134 x86_64) (WARNING: The server did not provide any stacktrace information)
Command duration or timeout: 0 milliseconds
For documentation on this error, please visit: https://www.seleniumhq.org/exceptions/no_such_element.html
Build info: version: &apos;3.141.59&apos;, revision: &apos;e82be7d358&apos;, time: &apos;2018-11-14T08:17:03&apos;
System info: host: &apos;DELL&apos;, ip: &apos;10.81.168.53&apos;, os.name: &apos;Windows 10&apos;, os.arch: &apos;amd64&apos;, os.version: &apos;10.0&apos;, java.version: &apos;1.8.0_201&apos;
Driver info: org.openqa.selenium.chrome.ChromeDriver
Capabilities {acceptInsecureCerts: false, acceptSslCerts: false, applicationCacheEnabled: false, browserConnectionEnabled: false, browserName: chrome, chrome: {chromedriverVersion: 2.46.628402 (536cd7adbad73a..., userDataDir: C:\Users\ABEGAI~1\AppData\L...}, cssSelectorsEnabled: true, databaseEnabled: false, goog:chromeOptions: {debuggerAddress: localhost:57136}, handlesAlerts: true, hasTouchScreen: false, javascriptEnabled: true, locationContextEnabled: true, mobileEmulationEnabled: false, nativeEvents: true, networkConnectionEnabled: false, pageLoadStrategy: normal, platform: XP, platformName: XP, proxy: Proxy(), rotatable: false, setWindowRect: true, strictFileInteractability: false, takesHeapSnapshot: true, takesScreenshot: true, timeouts: {implicit: 0, pageLoad: 300000, script: 30000}, unexpectedAlertBehaviour: ignore, unhandledPromptBehavior: ignore, version: 72.0.3626.121, webStorageEnabled: true}
Session ID: bb583183af49f0135f6d8ae94163e072
*** Element info: {Using=xpath, value=//input[@name=&apos;txtUsername&apos; and @id=&apos;txtUsername&apos;]}
	at org.openqa.selenium.remote.ErrorHandler.createThrowable(ErrorHandler.java:214)
	at org.openqa.selenium.remote.ErrorHandler.throwIfResponseFailed(ErrorHandler.java:166)
	at org.openqa.selenium.remote.http.JsonHttpResponseCodec.reconstructValue(JsonHttpResponseCodec.java:40)
	at org.openqa.selenium.remote.http.AbstractHttpResponseCodec.decode(AbstractHttpResponseCodec.java:80)
	at org.openqa.selenium.remote.http.AbstractHttpResponseCodec.decode(AbstractHttpResponseCodec.java:44)
	at org.openqa.selenium.remote.HttpCommandExecutor.execute(HttpCommandExecutor.java:158)
	at org.openqa.selenium.remote.service.DriverCommandExecutor.execute(DriverCommandExecutor.java:83)
	at org.openqa.selenium.remote.RemoteWebDriver.execute(RemoteWebDriver.java:552)
	at org.openqa.selenium.remote.RemoteWebDriver.findElement(RemoteWebDriver.java:323)
	at org.openqa.selenium.remote.RemoteWebDriver.findElementByXPath(RemoteWebDriver.java:428)
	at org.openqa.selenium.By$ByXPath.findElement(By.java:353)
	at org.openqa.selenium.remote.RemoteWebDriver.findElement(RemoteWebDriver.java:315)
	at testClasses.GenericMethods.getElement(GenericMethods.java:24)
	at com.orangeHRM.LoggingIn_PageElements.userNameTextBox(LoggingIn_PageElements.java:18)
	at testClasses.LoggingIn.LogIn(LoggingIn.java:21)
	at com.orangeHRM.TestNG_WelcomeAdmin.TestCase01_testAuthenticationSuccessWelcomeAdminLinkPresent(TestNG_WelcomeAdmin.java:17)
... Removed 39 stack frames
</div> <!-- stack-trace -->
                </div> <!-- method-content -->
              </div> <!-- method -->
              <div class="method">
                <div class="method-content">
                  <a name="TestCase02_testAuthenticationSuccessAboutMenuPresent">
                  </a> <!-- TestCase02_testAuthenticationSuccessAboutMenuPresent -->
                  <span class="method-name">TestCase02_testAuthenticationSuccessAboutMenuPresent</span>
                  <div class="stack-trace">org.openqa.selenium.NoSuchElementException: no such element: Unable to locate element: {&quot;method&quot;:&quot;link text&quot;,&quot;selector&quot;:&quot;Change Password&quot;}
  (Session info: chrome=72.0.3626.121)
  (Driver info: chromedriver=2.46.628402 (536cd7adbad73a3783fdc2cab92ab2ba7ec361e1),platform=Windows NT 10.0.17134 x86_64) (WARNING: The server did not provide any stacktrace information)
Command duration or timeout: 0 milliseconds
For documentation on this error, please visit: https://www.seleniumhq.org/exceptions/no_such_element.html
Build info: version: &apos;3.141.59&apos;, revision: &apos;e82be7d358&apos;, time: &apos;2018-11-14T08:17:03&apos;
System info: host: &apos;DELL&apos;, ip: &apos;10.81.168.53&apos;, os.name: &apos;Windows 10&apos;, os.arch: &apos;amd64&apos;, os.version: &apos;10.0&apos;, java.version: &apos;1.8.0_201&apos;
Driver info: org.openqa.selenium.chrome.ChromeDriver
Capabilities {acceptInsecureCerts: false, acceptSslCerts: false, applicationCacheEnabled: false, browserConnectionEnabled: false, browserName: chrome, chrome: {chromedriverVersion: 2.46.628402 (536cd7adbad73a..., userDataDir: C:\Users\ABEGAI~1\AppData\L...}, cssSelectorsEnabled: true, databaseEnabled: false, goog:chromeOptions: {debuggerAddress: localhost:57136}, handlesAlerts: true, hasTouchScreen: false, javascriptEnabled: true, locationContextEnabled: true, mobileEmulationEnabled: false, nativeEvents: true, networkConnectionEnabled: false, pageLoadStrategy: normal, platform: XP, platformName: XP, proxy: Proxy(), rotatable: false, setWindowRect: true, strictFileInteractability: false, takesHeapSnapshot: true, takesScreenshot: true, timeouts: {implicit: 0, pageLoad: 300000, script: 30000}, unexpectedAlertBehaviour: ignore, unhandledPromptBehavior: ignore, version: 72.0.3626.121, webStorageEnabled: true}
Session ID: bb583183af49f0135f6d8ae94163e072
*** Element info: {Using=link text, value=Change Password}
	at org.openqa.selenium.remote.ErrorHandler.createThrowable(ErrorHandler.java:214)
	at org.openqa.selenium.remote.ErrorHandler.throwIfResponseFailed(ErrorHandler.java:166)
	at org.openqa.selenium.remote.http.JsonHttpResponseCodec.reconstructValue(JsonHttpResponseCodec.java:40)
	at org.openqa.selenium.remote.http.AbstractHttpResponseCodec.decode(AbstractHttpResponseCodec.java:80)
	at org.openqa.selenium.remote.http.AbstractHttpResponseCodec.decode(AbstractHttpResponseCodec.java:44)
	at org.openqa.selenium.remote.HttpCommandExecutor.execute(HttpCommandExecutor.java:158)
	at org.openqa.selenium.remote.service.DriverCommandExecutor.execute(DriverCommandExecutor.java:83)
	at org.openqa.selenium.remote.RemoteWebDriver.execute(RemoteWebDriver.java:552)
	at org.openqa.selenium.remote.RemoteWebDriver.findElement(RemoteWebDriver.java:323)
	at org.openqa.selenium.remote.RemoteWebDriver.findElementByLinkText(RemoteWebDriver.java:380)
	at org.openqa.selenium.By$ByLinkText.findElement(By.java:220)
	at org.openqa.selenium.remote.RemoteWebDriver.findElement(RemoteWebDriver.java:315)
	at testClasses.GenericMethods.getElement(GenericMethods.java:32)
	at com.orangeHRM.TestNG_WelcomeAdmin_PageElements.AboutLink(TestNG_WelcomeAdmin_PageElements.java:46)
	at com.orangeHRM.TestNG_WelcomeAdmin.TestCase02_testAuthenticationSuccessAboutMenuPresent(TestNG_WelcomeAdmin.java:26)
... Removed 39 stack frames
</div> <!-- stack-trace -->
                </div> <!-- method-content -->
              </div> <!-- method -->
              <div class="method">
                <div class="method-content">
                  <a name="TestCase03_testAuthenticationSuccessChangePasswordMenuPresent">
                  </a> <!-- TestCase03_testAuthenticationSuccessChangePasswordMenuPresent -->
                  <span class="method-name">TestCase03_testAuthenticationSuccessChangePasswordMenuPresent</span>
                  <div class="stack-trace">org.openqa.selenium.NoSuchElementException: no such element: Unable to locate element: {&quot;method&quot;:&quot;link text&quot;,&quot;selector&quot;:&quot;Change Password&quot;}
  (Session info: chrome=72.0.3626.121)
  (Driver info: chromedriver=2.46.628402 (536cd7adbad73a3783fdc2cab92ab2ba7ec361e1),platform=Windows NT 10.0.17134 x86_64) (WARNING: The server did not provide any stacktrace information)
Command duration or timeout: 0 milliseconds
For documentation on this error, please visit: https://www.seleniumhq.org/exceptions/no_such_element.html
Build info: version: &apos;3.141.59&apos;, revision: &apos;e82be7d358&apos;, time: &apos;2018-11-14T08:17:03&apos;
System info: host: &apos;DELL&apos;, ip: &apos;10.81.168.53&apos;, os.name: &apos;Windows 10&apos;, os.arch: &apos;amd64&apos;, os.version: &apos;10.0&apos;, java.version: &apos;1.8.0_201&apos;
Driver info: org.openqa.selenium.chrome.ChromeDriver
Capabilities {acceptInsecureCerts: false, acceptSslCerts: false, applicationCacheEnabled: false, browserConnectionEnabled: false, browserName: chrome, chrome: {chromedriverVersion: 2.46.628402 (536cd7adbad73a..., userDataDir: C:\Users\ABEGAI~1\AppData\L...}, cssSelectorsEnabled: true, databaseEnabled: false, goog:chromeOptions: {debuggerAddress: localhost:57136}, handlesAlerts: true, hasTouchScreen: false, javascriptEnabled: true, locationContextEnabled: true, mobileEmulationEnabled: false, nativeEvents: true, networkConnectionEnabled: false, pageLoadStrategy: normal, platform: XP, platformName: XP, proxy: Proxy(), rotatable: false, setWindowRect: true, strictFileInteractability: false, takesHeapSnapshot: true, takesScreenshot: true, timeouts: {implicit: 0, pageLoad: 300000, script: 30000}, unexpectedAlertBehaviour: ignore, unhandledPromptBehavior: ignore, version: 72.0.3626.121, webStorageEnabled: true}
Session ID: bb583183af49f0135f6d8ae94163e072
*** Element info: {Using=link text, value=Change Password}
	at org.openqa.selenium.remote.ErrorHandler.createThrowable(ErrorHandler.java:214)
	at org.openqa.selenium.remote.ErrorHandler.throwIfResponseFailed(ErrorHandler.java:166)
	at org.openqa.selenium.remote.http.JsonHttpResponseCodec.reconstructValue(JsonHttpResponseCodec.java:40)
	at org.openqa.selenium.remote.http.AbstractHttpResponseCodec.decode(AbstractHttpResponseCodec.java:80)
	at org.openqa.selenium.remote.http.AbstractHttpResponseCodec.decode(AbstractHttpResponseCodec.java:44)
	at org.openqa.selenium.remote.HttpCommandExecutor.execute(HttpCommandExecutor.java:158)
	at org.openqa.selenium.remote.service.DriverCommandExecutor.execute(DriverCommandExecutor.java:83)
	at org.openqa.selenium.remote.RemoteWebDriver.execute(RemoteWebDriver.java:552)
	at org.openqa.selenium.remote.RemoteWebDriver.findElement(RemoteWebDriver.java:323)
	at org.openqa.selenium.remote.RemoteWebDriver.findElementByLinkText(RemoteWebDriver.java:380)
	at org.openqa.selenium.By$ByLinkText.findElement(By.java:220)
	at org.openqa.selenium.remote.RemoteWebDriver.findElement(RemoteWebDriver.java:315)
	at testClasses.GenericMethods.getElement(GenericMethods.java:32)
	at com.orangeHRM.TestNG_WelcomeAdmin_PageElements.ChangePWLink(TestNG_WelcomeAdmin_PageElements.java:52)
	at com.orangeHRM.TestNG_WelcomeAdmin.TestCase03_testAuthenticationSuccessChangePasswordMenuPresent(TestNG_WelcomeAdmin.java:35)
... Removed 39 stack frames
</div> <!-- stack-trace -->
                </div> <!-- method-content -->
              </div> <!-- method -->
              <div class="method">
                <div class="method-content">
                  <a name="TestCase04_testAuthenticationSuccessLogoutMenuPresent">
                  </a> <!-- TestCase04_testAuthenticationSuccessLogoutMenuPresent -->
                  <span class="method-name">TestCase04_testAuthenticationSuccessLogoutMenuPresent</span>
                  <div class="stack-trace">org.openqa.selenium.NoSuchElementException: no such element: Unable to locate element: {&quot;method&quot;:&quot;link text&quot;,&quot;selector&quot;:&quot;Logout&quot;}
  (Session info: chrome=72.0.3626.121)
  (Driver info: chromedriver=2.46.628402 (536cd7adbad73a3783fdc2cab92ab2ba7ec361e1),platform=Windows NT 10.0.17134 x86_64) (WARNING: The server did not provide any stacktrace information)
Command duration or timeout: 0 milliseconds
For documentation on this error, please visit: https://www.seleniumhq.org/exceptions/no_such_element.html
Build info: version: &apos;3.141.59&apos;, revision: &apos;e82be7d358&apos;, time: &apos;2018-11-14T08:17:03&apos;
System info: host: &apos;DELL&apos;, ip: &apos;10.81.168.53&apos;, os.name: &apos;Windows 10&apos;, os.arch: &apos;amd64&apos;, os.version: &apos;10.0&apos;, java.version: &apos;1.8.0_201&apos;
Driver info: org.openqa.selenium.chrome.ChromeDriver
Capabilities {acceptInsecureCerts: false, acceptSslCerts: false, applicationCacheEnabled: false, browserConnectionEnabled: false, browserName: chrome, chrome: {chromedriverVersion: 2.46.628402 (536cd7adbad73a..., userDataDir: C:\Users\ABEGAI~1\AppData\L...}, cssSelectorsEnabled: true, databaseEnabled: false, goog:chromeOptions: {debuggerAddress: localhost:57136}, handlesAlerts: true, hasTouchScreen: false, javascriptEnabled: true, locationContextEnabled: true, mobileEmulationEnabled: false, nativeEvents: true, networkConnectionEnabled: false, pageLoadStrategy: normal, platform: XP, platformName: XP, proxy: Proxy(), rotatable: false, setWindowRect: true, strictFileInteractability: false, takesHeapSnapshot: true, takesScreenshot: true, timeouts: {implicit: 0, pageLoad: 300000, script: 30000}, unexpectedAlertBehaviour: ignore, unhandledPromptBehavior: ignore, version: 72.0.3626.121, webStorageEnabled: true}
Session ID: bb583183af49f0135f6d8ae94163e072
*** Element info: {Using=link text, value=Logout}
	at org.openqa.selenium.remote.ErrorHandler.createThrowable(ErrorHandler.java:214)
	at org.openqa.selenium.remote.ErrorHandler.throwIfResponseFailed(ErrorHandler.java:166)
	at org.openqa.selenium.remote.http.JsonHttpResponseCodec.reconstructValue(JsonHttpResponseCodec.java:40)
	at org.openqa.selenium.remote.http.AbstractHttpResponseCodec.decode(AbstractHttpResponseCodec.java:80)
	at org.openqa.selenium.remote.http.AbstractHttpResponseCodec.decode(AbstractHttpResponseCodec.java:44)
	at org.openqa.selenium.remote.HttpCommandExecutor.execute(HttpCommandExecutor.java:158)
	at org.openqa.selenium.remote.service.DriverCommandExecutor.execute(DriverCommandExecutor.java:83)
	at org.openqa.selenium.remote.RemoteWebDriver.execute(RemoteWebDriver.java:552)
	at org.openqa.selenium.remote.RemoteWebDriver.findElement(RemoteWebDriver.java:323)
	at org.openqa.selenium.remote.RemoteWebDriver.findElementByLinkText(RemoteWebDriver.java:380)
	at org.openqa.selenium.By$ByLinkText.findElement(By.java:220)
	at org.openqa.selenium.remote.RemoteWebDriver.findElement(RemoteWebDriver.java:315)
	at testClasses.GenericMethods.getElement(GenericMethods.java:32)
	at com.orangeHRM.TestNG_WelcomeAdmin_PageElements.Logout(TestNG_WelcomeAdmin_PageElements.java:58)
	at com.orangeHRM.TestNG_WelcomeAdmin.TestCase04_testAuthenticationSuccessLogoutMenuPresent(TestNG_WelcomeAdmin.java:44)
... Removed 39 stack frames
</div> <!-- stack-trace -->
                </div> <!-- method-content -->
              </div> <!-- method -->
            </div> <!-- main-panel-content rounded-window-bottom -->
          </div> <!-- suite-Command_line_suite-class-failed -->
          <div class="suite-Command_line_suite-class-failed">
            <div class="main-panel-header rounded-window-top">
              <img src="failed.png"/>
              <span class="class-name">com.orangeHRM.TestNG_About</span>
            </div> <!-- main-panel-header rounded-window-top -->
            <div class="main-panel-content rounded-window-bottom">
              <div class="method">
                <div class="method-content">
                  <a name="TestCase01_testAuthenticationSuccessAboutMenuPopUpPresent">
                  </a> <!-- TestCase01_testAuthenticationSuccessAboutMenuPopUpPresent -->
                  <span class="method-name">TestCase01_testAuthenticationSuccessAboutMenuPopUpPresent</span>
                  <div class="stack-trace">org.openqa.selenium.NoSuchElementException: no such element: Unable to locate element: {&quot;method&quot;:&quot;xpath&quot;,&quot;selector&quot;:&quot;//input[@name=&apos;txtUsername&apos; and @id=&apos;txtUsername&apos;]&quot;}
  (Session info: chrome=72.0.3626.121)
  (Driver info: chromedriver=2.46.628402 (536cd7adbad73a3783fdc2cab92ab2ba7ec361e1),platform=Windows NT 10.0.17134 x86_64) (WARNING: The server did not provide any stacktrace information)
Command duration or timeout: 0 milliseconds
For documentation on this error, please visit: https://www.seleniumhq.org/exceptions/no_such_element.html
Build info: version: &apos;3.141.59&apos;, revision: &apos;e82be7d358&apos;, time: &apos;2018-11-14T08:17:03&apos;
System info: host: &apos;DELL&apos;, ip: &apos;10.81.168.53&apos;, os.name: &apos;Windows 10&apos;, os.arch: &apos;amd64&apos;, os.version: &apos;10.0&apos;, java.version: &apos;1.8.0_201&apos;
Driver info: org.openqa.selenium.chrome.ChromeDriver
Capabilities {acceptInsecureCerts: false, acceptSslCerts: false, applicationCacheEnabled: false, browserConnectionEnabled: false, browserName: chrome, chrome: {chromedriverVersion: 2.46.628402 (536cd7adbad73a..., userDataDir: C:\Users\ABEGAI~1\AppData\L...}, cssSelectorsEnabled: true, databaseEnabled: false, goog:chromeOptions: {debuggerAddress: localhost:59497}, handlesAlerts: true, hasTouchScreen: false, javascriptEnabled: true, locationContextEnabled: true, mobileEmulationEnabled: false, nativeEvents: true, networkConnectionEnabled: false, pageLoadStrategy: normal, platform: XP, platformName: XP, proxy: Proxy(), rotatable: false, setWindowRect: true, strictFileInteractability: false, takesHeapSnapshot: true, takesScreenshot: true, timeouts: {implicit: 0, pageLoad: 300000, script: 30000}, unexpectedAlertBehaviour: ignore, unhandledPromptBehavior: ignore, version: 72.0.3626.121, webStorageEnabled: true}
Session ID: 5b50a389a0ac9b2542e1f1d75f8bfdc6
*** Element info: {Using=xpath, value=//input[@name=&apos;txtUsername&apos; and @id=&apos;txtUsername&apos;]}
	at org.openqa.selenium.remote.ErrorHandler.createThrowable(ErrorHandler.java:214)
	at org.openqa.selenium.remote.ErrorHandler.throwIfResponseFailed(ErrorHandler.java:166)
	at org.openqa.selenium.remote.http.JsonHttpResponseCodec.reconstructValue(JsonHttpResponseCodec.java:40)
	at org.openqa.selenium.remote.http.AbstractHttpResponseCodec.decode(AbstractHttpResponseCodec.java:80)
	at org.openqa.selenium.remote.http.AbstractHttpResponseCodec.decode(AbstractHttpResponseCodec.java:44)
	at org.openqa.selenium.remote.HttpCommandExecutor.execute(HttpCommandExecutor.java:158)
	at org.openqa.selenium.remote.service.DriverCommandExecutor.execute(DriverCommandExecutor.java:83)
	at org.openqa.selenium.remote.RemoteWebDriver.execute(RemoteWebDriver.java:552)
	at org.openqa.selenium.remote.RemoteWebDriver.findElement(RemoteWebDriver.java:323)
	at org.openqa.selenium.remote.RemoteWebDriver.findElementByXPath(RemoteWebDriver.java:428)
	at org.openqa.selenium.By$ByXPath.findElement(By.java:353)
	at org.openqa.selenium.remote.RemoteWebDriver.findElement(RemoteWebDriver.java:315)
	at testClasses.GenericMethods.getElement(GenericMethods.java:24)
	at com.orangeHRM.LoggingIn_PageElements.userNameTextBox(LoggingIn_PageElements.java:18)
	at testClasses.LoggingIn.LogIn(LoggingIn.java:21)
	at com.orangeHRM.TestNG_About.TestCase01_testAuthenticationSuccessAboutMenuPopUpPresent(TestNG_About.java:17)
... Removed 39 stack frames
</div> <!-- stack-trace -->
                </div> <!-- method-content -->
              </div> <!-- method -->
              <div class="method">
                <div class="method-content">
                  <a name="TestCase02_testAuthenticationSuccessLabelPresent">
                  </a> <!-- TestCase02_testAuthenticationSuccessLabelPresent -->
                  <span class="method-name">TestCase02_testAuthenticationSuccessLabelPresent</span>
                  <div class="stack-trace">org.openqa.selenium.NoSuchElementException: no such element: Unable to locate element: {&quot;method&quot;:&quot;xpath&quot;,&quot;selector&quot;:&quot;//div[@class=&apos;modal-header&apos;]//h3&quot;}
  (Session info: chrome=72.0.3626.121)
  (Driver info: chromedriver=2.46.628402 (536cd7adbad73a3783fdc2cab92ab2ba7ec361e1),platform=Windows NT 10.0.17134 x86_64) (WARNING: The server did not provide any stacktrace information)
Command duration or timeout: 0 milliseconds
For documentation on this error, please visit: https://www.seleniumhq.org/exceptions/no_such_element.html
Build info: version: &apos;3.141.59&apos;, revision: &apos;e82be7d358&apos;, time: &apos;2018-11-14T08:17:03&apos;
System info: host: &apos;DELL&apos;, ip: &apos;10.81.168.53&apos;, os.name: &apos;Windows 10&apos;, os.arch: &apos;amd64&apos;, os.version: &apos;10.0&apos;, java.version: &apos;1.8.0_201&apos;
Driver info: org.openqa.selenium.chrome.ChromeDriver
Capabilities {acceptInsecureCerts: false, acceptSslCerts: false, applicationCacheEnabled: false, browserConnectionEnabled: false, browserName: chrome, chrome: {chromedriverVersion: 2.46.628402 (536cd7adbad73a..., userDataDir: C:\Users\ABEGAI~1\AppData\L...}, cssSelectorsEnabled: true, databaseEnabled: false, goog:chromeOptions: {debuggerAddress: localhost:59497}, handlesAlerts: true, hasTouchScreen: false, javascriptEnabled: true, locationContextEnabled: true, mobileEmulationEnabled: false, nativeEvents: true, networkConnectionEnabled: false, pageLoadStrategy: normal, platform: XP, platformName: XP, proxy: Proxy(), rotatable: false, setWindowRect: true, strictFileInteractability: false, takesHeapSnapshot: true, takesScreenshot: true, timeouts: {implicit: 0, pageLoad: 300000, script: 30000}, unexpectedAlertBehaviour: ignore, unhandledPromptBehavior: ignore, version: 72.0.3626.121, webStorageEnabled: true}
Session ID: 5b50a389a0ac9b2542e1f1d75f8bfdc6
*** Element info: {Using=xpath, value=//div[@class=&apos;modal-header&apos;]//h3}
	at org.openqa.selenium.remote.ErrorHandler.createThrowable(ErrorHandler.java:214)
	at org.openqa.selenium.remote.ErrorHandler.throwIfResponseFailed(ErrorHandler.java:166)
	at org.openqa.selenium.remote.http.JsonHttpResponseCodec.reconstructValue(JsonHttpResponseCodec.java:40)
	at org.openqa.selenium.remote.http.AbstractHttpResponseCodec.decode(AbstractHttpResponseCodec.java:80)
	at org.openqa.selenium.remote.http.AbstractHttpResponseCodec.decode(AbstractHttpResponseCodec.java:44)
	at org.openqa.selenium.remote.HttpCommandExecutor.execute(HttpCommandExecutor.java:158)
	at org.openqa.selenium.remote.service.DriverCommandExecutor.execute(DriverCommandExecutor.java:83)
	at org.openqa.selenium.remote.RemoteWebDriver.execute(RemoteWebDriver.java:552)
	at org.openqa.selenium.remote.RemoteWebDriver.findElement(RemoteWebDriver.java:323)
	at org.openqa.selenium.remote.RemoteWebDriver.findElementByXPath(RemoteWebDriver.java:428)
	at org.openqa.selenium.By$ByXPath.findElement(By.java:353)
	at org.openqa.selenium.remote.RemoteWebDriver.findElement(RemoteWebDriver.java:315)
	at testClasses.GenericMethods.getElement(GenericMethods.java:24)
	at com.orangeHRM.TestNG_AboutUs_PageElements.ModalHeader(TestNG_AboutUs_PageElements.java:59)
	at com.orangeHRM.TestNG_About.TestCase02_testAuthenticationSuccessLabelPresent(TestNG_About.java:38)
... Removed 39 stack frames
</div> <!-- stack-trace -->
                </div> <!-- method-content -->
              </div> <!-- method -->
            </div> <!-- main-panel-content rounded-window-bottom -->
          </div> <!-- suite-Command_line_suite-class-failed -->
          <div class="suite-Command_line_suite-class-passed">
            <div class="main-panel-header rounded-window-top">
              <img src="passed.png"/>
              <span class="class-name">com.orangeHRM.TestNG_ChangePassword_PageElements</span>
            </div> <!-- main-panel-header rounded-window-top -->
            <div class="main-panel-content rounded-window-bottom">
              <div class="method">
                <div class="method-content">
                  <a name="TestCase01_testAuthenticationSuccessPageRedirectionChangePassword">
                  </a> <!-- TestCase01_testAuthenticationSuccessPageRedirectionChangePassword -->
                  <span class="method-name">TestCase01_testAuthenticationSuccessPageRedirectionChangePassword</span>
                </div> <!-- method-content -->
              </div> <!-- method -->
              <div class="method">
                <div class="method-content">
                  <a name="TestCase02_testAuthenticationSuccessFormLabelsVisible">
                  </a> <!-- TestCase02_testAuthenticationSuccessFormLabelsVisible -->
                  <span class="method-name">TestCase02_testAuthenticationSuccessFormLabelsVisible</span>
                </div> <!-- method-content -->
              </div> <!-- method -->
              <div class="method">
                <div class="method-content">
                  <a name="TestCase03_testAuthenticationSuccessEditCancelButtonsVisibleDefault">
                  </a> <!-- TestCase03_testAuthenticationSuccessEditCancelButtonsVisibleDefault -->
                  <span class="method-name">TestCase03_testAuthenticationSuccessEditCancelButtonsVisibleDefault</span>
                </div> <!-- method-content -->
              </div> <!-- method -->
              <div class="method">
                <div class="method-content">
                  <a name="TestCase06_testAuthenticationSuccessTexBoxesMaxLength">
                  </a> <!-- TestCase06_testAuthenticationSuccessTexBoxesMaxLength -->
                  <span class="method-name">TestCase06_testAuthenticationSuccessTexBoxesMaxLength</span>
                </div> <!-- method-content -->
              </div> <!-- method -->
              <div class="method">
                <div class="method-content">
                  <a name="TestCase07_testAuthenticationSuccessTexBoxesMinLength">
                  </a> <!-- TestCase07_testAuthenticationSuccessTexBoxesMinLength -->
                  <span class="method-name">TestCase07_testAuthenticationSuccessTexBoxesMinLength</span>
                </div> <!-- method-content -->
              </div> <!-- method -->
              <div class="method">
                <div class="method-content">
                  <a name="TestCase08_testAuthenticationSuccessRedirectionOrangeHRMLink">
                  </a> <!-- TestCase08_testAuthenticationSuccessRedirectionOrangeHRMLink -->
                  <span class="method-name">TestCase08_testAuthenticationSuccessRedirectionOrangeHRMLink</span>
                </div> <!-- method-content -->
              </div> <!-- method -->
              <div class="method">
                <div class="method-content">
                  <a name="TestCase09_testAuthenticationSuccessFooterContent">
                  </a> <!-- TestCase09_testAuthenticationSuccessFooterContent -->
                  <span class="method-name">TestCase09_testAuthenticationSuccessFooterContent</span>
                </div> <!-- method-content -->
              </div> <!-- method -->
              <div class="method">
                <div class="method-content">
                  <a name="TestCase10_testAuthenticationSuccessFormContent">
                  </a> <!-- TestCase10_testAuthenticationSuccessFormContent -->
                  <span class="method-name">TestCase10_testAuthenticationSuccessFormContent</span>
                </div> <!-- method-content -->
              </div> <!-- method -->
            </div> <!-- main-panel-content rounded-window-bottom -->
          </div> <!-- suite-Command_line_suite-class-passed -->
          <div class="suite-Command_line_suite-class-passed">
            <div class="main-panel-header rounded-window-top">
              <img src="passed.png"/>
              <span class="class-name">com.orangeHRM.TestNG_ChangePassword</span>
            </div> <!-- main-panel-header rounded-window-top -->
            <div class="main-panel-content rounded-window-bottom">
              <div class="method">
                <div class="method-content">
                  <a name="TestCase01_testAuthenticationSuccessPageRedirectionChangePassword">
                  </a> <!-- TestCase01_testAuthenticationSuccessPageRedirectionChangePassword -->
                  <span class="method-name">TestCase01_testAuthenticationSuccessPageRedirectionChangePassword</span>
                </div> <!-- method-content -->
              </div> <!-- method -->
              <div class="method">
                <div class="method-content">
                  <a name="TestCase02_testAuthenticationSuccessFormLabelsVisible">
                  </a> <!-- TestCase02_testAuthenticationSuccessFormLabelsVisible -->
                  <span class="method-name">TestCase02_testAuthenticationSuccessFormLabelsVisible</span>
                </div> <!-- method-content -->
              </div> <!-- method -->
              <div class="method">
                <div class="method-content">
                  <a name="TestCase03_testAuthenticationSuccessEditCancelButtonsVisibleDefault">
                  </a> <!-- TestCase03_testAuthenticationSuccessEditCancelButtonsVisibleDefault -->
                  <span class="method-name">TestCase03_testAuthenticationSuccessEditCancelButtonsVisibleDefault</span>
                </div> <!-- method-content -->
              </div> <!-- method -->
              <div class="method">
                <div class="method-content">
                  <a name="TestCase06_testAuthenticationSuccessTexBoxesMaxLength">
                  </a> <!-- TestCase06_testAuthenticationSuccessTexBoxesMaxLength -->
                  <span class="method-name">TestCase06_testAuthenticationSuccessTexBoxesMaxLength</span>
                </div> <!-- method-content -->
              </div> <!-- method -->
              <div class="method">
                <div class="method-content">
                  <a name="TestCase07_testAuthenticationSuccessTexBoxesMinLength">
                  </a> <!-- TestCase07_testAuthenticationSuccessTexBoxesMinLength -->
                  <span class="method-name">TestCase07_testAuthenticationSuccessTexBoxesMinLength</span>
                </div> <!-- method-content -->
              </div> <!-- method -->
              <div class="method">
                <div class="method-content">
                  <a name="TestCase08_testAuthenticationSuccessRedirectionOrangeHRMLink">
                  </a> <!-- TestCase08_testAuthenticationSuccessRedirectionOrangeHRMLink -->
                  <span class="method-name">TestCase08_testAuthenticationSuccessRedirectionOrangeHRMLink</span>
                </div> <!-- method-content -->
              </div> <!-- method -->
              <div class="method">
                <div class="method-content">
                  <a name="TestCase09_testAuthenticationSuccessFooterContent">
                  </a> <!-- TestCase09_testAuthenticationSuccessFooterContent -->
                  <span class="method-name">TestCase09_testAuthenticationSuccessFooterContent</span>
                </div> <!-- method-content -->
              </div> <!-- method -->
              <div class="method">
                <div class="method-content">
                  <a name="TestCase10_testAuthenticationSuccessFormContent">
                  </a> <!-- TestCase10_testAuthenticationSuccessFormContent -->
                  <span class="method-name">TestCase10_testAuthenticationSuccessFormContent</span>
                </div> <!-- method-content -->
              </div> <!-- method -->
            </div> <!-- main-panel-content rounded-window-bottom -->
          </div> <!-- suite-Command_line_suite-class-passed -->
          <div class="suite-Command_line_suite-class-passed">
            <div class="main-panel-header rounded-window-top">
              <img src="passed.png"/>
              <span class="class-name">com.orangeHRM.TestNG_WelcomeAdmin_PageElements</span>
            </div> <!-- main-panel-header rounded-window-top -->
            <div class="main-panel-content rounded-window-bottom">
              <div class="method">
                <div class="method-content">
                  <a name="TestCase01_testAuthenticationSuccessWelcomeAdminLinkPresent">
                  </a> <!-- TestCase01_testAuthenticationSuccessWelcomeAdminLinkPresent -->
                  <span class="method-name">TestCase01_testAuthenticationSuccessWelcomeAdminLinkPresent</span>
                </div> <!-- method-content -->
              </div> <!-- method -->
              <div class="method">
                <div class="method-content">
                  <a name="TestCase02_testAuthenticationSuccessAboutMenuPresent">
                  </a> <!-- TestCase02_testAuthenticationSuccessAboutMenuPresent -->
                  <span class="method-name">TestCase02_testAuthenticationSuccessAboutMenuPresent</span>
                </div> <!-- method-content -->
              </div> <!-- method -->
              <div class="method">
                <div class="method-content">
                  <a name="TestCase03_testAuthenticationSuccessChangePasswordMenuPresent">
                  </a> <!-- TestCase03_testAuthenticationSuccessChangePasswordMenuPresent -->
                  <span class="method-name">TestCase03_testAuthenticationSuccessChangePasswordMenuPresent</span>
                </div> <!-- method-content -->
              </div> <!-- method -->
              <div class="method">
                <div class="method-content">
                  <a name="TestCase04_testAuthenticationSuccessLogoutMenuPresent">
                  </a> <!-- TestCase04_testAuthenticationSuccessLogoutMenuPresent -->
                  <span class="method-name">TestCase04_testAuthenticationSuccessLogoutMenuPresent</span>
                </div> <!-- method-content -->
              </div> <!-- method -->
            </div> <!-- main-panel-content rounded-window-bottom -->
          </div> <!-- suite-Command_line_suite-class-passed -->
          <div class="suite-Command_line_suite-class-passed">
            <div class="main-panel-header rounded-window-top">
              <img src="passed.png"/>
              <span class="class-name">com.orangeHRM.TestNG_AboutUs_PageElements</span>
            </div> <!-- main-panel-header rounded-window-top -->
            <div class="main-panel-content rounded-window-bottom">
              <div class="method">
                <div class="method-content">
                  <a name="TestCase01_testAuthenticationSuccessAboutMenuPopUpPresent">
                  </a> <!-- TestCase01_testAuthenticationSuccessAboutMenuPopUpPresent -->
                  <span class="method-name">TestCase01_testAuthenticationSuccessAboutMenuPopUpPresent</span>
                </div> <!-- method-content -->
              </div> <!-- method -->
              <div class="method">
                <div class="method-content">
                  <a name="TestCase02_testAuthenticationSuccessLabelPresent">
                  </a> <!-- TestCase02_testAuthenticationSuccessLabelPresent -->
                  <span class="method-name">TestCase02_testAuthenticationSuccessLabelPresent</span>
                </div> <!-- method-content -->
              </div> <!-- method -->
            </div> <!-- main-panel-content rounded-window-bottom -->
          </div> <!-- suite-Command_line_suite-class-passed -->
          <div class="suite-Command_line_suite-class-passed">
            <div class="main-panel-header rounded-window-top">
              <img src="passed.png"/>
              <span class="class-name">com.orangeHRM.TestNG_login</span>
            </div> <!-- main-panel-header rounded-window-top -->
            <div class="main-panel-content rounded-window-bottom">
              <div class="method">
                <div class="method-content">
                  <a name="TestCase01_testAuthenticationSuccessWhenProvidingCorrectUsernameAndPassword">
                  </a> <!-- TestCase01_testAuthenticationSuccessWhenProvidingCorrectUsernameAndPassword -->
                  <span class="method-name">TestCase01_testAuthenticationSuccessWhenProvidingCorrectUsernameAndPassword</span>
                </div> <!-- method-content -->
              </div> <!-- method -->
              <div class="method">
                <div class="method-content">
                  <a name="TestCase02_testAuthenticationSuccessDashboardRedirection">
                  </a> <!-- TestCase02_testAuthenticationSuccessDashboardRedirection -->
                  <span class="method-name">TestCase02_testAuthenticationSuccessDashboardRedirection</span>
                </div> <!-- method-content -->
              </div> <!-- method -->
              <div class="method">
                <div class="method-content">
                  <a name="TestCase03_testAuthenticationFailedWhenProvidingIncorrectUsername">
                  </a> <!-- TestCase03_testAuthenticationFailedWhenProvidingIncorrectUsername -->
                  <span class="method-name">TestCase03_testAuthenticationFailedWhenProvidingIncorrectUsername</span>
                </div> <!-- method-content -->
              </div> <!-- method -->
              <div class="method">
                <div class="method-content">
                  <a name="TestCase04_testAuthenticationFailedWhenProvidingIncorrectPassword">
                  </a> <!-- TestCase04_testAuthenticationFailedWhenProvidingIncorrectPassword -->
                  <span class="method-name">TestCase04_testAuthenticationFailedWhenProvidingIncorrectPassword</span>
                </div> <!-- method-content -->
              </div> <!-- method -->
              <div class="method">
                <div class="method-content">
                  <a name="TestCase05_testAuthenticationFailedWhenProvidingIncorrectUsernameAndPassword">
                  </a> <!-- TestCase05_testAuthenticationFailedWhenProvidingIncorrectUsernameAndPassword -->
                  <span class="method-name">TestCase05_testAuthenticationFailedWhenProvidingIncorrectUsernameAndPassword</span>
                </div> <!-- method-content -->
              </div> <!-- method -->
              <div class="method">
                <div class="method-content">
                  <a name="TestCase06_testAuthenticationFailedEmptyUsername">
                  </a> <!-- TestCase06_testAuthenticationFailedEmptyUsername -->
                  <span class="method-name">TestCase06_testAuthenticationFailedEmptyUsername</span>
                </div> <!-- method-content -->
              </div> <!-- method -->
              <div class="method">
                <div class="method-content">
                  <a name="TestCase07_testAuthenticationFailedEmptyUsernameAndPassword">
                  </a> <!-- TestCase07_testAuthenticationFailedEmptyUsernameAndPassword -->
                  <span class="method-name">TestCase07_testAuthenticationFailedEmptyUsernameAndPassword</span>
                </div> <!-- method-content -->
              </div> <!-- method -->
              <div class="method">
                <div class="method-content">
                  <a name="TestCase08_testAuthenticationFailedEmptyPassword">
                  </a> <!-- TestCase08_testAuthenticationFailedEmptyPassword -->
                  <span class="method-name">TestCase08_testAuthenticationFailedEmptyPassword</span>
                </div> <!-- method-content -->
              </div> <!-- method -->
              <div class="method">
                <div class="method-content">
                  <a name="TestCase10_testAuthenticationSuccessLinkedInSocialsRedirection">
                  </a> <!-- TestCase10_testAuthenticationSuccessLinkedInSocialsRedirection -->
                  <span class="method-name">TestCase10_testAuthenticationSuccessLinkedInSocialsRedirection</span>
                </div> <!-- method-content -->
              </div> <!-- method -->
              <div class="method">
                <div class="method-content">
                  <a name="TestCase11_testAuthenticationSuccessFacebookSocialsRedirection">
                  </a> <!-- TestCase11_testAuthenticationSuccessFacebookSocialsRedirection -->
                  <span class="method-name">TestCase11_testAuthenticationSuccessFacebookSocialsRedirection</span>
                </div> <!-- method-content -->
              </div> <!-- method -->
              <div class="method">
                <div class="method-content">
                  <a name="TestCase12_testAuthenticationSuccessTwitterSocialsRedirection">
                  </a> <!-- TestCase12_testAuthenticationSuccessTwitterSocialsRedirection -->
                  <span class="method-name">TestCase12_testAuthenticationSuccessTwitterSocialsRedirection</span>
                </div> <!-- method-content -->
              </div> <!-- method -->
              <div class="method">
                <div class="method-content">
                  <a name="TestCase13_testAuthenticationSuccessYoutubeSocialsRedirection">
                  </a> <!-- TestCase13_testAuthenticationSuccessYoutubeSocialsRedirection -->
                  <span class="method-name">TestCase13_testAuthenticationSuccessYoutubeSocialsRedirection</span>
                </div> <!-- method-content -->
              </div> <!-- method -->
              <div class="method">
                <div class="method-content">
                  <a name="TestCase14_testAuthenticationSuccessOpenIdVisible">
                  </a> <!-- TestCase14_testAuthenticationSuccessOpenIdVisible -->
                  <span class="method-name">TestCase14_testAuthenticationSuccessOpenIdVisible</span>
                </div> <!-- method-content -->
              </div> <!-- method -->
              <div class="method">
                <div class="method-content">
                  <a name="TestCase15_testAuthenticationSuccessLoginButtonsVisible">
                  </a> <!-- TestCase15_testAuthenticationSuccessLoginButtonsVisible -->
                  <span class="method-name">TestCase15_testAuthenticationSuccessLoginButtonsVisible</span>
                </div> <!-- method-content -->
              </div> <!-- method -->
              <div class="method">
                <div class="method-content">
                  <a name="TestCase16_testAuthenticationSuccessLoginButtonsEnabled">
                  </a> <!-- TestCase16_testAuthenticationSuccessLoginButtonsEnabled -->
                  <span class="method-name">TestCase16_testAuthenticationSuccessLoginButtonsEnabled</span>
                </div> <!-- method-content -->
              </div> <!-- method -->
              <div class="method">
                <div class="method-content">
                  <a name="TestCase17_testAuthenticationSuccessProviderdropdown">
                  </a> <!-- TestCase17_testAuthenticationSuccessProviderdropdown -->
                  <span class="method-name">TestCase17_testAuthenticationSuccessProviderdropdown</span>
                </div> <!-- method-content -->
              </div> <!-- method -->
              <div class="method">
                <div class="method-content">
                  <a name="TestCase18_testAuthenticationSuccessPlacholders">
                  </a> <!-- TestCase18_testAuthenticationSuccessPlacholders -->
                  <span class="method-name">TestCase18_testAuthenticationSuccessPlacholders</span>
                </div> <!-- method-content -->
              </div> <!-- method -->
              <div class="method">
                <div class="method-content">
                  <a name="TestCase19_testAuthenticationSuccessLoginTextboxesInputs(aBC 12~!@#$, aBC 12~!@#$)">
                  </a> <!-- TestCase19_testAuthenticationSuccessLoginTextboxesInputs(aBC 12~!@#$, aBC 12~!@#$) -->
                  <span class="method-name">TestCase19_testAuthenticationSuccessLoginTextboxesInputs</span>
                  <span class="parameters">(aBC 12~!@#$, aBC 12~!@#$)</span>
                </div> <!-- method-content -->
              </div> <!-- method -->
              <div class="method">
                <div class="method-content">
                  <a name="TestCase19_testAuthenticationSuccessLoginTextboxesInputs(&lt;script&gt; &quot;Hello&quot;&lt;\script&gt; , &lt;script&gt; &quot;Hello&quot;&lt;\script&gt; )">
                  </a> <!-- TestCase19_testAuthenticationSuccessLoginTextboxesInputs(<script> "Hello"<\script> , <script> "Hello"<\script> ) -->
                  <span class="method-name">TestCase19_testAuthenticationSuccessLoginTextboxesInputs</span>
                  <span class="parameters">(<script> "Hello"<\script> , <script> "Hello"<\script> )</span>
                </div> <!-- method-content -->
              </div> <!-- method -->
              <div class="method">
                <div class="method-content">
                  <a name="TestCase19_testAuthenticationSuccessLoginTextboxesInputs(abc123, ABc123)">
                  </a> <!-- TestCase19_testAuthenticationSuccessLoginTextboxesInputs(abc123, ABc123) -->
                  <span class="method-name">TestCase19_testAuthenticationSuccessLoginTextboxesInputs</span>
                  <span class="parameters">(abc123, ABc123)</span>
                </div> <!-- method-content -->
              </div> <!-- method -->
              <div class="method">
                <div class="method-content">
                  <a name="TestCase19_testAuthenticationSuccessLoginTextboxesInputs(!@#$%^&amp;*()_+, !@#$%^&amp;*()_+)">
                  </a> <!-- TestCase19_testAuthenticationSuccessLoginTextboxesInputs(!@#$%^&*()_+, !@#$%^&*()_+) -->
                  <span class="method-name">TestCase19_testAuthenticationSuccessLoginTextboxesInputs</span>
                  <span class="parameters">(!@#$%^&*()_+, !@#$%^&*()_+)</span>
                </div> <!-- method-content -->
              </div> <!-- method -->
              <div class="method">
                <div class="method-content">
                  <a name="TestCase19_testAuthenticationSuccessLoginTextboxesInputs(123, 123)">
                  </a> <!-- TestCase19_testAuthenticationSuccessLoginTextboxesInputs(123, 123) -->
                  <span class="method-name">TestCase19_testAuthenticationSuccessLoginTextboxesInputs</span>
                  <span class="parameters">(123, 123)</span>
                </div> <!-- method-content -->
              </div> <!-- method -->
              <div class="method">
                <div class="method-content">
                  <a name="TestCase19_testAuthenticationSuccessLoginTextboxesInputs(ABC, ABC)">
                  </a> <!-- TestCase19_testAuthenticationSuccessLoginTextboxesInputs(ABC, ABC) -->
                  <span class="method-name">TestCase19_testAuthenticationSuccessLoginTextboxesInputs</span>
                  <span class="parameters">(ABC, ABC)</span>
                </div> <!-- method-content -->
              </div> <!-- method -->
              <div class="method">
                <div class="method-content">
                  <a name="TestCase19_testAuthenticationSuccessLoginTextboxesInputs(abc, abc)">
                  </a> <!-- TestCase19_testAuthenticationSuccessLoginTextboxesInputs(abc, abc) -->
                  <span class="method-name">TestCase19_testAuthenticationSuccessLoginTextboxesInputs</span>
                  <span class="parameters">(abc, abc)</span>
                </div> <!-- method-content -->
              </div> <!-- method -->
              <div class="method">
                <div class="method-content">
                  <a name="TestCase19_testAuthenticationSuccessLoginTextboxesInputs(~~~~  #$%, ~~~~  #$%)">
                  </a> <!-- TestCase19_testAuthenticationSuccessLoginTextboxesInputs(~~~~  #$%, ~~~~  #$%) -->
                  <span class="method-name">TestCase19_testAuthenticationSuccessLoginTextboxesInputs</span>
                  <span class="parameters">(~~~~  #$%, ~~~~  #$%)</span>
                </div> <!-- method-content -->
              </div> <!-- method -->
              <div class="method">
                <div class="method-content">
                  <a name="TestCase19_testAuthenticationSuccessLoginTextboxesInputs(,./&lt;&gt;?234eBFG []\, ,./&lt;&gt;?234eBFG []\)">
                  </a> <!-- TestCase19_testAuthenticationSuccessLoginTextboxesInputs(,./<>?234eBFG []\, ,./<>?234eBFG []\) -->
                  <span class="method-name">TestCase19_testAuthenticationSuccessLoginTextboxesInputs</span>
                  <span class="parameters">(,./<>?234eBFG []\, ,./<>?234eBFG []\)</span>
                </div> <!-- method-content -->
              </div> <!-- method -->
            </div> <!-- main-panel-content rounded-window-bottom -->
          </div> <!-- suite-Command_line_suite-class-passed -->
        </div> <!-- panel Command_line_suite -->
        <div panel-name="test-xml-Command_line_suite" class="panel">
          <div class="main-panel-header rounded-window-top">
          </div> <!-- main-panel-header rounded-window-top -->
          <div class="main-panel-content rounded-window-bottom">
            <pre>
&lt;?xml version=&quot;1.0&quot; encoding=&quot;UTF-8&quot;?&gt;
&lt;!DOCTYPE suite SYSTEM &quot;http://testng.org/testng-1.0.dtd&quot;&gt;
&lt;suite verbose=&quot;0&quot; name=&quot;Command line suite&quot;&gt;
  &lt;test thread-count=&quot;5&quot; verbose=&quot;0&quot; name=&quot;Command line test&quot;&gt;
    &lt;classes&gt;
      &lt;class name=&quot;com.orangeHRM.TestNG_About&quot;/&gt;
      &lt;class name=&quot;com.orangeHRM.TestNG_AboutUs_PageElements&quot;/&gt;
      &lt;class name=&quot;com.orangeHRM.TestNG_ChangePassword&quot;/&gt;
      &lt;class name=&quot;com.orangeHRM.TestNG_ChangePassword_PageElements&quot;/&gt;
      &lt;class name=&quot;com.orangeHRM.TestNG_login&quot;/&gt;
      &lt;class name=&quot;com.orangeHRM.TestNG_login_PageElements&quot;/&gt;
      &lt;class name=&quot;com.orangeHRM.TestNG_WelcomeAdmin&quot;/&gt;
      &lt;class name=&quot;com.orangeHRM.TestNG_WelcomeAdmin_PageElements&quot;/&gt;
    &lt;/classes&gt;
  &lt;/test&gt; &lt;!-- Command line test --&gt;
&lt;/suite&gt; &lt;!-- Command line suite --&gt;
            </pre>
          </div> <!-- main-panel-content rounded-window-bottom -->
        </div> <!-- panel -->
        <div panel-name="testlist-Command_line_suite" class="panel">
          <div class="main-panel-header rounded-window-top">
            <span class="header-content">Tests for Command line suite</span>
          </div> <!-- main-panel-header rounded-window-top -->
          <div class="main-panel-content rounded-window-bottom">
            <ul>
              <li>
                <span class="test-name">Command line test (8 classes)</span>
              </li>
            </ul>
          </div> <!-- main-panel-content rounded-window-bottom -->
        </div> <!-- panel -->
        <div panel-name="group-Command_line_suite" class="panel">
          <div class="main-panel-header rounded-window-top">
            <span class="header-content">Groups for Command line suite</span>
          </div> <!-- main-panel-header rounded-window-top -->
          <div class="main-panel-content rounded-window-bottom">
          </div> <!-- main-panel-content rounded-window-bottom -->
        </div> <!-- panel -->
        <div panel-name="times-Command_line_suite" class="panel">
          <div class="main-panel-header rounded-window-top">
            <span class="header-content">Times for Command line suite</span>
          </div> <!-- main-panel-header rounded-window-top -->
          <div class="main-panel-content rounded-window-bottom">
            <div class="times-div">
              <script type="text/javascript">
suiteTableInitFunctions.push('tableData_Command_line_suite');
function tableData_Command_line_suite() {
var data = new google.visualization.DataTable();
data.addColumn('number', 'Number');
data.addColumn('string', 'Method');
data.addColumn('string', 'Class');
data.addColumn('number', 'Time (ms)');
data.addRows(80);
data.setCell(0, 0, 0)
data.setCell(0, 1, 'TestCase01_testAuthenticationSuccessWelcomeAdminLinkPresent')
data.setCell(0, 2, 'com.orangeHRM.TestNG_WelcomeAdmin')
data.setCell(0, 3, 29157878);
data.setCell(1, 0, 1)
data.setCell(1, 1, 'TestCase01_testAuthenticationSuccessAboutMenuPopUpPresent')
data.setCell(1, 2, 'com.orangeHRM.TestNG_AboutUs_PageElements')
data.setCell(1, 3, 37040);
data.setCell(2, 0, 2)
data.setCell(2, 1, 'TestCase02_testAuthenticationSuccessAboutMenuPresent')
data.setCell(2, 2, 'com.orangeHRM.TestNG_WelcomeAdmin')
data.setCell(2, 3, 34095);
data.setCell(3, 0, 3)
data.setCell(3, 1, 'TestCase11_testAuthenticationSuccessFacebookSocialsRedirection')
data.setCell(3, 2, 'com.orangeHRM.TestNG_login')
data.setCell(3, 3, 30389);
data.setCell(4, 0, 4)
data.setCell(4, 1, 'TestCase01_testAuthenticationSuccessAboutMenuPopUpPresent')
data.setCell(4, 2, 'com.orangeHRM.TestNG_About')
data.setCell(4, 3, 30200);
data.setCell(5, 0, 5)
data.setCell(5, 1, 'TestCase02_testAuthenticationSuccessLabelPresent')
data.setCell(5, 2, 'com.orangeHRM.TestNG_About')
data.setCell(5, 3, 30101);
data.setCell(6, 0, 6)
data.setCell(6, 1, 'TestCase04_testAuthenticationSuccessLogoutMenuPresent')
data.setCell(6, 2, 'com.orangeHRM.TestNG_WelcomeAdmin')
data.setCell(6, 3, 30061);
data.setCell(7, 0, 7)
data.setCell(7, 1, 'TestCase03_testAuthenticationSuccessChangePasswordMenuPresent')
data.setCell(7, 2, 'com.orangeHRM.TestNG_WelcomeAdmin')
data.setCell(7, 3, 30047);
data.setCell(8, 0, 8)
data.setCell(8, 1, 'TestCase10_testAuthenticationSuccessLinkedInSocialsRedirection')
data.setCell(8, 2, 'com.orangeHRM.TestNG_login')
data.setCell(8, 3, 26748);
data.setCell(9, 0, 9)
data.setCell(9, 1, 'TestCase13_testAuthenticationSuccessYoutubeSocialsRedirection')
data.setCell(9, 2, 'com.orangeHRM.TestNG_login')
data.setCell(9, 3, 18257);
data.setCell(10, 0, 10)
data.setCell(10, 1, 'TestCase12_testAuthenticationSuccessTwitterSocialsRedirection')
data.setCell(10, 2, 'com.orangeHRM.TestNG_login')
data.setCell(10, 3, 17552);
data.setCell(11, 0, 11)
data.setCell(11, 1, 'TestCase01_testAuthenticationSuccessPageRedirectionChangePassword')
data.setCell(11, 2, 'com.orangeHRM.TestNG_ChangePassword_PageElements')
data.setCell(11, 3, 16703);
data.setCell(12, 0, 12)
data.setCell(12, 1, 'TestCase01_testAuthenticationSuccessWhenProvidingCorrectUsernameAndPassword')
data.setCell(12, 2, 'com.orangeHRM.TestNG_login_PageElements')
data.setCell(12, 3, 14832);
data.setCell(13, 0, 13)
data.setCell(13, 1, 'TestCase01_testAuthenticationSuccessWelcomeAdminLinkPresent')
data.setCell(13, 2, 'com.orangeHRM.TestNG_WelcomeAdmin_PageElements')
data.setCell(13, 3, 12141);
data.setCell(14, 0, 14)
data.setCell(14, 1, 'TestCase01_testAuthenticationSuccessWhenProvidingCorrectUsernameAndPassword')
data.setCell(14, 2, 'com.orangeHRM.TestNG_login')
data.setCell(14, 3, 9330);
data.setCell(15, 0, 15)
data.setCell(15, 1, 'TestCase02_testAuthenticationSuccessDashboardRedirection')
data.setCell(15, 2, 'com.orangeHRM.TestNG_login')
data.setCell(15, 3, 8943);
data.setCell(16, 0, 16)
data.setCell(16, 1, 'TestCase01_testAuthenticationSuccessPageRedirectionChangePassword')
data.setCell(16, 2, 'com.orangeHRM.TestNG_ChangePassword')
data.setCell(16, 3, 7218);
data.setCell(17, 0, 17)
data.setCell(17, 1, 'TestCase11_testAuthenticationSuccessFacebookSocialsRedirection')
data.setCell(17, 2, 'com.orangeHRM.TestNG_login_PageElements')
data.setCell(17, 3, 6055);
data.setCell(18, 0, 18)
data.setCell(18, 1, 'TestCase19_testAuthenticationSuccessLoginTextboxesInputs')
data.setCell(18, 2, 'com.orangeHRM.TestNG_login_PageElements')
data.setCell(18, 3, 6043);
data.setCell(19, 0, 19)
data.setCell(19, 1, 'TestCase02_testAuthenticationSuccessDashboardRedirection')
data.setCell(19, 2, 'com.orangeHRM.TestNG_login_PageElements')
data.setCell(19, 3, 6042);
data.setCell(20, 0, 20)
data.setCell(20, 1, 'TestCase06_testAuthenticationFailedEmptyUsername')
data.setCell(20, 2, 'com.orangeHRM.TestNG_login_PageElements')
data.setCell(20, 3, 6029);
data.setCell(21, 0, 21)
data.setCell(21, 1, 'TestCase05_testAuthenticationFailedWhenProvidingIncorrectUsernameAndPassword')
data.setCell(21, 2, 'com.orangeHRM.TestNG_login_PageElements')
data.setCell(21, 3, 6024);
data.setCell(22, 0, 22)
data.setCell(22, 1, 'TestCase04_testAuthenticationFailedWhenProvidingIncorrectPassword')
data.setCell(22, 2, 'com.orangeHRM.TestNG_login_PageElements')
data.setCell(22, 3, 6024);
data.setCell(23, 0, 23)
data.setCell(23, 1, 'TestCase19_testAuthenticationSuccessLoginTextboxesInputs')
data.setCell(23, 2, 'com.orangeHRM.TestNG_login_PageElements')
data.setCell(23, 3, 6021);
data.setCell(24, 0, 24)
data.setCell(24, 1, 'TestCase08_testAuthenticationFailedEmptyPassword')
data.setCell(24, 2, 'com.orangeHRM.TestNG_login_PageElements')
data.setCell(24, 3, 6016);
data.setCell(25, 0, 25)
data.setCell(25, 1, 'TestCase03_testAuthenticationFailedWhenProvidingIncorrectUsername')
data.setCell(25, 2, 'com.orangeHRM.TestNG_login_PageElements')
data.setCell(25, 3, 6016);
data.setCell(26, 0, 26)
data.setCell(26, 1, 'TestCase19_testAuthenticationSuccessLoginTextboxesInputs')
data.setCell(26, 2, 'com.orangeHRM.TestNG_login_PageElements')
data.setCell(26, 3, 6015);
data.setCell(27, 0, 27)
data.setCell(27, 1, 'TestCase10_testAuthenticationSuccessLinkedInSocialsRedirection')
data.setCell(27, 2, 'com.orangeHRM.TestNG_login_PageElements')
data.setCell(27, 3, 6015);
data.setCell(28, 0, 28)
data.setCell(28, 1, 'TestCase19_testAuthenticationSuccessLoginTextboxesInputs')
data.setCell(28, 2, 'com.orangeHRM.TestNG_login_PageElements')
data.setCell(28, 3, 6014);
data.setCell(29, 0, 29)
data.setCell(29, 1, 'TestCase07_testAuthenticationFailedEmptyUsernameAndPassword')
data.setCell(29, 2, 'com.orangeHRM.TestNG_login_PageElements')
data.setCell(29, 3, 6014);
data.setCell(30, 0, 30)
data.setCell(30, 1, 'TestCase19_testAuthenticationSuccessLoginTextboxesInputs')
data.setCell(30, 2, 'com.orangeHRM.TestNG_login_PageElements')
data.setCell(30, 3, 6014);
data.setCell(31, 0, 31)
data.setCell(31, 1, 'TestCase19_testAuthenticationSuccessLoginTextboxesInputs')
data.setCell(31, 2, 'com.orangeHRM.TestNG_login_PageElements')
data.setCell(31, 3, 6013);
data.setCell(32, 0, 32)
data.setCell(32, 1, 'TestCase19_testAuthenticationSuccessLoginTextboxesInputs')
data.setCell(32, 2, 'com.orangeHRM.TestNG_login_PageElements')
data.setCell(32, 3, 6013);
data.setCell(33, 0, 33)
data.setCell(33, 1, 'TestCase19_testAuthenticationSuccessLoginTextboxesInputs')
data.setCell(33, 2, 'com.orangeHRM.TestNG_login_PageElements')
data.setCell(33, 3, 6012);
data.setCell(34, 0, 34)
data.setCell(34, 1, 'TestCase19_testAuthenticationSuccessLoginTextboxesInputs')
data.setCell(34, 2, 'com.orangeHRM.TestNG_login_PageElements')
data.setCell(34, 3, 6012);
data.setCell(35, 0, 35)
data.setCell(35, 1, 'TestCase14_testAuthenticationSuccessOpenIdVisible')
data.setCell(35, 2, 'com.orangeHRM.TestNG_login_PageElements')
data.setCell(35, 3, 6012);
data.setCell(36, 0, 36)
data.setCell(36, 1, 'TestCase12_testAuthenticationSuccessTwitterSocialsRedirection')
data.setCell(36, 2, 'com.orangeHRM.TestNG_login_PageElements')
data.setCell(36, 3, 6012);
data.setCell(37, 0, 37)
data.setCell(37, 1, 'TestCase16_testAuthenticationSuccessLoginButtonsEnabled')
data.setCell(37, 2, 'com.orangeHRM.TestNG_login_PageElements')
data.setCell(37, 3, 6011);
data.setCell(38, 0, 38)
data.setCell(38, 1, 'TestCase17_testAuthenticationSuccessProviderdropdown')
data.setCell(38, 2, 'com.orangeHRM.TestNG_login_PageElements')
data.setCell(38, 3, 6011);
data.setCell(39, 0, 39)
data.setCell(39, 1, 'TestCase15_testAuthenticationSuccessLoginButtonsVisible')
data.setCell(39, 2, 'com.orangeHRM.TestNG_login_PageElements')
data.setCell(39, 3, 6011);
data.setCell(40, 0, 40)
data.setCell(40, 1, 'TestCase19_testAuthenticationSuccessLoginTextboxesInputs')
data.setCell(40, 2, 'com.orangeHRM.TestNG_login')
data.setCell(40, 3, 6007);
data.setCell(41, 0, 41)
data.setCell(41, 1, 'TestCase13_testAuthenticationSuccessYoutubeSocialsRedirection')
data.setCell(41, 2, 'com.orangeHRM.TestNG_login_PageElements')
data.setCell(41, 3, 6007);
data.setCell(42, 0, 42)
data.setCell(42, 1, 'TestCase19_testAuthenticationSuccessLoginTextboxesInputs')
data.setCell(42, 2, 'com.orangeHRM.TestNG_login')
data.setCell(42, 3, 5980);
data.setCell(43, 0, 43)
data.setCell(43, 1, 'TestCase19_testAuthenticationSuccessLoginTextboxesInputs')
data.setCell(43, 2, 'com.orangeHRM.TestNG_login')
data.setCell(43, 3, 5956);
data.setCell(44, 0, 44)
data.setCell(44, 1, 'TestCase17_testAuthenticationSuccessProviderdropdown')
data.setCell(44, 2, 'com.orangeHRM.TestNG_login')
data.setCell(44, 3, 5915);
data.setCell(45, 0, 45)
data.setCell(45, 1, 'TestCase19_testAuthenticationSuccessLoginTextboxesInputs')
data.setCell(45, 2, 'com.orangeHRM.TestNG_login')
data.setCell(45, 3, 5842);
data.setCell(46, 0, 46)
data.setCell(46, 1, 'TestCase19_testAuthenticationSuccessLoginTextboxesInputs')
data.setCell(46, 2, 'com.orangeHRM.TestNG_login')
data.setCell(46, 3, 5827);
data.setCell(47, 0, 47)
data.setCell(47, 1, 'TestCase19_testAuthenticationSuccessLoginTextboxesInputs')
data.setCell(47, 2, 'com.orangeHRM.TestNG_login')
data.setCell(47, 3, 5795);
data.setCell(48, 0, 48)
data.setCell(48, 1, 'TestCase19_testAuthenticationSuccessLoginTextboxesInputs')
data.setCell(48, 2, 'com.orangeHRM.TestNG_login')
data.setCell(48, 3, 5793);
data.setCell(49, 0, 49)
data.setCell(49, 1, 'TestCase19_testAuthenticationSuccessLoginTextboxesInputs')
data.setCell(49, 2, 'com.orangeHRM.TestNG_login')
data.setCell(49, 3, 5718);
data.setCell(50, 0, 50)
data.setCell(50, 1, 'TestCase19_testAuthenticationSuccessLoginTextboxesInputs')
data.setCell(50, 2, 'com.orangeHRM.TestNG_login')
data.setCell(50, 3, 5628);
data.setCell(51, 0, 51)
data.setCell(51, 1, 'TestCase03_testAuthenticationSuccessEditCancelButtonsVisibleDefault')
data.setCell(51, 2, 'com.orangeHRM.TestNG_ChangePassword_PageElements')
data.setCell(51, 3, 5323);
data.setCell(52, 0, 52)
data.setCell(52, 1, 'TestCase08_testAuthenticationSuccessRedirectionOrangeHRMLink')
data.setCell(52, 2, 'com.orangeHRM.TestNG_ChangePassword')
data.setCell(52, 3, 5255);
data.setCell(53, 0, 53)
data.setCell(53, 1, 'TestCase08_testAuthenticationSuccessRedirectionOrangeHRMLink')
data.setCell(53, 2, 'com.orangeHRM.TestNG_ChangePassword_PageElements')
data.setCell(53, 3, 5203);
data.setCell(54, 0, 54)
data.setCell(54, 1, 'TestCase03_testAuthenticationSuccessEditCancelButtonsVisibleDefault')
data.setCell(54, 2, 'com.orangeHRM.TestNG_ChangePassword')
data.setCell(54, 3, 5197);
data.setCell(55, 0, 55)
data.setCell(55, 1, 'TestCase04_testAuthenticationFailedWhenProvidingIncorrectPassword')
data.setCell(55, 2, 'com.orangeHRM.TestNG_login')
data.setCell(55, 3, 5083);
data.setCell(56, 0, 56)
data.setCell(56, 1, 'TestCase03_testAuthenticationFailedWhenProvidingIncorrectUsername')
data.setCell(56, 2, 'com.orangeHRM.TestNG_login')
data.setCell(56, 3, 4898);
data.setCell(57, 0, 57)
data.setCell(57, 1, 'TestCase18_testAuthenticationSuccessPlacholders')
data.setCell(57, 2, 'com.orangeHRM.TestNG_login_PageElements')
data.setCell(57, 3, 4413);
data.setCell(58, 0, 58)
data.setCell(58, 1, 'TestCase05_testAuthenticationFailedWhenProvidingIncorrectUsernameAndPassword')
data.setCell(58, 2, 'com.orangeHRM.TestNG_login')
data.setCell(58, 3, 4367);
data.setCell(59, 0, 59)
data.setCell(59, 1, 'TestCase08_testAuthenticationFailedEmptyPassword')
data.setCell(59, 2, 'com.orangeHRM.TestNG_login')
data.setCell(59, 3, 4339);
data.setCell(60, 0, 60)
data.setCell(60, 1, 'TestCase06_testAuthenticationFailedEmptyUsername')
data.setCell(60, 2, 'com.orangeHRM.TestNG_login')
data.setCell(60, 3, 3895);
data.setCell(61, 0, 61)
data.setCell(61, 1, 'TestCase07_testAuthenticationFailedEmptyUsernameAndPassword')
data.setCell(61, 2, 'com.orangeHRM.TestNG_login')
data.setCell(61, 3, 3718);
data.setCell(62, 0, 62)
data.setCell(62, 1, 'TestCase02_testAuthenticationSuccessAboutMenuPresent')
data.setCell(62, 2, 'com.orangeHRM.TestNG_WelcomeAdmin_PageElements')
data.setCell(62, 3, 3083);
data.setCell(63, 0, 63)
data.setCell(63, 1, 'TestCase02_testAuthenticationSuccessFormLabelsVisible')
data.setCell(63, 2, 'com.orangeHRM.TestNG_ChangePassword')
data.setCell(63, 3, 149);
data.setCell(64, 0, 64)
data.setCell(64, 1, 'TestCase02_testAuthenticationSuccessLabelPresent')
data.setCell(64, 2, 'com.orangeHRM.TestNG_AboutUs_PageElements')
data.setCell(64, 3, 133);
data.setCell(65, 0, 65)
data.setCell(65, 1, 'TestCase06_testAuthenticationSuccessTexBoxesMaxLength')
data.setCell(65, 2, 'com.orangeHRM.TestNG_ChangePassword_PageElements')
data.setCell(65, 3, 129);
data.setCell(66, 0, 66)
data.setCell(66, 1, 'TestCase18_testAuthenticationSuccessPlacholders')
data.setCell(66, 2, 'com.orangeHRM.TestNG_login')
data.setCell(66, 3, 125);
data.setCell(67, 0, 67)
data.setCell(67, 1, 'TestCase02_testAuthenticationSuccessFormLabelsVisible')
data.setCell(67, 2, 'com.orangeHRM.TestNG_ChangePassword_PageElements')
data.setCell(67, 3, 86);
data.setCell(68, 0, 68)
data.setCell(68, 1, 'TestCase07_testAuthenticationSuccessTexBoxesMinLength')
data.setCell(68, 2, 'com.orangeHRM.TestNG_ChangePassword')
data.setCell(68, 3, 86);
data.setCell(69, 0, 69)
data.setCell(69, 1, 'TestCase06_testAuthenticationSuccessTexBoxesMaxLength')
data.setCell(69, 2, 'com.orangeHRM.TestNG_ChangePassword')
data.setCell(69, 3, 85);
data.setCell(70, 0, 70)
data.setCell(70, 1, 'TestCase15_testAuthenticationSuccessLoginButtonsVisible')
data.setCell(70, 2, 'com.orangeHRM.TestNG_login')
data.setCell(70, 3, 74);
data.setCell(71, 0, 71)
data.setCell(71, 1, 'TestCase07_testAuthenticationSuccessTexBoxesMinLength')
data.setCell(71, 2, 'com.orangeHRM.TestNG_ChangePassword_PageElements')
data.setCell(71, 3, 67);
data.setCell(72, 0, 72)
data.setCell(72, 1, 'TestCase16_testAuthenticationSuccessLoginButtonsEnabled')
data.setCell(72, 2, 'com.orangeHRM.TestNG_login')
data.setCell(72, 3, 62);
data.setCell(73, 0, 73)
data.setCell(73, 1, 'TestCase09_testAuthenticationSuccessFooterContent')
data.setCell(73, 2, 'com.orangeHRM.TestNG_ChangePassword_PageElements')
data.setCell(73, 3, 61);
data.setCell(74, 0, 74)
data.setCell(74, 1, 'TestCase09_testAuthenticationSuccessFooterContent')
data.setCell(74, 2, 'com.orangeHRM.TestNG_ChangePassword')
data.setCell(74, 3, 53);
data.setCell(75, 0, 75)
data.setCell(75, 1, 'TestCase04_testAuthenticationSuccessLogoutMenuPresent')
data.setCell(75, 2, 'com.orangeHRM.TestNG_WelcomeAdmin_PageElements')
data.setCell(75, 3, 44);
data.setCell(76, 0, 76)
data.setCell(76, 1, 'TestCase14_testAuthenticationSuccessOpenIdVisible')
data.setCell(76, 2, 'com.orangeHRM.TestNG_login')
data.setCell(76, 3, 39);
data.setCell(77, 0, 77)
data.setCell(77, 1, 'TestCase03_testAuthenticationSuccessChangePasswordMenuPresent')
data.setCell(77, 2, 'com.orangeHRM.TestNG_WelcomeAdmin_PageElements')
data.setCell(77, 3, 26);
data.setCell(78, 0, 78)
data.setCell(78, 1, 'TestCase10_testAuthenticationSuccessFormContent')
data.setCell(78, 2, 'com.orangeHRM.TestNG_ChangePassword_PageElements')
data.setCell(78, 3, 25);
data.setCell(79, 0, 79)
data.setCell(79, 1, 'TestCase10_testAuthenticationSuccessFormContent')
data.setCell(79, 2, 'com.orangeHRM.TestNG_ChangePassword')
data.setCell(79, 3, 21);
window.suiteTableData['Command_line_suite']= { tableData: data, tableDiv: 'times-div-Command_line_suite'}
return data;
}
              </script>
              <span class="suite-total-time">Total running time: 8 hours</span>
              <div id="times-div-Command_line_suite">
              </div> <!-- times-div-Command_line_suite -->
            </div> <!-- times-div -->
          </div> <!-- main-panel-content rounded-window-bottom -->
        </div> <!-- panel -->
        <div panel-name="reporter-Command_line_suite" class="panel">
          <div class="main-panel-header rounded-window-top">
            <span class="header-content">Reporter output for Command line suite</span>
          </div> <!-- main-panel-header rounded-window-top -->
          <div class="main-panel-content rounded-window-bottom">
          </div> <!-- main-panel-content rounded-window-bottom -->
        </div> <!-- panel -->
        <div panel-name="ignored-methods-Command_line_suite" class="panel">
          <div class="main-panel-header rounded-window-top">
            <span class="header-content">0 ignored methods</span>
          </div> <!-- main-panel-header rounded-window-top -->
          <div class="main-panel-content rounded-window-bottom">
          </div> <!-- main-panel-content rounded-window-bottom -->
        </div> <!-- panel -->
        <div panel-name="chronological-Command_line_suite" class="panel">
          <div class="main-panel-header rounded-window-top">
            <span class="header-content">Methods in chronological order</span>
          </div> <!-- main-panel-header rounded-window-top -->
          <div class="main-panel-content rounded-window-bottom">
            <div class="chronological-class">
              <div class="chronological-class-name">com.orangeHRM.TestNG_About</div> <!-- chronological-class-name -->
              <div class="configuration-class before">
                <span class="method-name">setup</span>
                <span class="method-start">0 ms</span>
              </div> <!-- configuration-class before -->
              <div class="test-method">
                <img src="failed.png">
                </img>
                <span class="method-name">TestCase01_testAuthenticationSuccessAboutMenuPopUpPresent</span>
                <span class="method-start">87083 ms</span>
              </div> <!-- test-method -->
              <div class="test-method">
                <img src="failed.png">
                </img>
                <span class="method-name">TestCase02_testAuthenticationSuccessLabelPresent</span>
                <span class="method-start">117423 ms</span>
              </div> <!-- test-method -->
              <div class="configuration-class after">
                <span class="method-name">TearDown</span>
                <span class="method-start">147535 ms</span>
              </div> <!-- configuration-class after -->
            </div> <!-- chronological-class -->
            <div class="chronological-class">
              <div class="chronological-class-name">com.orangeHRM.TestNG_AboutUs_PageElements</div> <!-- chronological-class-name -->
              <div class="configuration-class before">
                <span class="method-name">setup</span>
                <span class="method-start">148247 ms</span>
              </div> <!-- configuration-class before -->
              <div class="test-method">
                <span class="method-name">TestCase01_testAuthenticationSuccessAboutMenuPopUpPresent</span>
                <span class="method-start">170820 ms</span>
              </div> <!-- test-method -->
              <div class="test-method">
                <span class="method-name">TestCase02_testAuthenticationSuccessLabelPresent</span>
                <span class="method-start">207861 ms</span>
              </div> <!-- test-method -->
              <div class="configuration-class after">
                <span class="method-name">TearDown</span>
                <span class="method-start">207994 ms</span>
              </div> <!-- configuration-class after -->
            </div> <!-- chronological-class -->
            <div class="chronological-class">
              <div class="chronological-class-name">com.orangeHRM.TestNG_ChangePassword</div> <!-- chronological-class-name -->
              <div class="configuration-class before">
                <span class="method-name">setup</span>
                <span class="method-start">208648 ms</span>
              </div> <!-- configuration-class before -->
              <div class="test-method">
                <span class="method-name">TestCase01_testAuthenticationSuccessPageRedirectionChangePassword</span>
                <span class="method-start">216178 ms</span>
              </div> <!-- test-method -->
              <div class="test-method">
                <span class="method-name">TestCase02_testAuthenticationSuccessFormLabelsVisible</span>
                <span class="method-start">223396 ms</span>
              </div> <!-- test-method -->
              <div class="test-method">
                <span class="method-name">TestCase03_testAuthenticationSuccessEditCancelButtonsVisibleDefault</span>
                <span class="method-start">223545 ms</span>
              </div> <!-- test-method -->
              <div class="test-method">
                <span class="method-name">TestCase06_testAuthenticationSuccessTexBoxesMaxLength</span>
                <span class="method-start">228743 ms</span>
              </div> <!-- test-method -->
              <div class="test-method">
                <span class="method-name">TestCase07_testAuthenticationSuccessTexBoxesMinLength</span>
                <span class="method-start">228828 ms</span>
              </div> <!-- test-method -->
              <div class="test-method">
                <span class="method-name">TestCase08_testAuthenticationSuccessRedirectionOrangeHRMLink</span>
                <span class="method-start">228915 ms</span>
              </div> <!-- test-method -->
              <div class="test-method">
                <span class="method-name">TestCase09_testAuthenticationSuccessFooterContent</span>
                <span class="method-start">234170 ms</span>
              </div> <!-- test-method -->
              <div class="test-method">
                <span class="method-name">TestCase10_testAuthenticationSuccessFormContent</span>
                <span class="method-start">234223 ms</span>
              </div> <!-- test-method -->
              <div class="configuration-class after">
                <span class="method-name">TearDown</span>
                <span class="method-start">234245 ms</span>
              </div> <!-- configuration-class after -->
            </div> <!-- chronological-class -->
            <div class="chronological-class">
              <div class="chronological-class-name">com.orangeHRM.TestNG_ChangePassword_PageElements</div> <!-- chronological-class-name -->
              <div class="configuration-class before">
                <span class="method-name">setup</span>
                <span class="method-start">235097 ms</span>
              </div> <!-- configuration-class before -->
              <div class="test-method">
                <span class="method-name">TestCase01_testAuthenticationSuccessPageRedirectionChangePassword</span>
                <span class="method-start">242409 ms</span>
              </div> <!-- test-method -->
              <div class="test-method">
                <span class="method-name">TestCase02_testAuthenticationSuccessFormLabelsVisible</span>
                <span class="method-start">259113 ms</span>
              </div> <!-- test-method -->
              <div class="test-method">
                <span class="method-name">TestCase03_testAuthenticationSuccessEditCancelButtonsVisibleDefault</span>
                <span class="method-start">259199 ms</span>
              </div> <!-- test-method -->
              <div class="test-method">
                <span class="method-name">TestCase06_testAuthenticationSuccessTexBoxesMaxLength</span>
                <span class="method-start">264523 ms</span>
              </div> <!-- test-method -->
              <div class="test-method">
                <span class="method-name">TestCase07_testAuthenticationSuccessTexBoxesMinLength</span>
                <span class="method-start">264653 ms</span>
              </div> <!-- test-method -->
              <div class="test-method">
                <span class="method-name">TestCase08_testAuthenticationSuccessRedirectionOrangeHRMLink</span>
                <span class="method-start">264720 ms</span>
              </div> <!-- test-method -->
              <div class="test-method">
                <span class="method-name">TestCase09_testAuthenticationSuccessFooterContent</span>
                <span class="method-start">269923 ms</span>
              </div> <!-- test-method -->
              <div class="test-method">
                <span class="method-name">TestCase10_testAuthenticationSuccessFormContent</span>
                <span class="method-start">269984 ms</span>
              </div> <!-- test-method -->
              <div class="configuration-class after">
                <span class="method-name">TearDown</span>
                <span class="method-start">270009 ms</span>
              </div> <!-- configuration-class after -->
            </div> <!-- chronological-class -->
            <div class="chronological-class">
              <div class="chronological-class-name">com.orangeHRM.TestNG_login</div> <!-- chronological-class-name -->
              <div class="configuration-class before">
                <span class="method-name">setup</span>
                <span class="method-start">271232 ms</span>
              </div> <!-- configuration-class before -->
              <div class="test-method">
                <span class="method-name">TestCase01_testAuthenticationSuccessWhenProvidingCorrectUsernameAndPassword</span>
                <span class="method-start">279285 ms</span>
              </div> <!-- test-method -->
              <div class="test-method">
                <span class="method-name">TestCase02_testAuthenticationSuccessDashboardRedirection</span>
                <span class="method-start">288616 ms</span>
              </div> <!-- test-method -->
              <div class="test-method">
                <span class="method-name">TestCase03_testAuthenticationFailedWhenProvidingIncorrectUsername</span>
                <span class="method-start">297559 ms</span>
              </div> <!-- test-method -->
              <div class="test-method">
                <span class="method-name">TestCase04_testAuthenticationFailedWhenProvidingIncorrectPassword</span>
                <span class="method-start">302458 ms</span>
              </div> <!-- test-method -->
              <div class="test-method">
                <span class="method-name">TestCase05_testAuthenticationFailedWhenProvidingIncorrectUsernameAndPassword</span>
                <span class="method-start">307541 ms</span>
              </div> <!-- test-method -->
              <div class="test-method">
                <span class="method-name">TestCase06_testAuthenticationFailedEmptyUsername</span>
                <span class="method-start">311908 ms</span>
              </div> <!-- test-method -->
              <div class="test-method">
                <span class="method-name">TestCase07_testAuthenticationFailedEmptyUsernameAndPassword</span>
                <span class="method-start">315803 ms</span>
              </div> <!-- test-method -->
              <div class="test-method">
                <span class="method-name">TestCase08_testAuthenticationFailedEmptyPassword</span>
                <span class="method-start">319521 ms</span>
              </div> <!-- test-method -->
              <div class="test-method">
                <span class="method-name">TestCase10_testAuthenticationSuccessLinkedInSocialsRedirection</span>
                <span class="method-start">323860 ms</span>
              </div> <!-- test-method -->
              <div class="test-method">
                <span class="method-name">TestCase11_testAuthenticationSuccessFacebookSocialsRedirection</span>
                <span class="method-start">350609 ms</span>
              </div> <!-- test-method -->
              <div class="test-method">
                <span class="method-name">TestCase12_testAuthenticationSuccessTwitterSocialsRedirection</span>
                <span class="method-start">380998 ms</span>
              </div> <!-- test-method -->
              <div class="test-method">
                <span class="method-name">TestCase13_testAuthenticationSuccessYoutubeSocialsRedirection</span>
                <span class="method-start">398550 ms</span>
              </div> <!-- test-method -->
              <div class="test-method">
                <span class="method-name">TestCase14_testAuthenticationSuccessOpenIdVisible</span>
                <span class="method-start">416808 ms</span>
              </div> <!-- test-method -->
              <div class="test-method">
                <span class="method-name">TestCase15_testAuthenticationSuccessLoginButtonsVisible</span>
                <span class="method-start">416848 ms</span>
              </div> <!-- test-method -->
              <div class="test-method">
                <span class="method-name">TestCase16_testAuthenticationSuccessLoginButtonsEnabled</span>
                <span class="method-start">416922 ms</span>
              </div> <!-- test-method -->
              <div class="test-method">
                <span class="method-name">TestCase17_testAuthenticationSuccessProviderdropdown</span>
                <span class="method-start">416985 ms</span>
              </div> <!-- test-method -->
              <div class="test-method">
                <span class="method-name">TestCase18_testAuthenticationSuccessPlacholders</span>
                <span class="method-start">422900 ms</span>
              </div> <!-- test-method -->
              <div class="test-method">
                <span class="method-name">TestCase19_testAuthenticationSuccessLoginTextboxesInputs(abc, abc)</span>
                <span class="method-start">423382 ms</span>
              </div> <!-- test-method -->
              <div class="test-method">
                <span class="method-name">TestCase19_testAuthenticationSuccessLoginTextboxesInputs(123, 123)</span>
                <span class="method-start">429362 ms</span>
              </div> <!-- test-method -->
              <div class="test-method">
                <span class="method-name">TestCase19_testAuthenticationSuccessLoginTextboxesInputs(ABC, ABC)</span>
                <span class="method-start">435204 ms</span>
              </div> <!-- test-method -->
              <div class="test-method">
                <span class="method-name">TestCase19_testAuthenticationSuccessLoginTextboxesInputs(abc123, ABc123)</span>
                <span class="method-start">441160 ms</span>
              </div> <!-- test-method -->
              <div class="test-method">
                <span class="method-name">TestCase19_testAuthenticationSuccessLoginTextboxesInputs(!@#$%^&*()_+, !@#$%^&*()_+)</span>
                <span class="method-start">446988 ms</span>
              </div> <!-- test-method -->
              <div class="test-method">
                <span class="method-name">TestCase19_testAuthenticationSuccessLoginTextboxesInputs(~~~~  #$%, ~~~~  #$%)</span>
                <span class="method-start">452995 ms</span>
              </div> <!-- test-method -->
              <div class="test-method">
                <span class="method-name">TestCase19_testAuthenticationSuccessLoginTextboxesInputs(aBC 12~!@#$, aBC 12~!@#$)</span>
                <span class="method-start">458624 ms</span>
              </div> <!-- test-method -->
              <div class="test-method">
                <span class="method-name">TestCase19_testAuthenticationSuccessLoginTextboxesInputs(,./<>?234eBFG []\, ,./<>?234eBFG []\)</span>
                <span class="method-start">464342 ms</span>
              </div> <!-- test-method -->
              <div class="test-method">
                <span class="method-name">TestCase19_testAuthenticationSuccessLoginTextboxesInputs(<script> "Hello"<\script> , <script> "Hello"<\script> )</span>
                <span class="method-start">470137 ms</span>
              </div> <!-- test-method -->
              <div class="configuration-class after">
                <span class="method-name">TearDown</span>
                <span class="method-start">475930 ms</span>
              </div> <!-- configuration-class after -->
            </div> <!-- chronological-class -->
            <div class="chronological-class">
              <div class="chronological-class-name">com.orangeHRM.TestNG_login_PageElements</div> <!-- chronological-class-name -->
              <div class="configuration-class before">
                <span class="method-name">setup</span>
                <span class="method-start">476998 ms</span>
              </div> <!-- configuration-class before -->
              <div class="test-method">
                <img src="failed.png">
                </img>
                <span class="method-name">TestCase01_testAuthenticationSuccessWhenProvidingCorrectUsernameAndPassword</span>
                <span class="method-start">487749 ms</span>
              </div> <!-- test-method -->
              <div class="test-method">
                <img src="failed.png">
                </img>
                <span class="method-name">TestCase02_testAuthenticationSuccessDashboardRedirection</span>
                <span class="method-start">502584 ms</span>
              </div> <!-- test-method -->
              <div class="test-method">
                <img src="failed.png">
                </img>
                <span class="method-name">TestCase03_testAuthenticationFailedWhenProvidingIncorrectUsername</span>
                <span class="method-start">508629 ms</span>
              </div> <!-- test-method -->
              <div class="test-method">
                <img src="failed.png">
                </img>
                <span class="method-name">TestCase04_testAuthenticationFailedWhenProvidingIncorrectPassword</span>
                <span class="method-start">514647 ms</span>
              </div> <!-- test-method -->
              <div class="test-method">
                <img src="failed.png">
                </img>
                <span class="method-name">TestCase05_testAuthenticationFailedWhenProvidingIncorrectUsernameAndPassword</span>
                <span class="method-start">520674 ms</span>
              </div> <!-- test-method -->
              <div class="test-method">
                <img src="failed.png">
                </img>
                <span class="method-name">TestCase06_testAuthenticationFailedEmptyUsername</span>
                <span class="method-start">526700 ms</span>
              </div> <!-- test-method -->
              <div class="test-method">
                <img src="failed.png">
                </img>
                <span class="method-name">TestCase07_testAuthenticationFailedEmptyUsernameAndPassword</span>
                <span class="method-start">532732 ms</span>
              </div> <!-- test-method -->
              <div class="test-method">
                <img src="failed.png">
                </img>
                <span class="method-name">TestCase08_testAuthenticationFailedEmptyPassword</span>
                <span class="method-start">538749 ms</span>
              </div> <!-- test-method -->
              <div class="test-method">
                <img src="failed.png">
                </img>
                <span class="method-name">TestCase10_testAuthenticationSuccessLinkedInSocialsRedirection</span>
                <span class="method-start">544767 ms</span>
              </div> <!-- test-method -->
              <div class="test-method">
                <img src="failed.png">
                </img>
                <span class="method-name">TestCase11_testAuthenticationSuccessFacebookSocialsRedirection</span>
                <span class="method-start">550783 ms</span>
              </div> <!-- test-method -->
              <div class="test-method">
                <img src="failed.png">
                </img>
                <span class="method-name">TestCase12_testAuthenticationSuccessTwitterSocialsRedirection</span>
                <span class="method-start">556839 ms</span>
              </div> <!-- test-method -->
              <div class="test-method">
                <img src="failed.png">
                </img>
                <span class="method-name">TestCase13_testAuthenticationSuccessYoutubeSocialsRedirection</span>
                <span class="method-start">562852 ms</span>
              </div> <!-- test-method -->
              <div class="test-method">
                <img src="failed.png">
                </img>
                <span class="method-name">TestCase14_testAuthenticationSuccessOpenIdVisible</span>
                <span class="method-start">568860 ms</span>
              </div> <!-- test-method -->
              <div class="test-method">
                <img src="failed.png">
                </img>
                <span class="method-name">TestCase15_testAuthenticationSuccessLoginButtonsVisible</span>
                <span class="method-start">574873 ms</span>
              </div> <!-- test-method -->
              <div class="test-method">
                <img src="failed.png">
                </img>
                <span class="method-name">TestCase16_testAuthenticationSuccessLoginButtonsEnabled</span>
                <span class="method-start">580885 ms</span>
              </div> <!-- test-method -->
              <div class="test-method">
                <img src="failed.png">
                </img>
                <span class="method-name">TestCase17_testAuthenticationSuccessProviderdropdown</span>
                <span class="method-start">586897 ms</span>
              </div> <!-- test-method -->
              <div class="test-method">
                <img src="failed.png">
                </img>
                <span class="method-name">TestCase18_testAuthenticationSuccessPlacholders</span>
                <span class="method-start">592909 ms</span>
              </div> <!-- test-method -->
              <div class="test-method">
                <img src="failed.png">
                </img>
                <span class="method-name">TestCase19_testAuthenticationSuccessLoginTextboxesInputs(abc, abc)</span>
                <span class="method-start">597326 ms</span>
              </div> <!-- test-method -->
              <div class="test-method">
                <img src="failed.png">
                </img>
                <span class="method-name">TestCase19_testAuthenticationSuccessLoginTextboxesInputs(123, 123)</span>
                <span class="method-start">603342 ms</span>
              </div> <!-- test-method -->
              <div class="test-method">
                <img src="failed.png">
                </img>
                <span class="method-name">TestCase19_testAuthenticationSuccessLoginTextboxesInputs(ABC, ABC)</span>
                <span class="method-start">609364 ms</span>
              </div> <!-- test-method -->
              <div class="test-method">
                <img src="failed.png">
                </img>
                <span class="method-name">TestCase19_testAuthenticationSuccessLoginTextboxesInputs(abc123, ABc123)</span>
                <span class="method-start">615380 ms</span>
              </div> <!-- test-method -->
              <div class="test-method">
                <img src="failed.png">
                </img>
                <span class="method-name">TestCase19_testAuthenticationSuccessLoginTextboxesInputs(!@#$%^&*()_+, !@#$%^&*()_+)</span>
                <span class="method-start">621394 ms</span>
              </div> <!-- test-method -->
              <div class="test-method">
                <img src="failed.png">
                </img>
                <span class="method-name">TestCase19_testAuthenticationSuccessLoginTextboxesInputs(~~~~  #$%, ~~~~  #$%)</span>
                <span class="method-start">627408 ms</span>
              </div> <!-- test-method -->
              <div class="test-method">
                <img src="failed.png">
                </img>
                <span class="method-name">TestCase19_testAuthenticationSuccessLoginTextboxesInputs(aBC 12~!@#$, aBC 12~!@#$)</span>
                <span class="method-start">633421 ms</span>
              </div> <!-- test-method -->
              <div class="test-method">
                <img src="failed.png">
                </img>
                <span class="method-name">TestCase19_testAuthenticationSuccessLoginTextboxesInputs(,./<>?234eBFG []\, ,./<>?234eBFG []\)</span>
                <span class="method-start">639465 ms</span>
              </div> <!-- test-method -->
              <div class="test-method">
                <img src="failed.png">
                </img>
                <span class="method-name">TestCase19_testAuthenticationSuccessLoginTextboxesInputs(<script> "Hello"<\script> , <script> "Hello"<\script> )</span>
                <span class="method-start">645480 ms</span>
              </div> <!-- test-method -->
              <div class="configuration-class after">
                <span class="method-name">TearDown</span>
                <span class="method-start">651493 ms</span>
              </div> <!-- configuration-class after -->
            </div> <!-- chronological-class -->
            <div class="chronological-class">
              <div class="chronological-class-name">com.orangeHRM.TestNG_WelcomeAdmin</div> <!-- chronological-class-name -->
              <div class="configuration-class before">
                <span class="method-name">setup</span>
                <span class="method-start">652159 ms</span>
              </div> <!-- configuration-class before -->
              <div class="test-method">
                <img src="failed.png">
                </img>
                <span class="method-name">TestCase01_testAuthenticationSuccessWelcomeAdminLinkPresent</span>
                <span class="method-start">695630 ms</span>
              </div> <!-- test-method -->
              <div class="test-method">
                <img src="failed.png">
                </img>
                <span class="method-name">TestCase02_testAuthenticationSuccessAboutMenuPresent</span>
                <span class="method-start">29853510 ms</span>
              </div> <!-- test-method -->
              <div class="test-method">
                <img src="failed.png">
                </img>
                <span class="method-name">TestCase03_testAuthenticationSuccessChangePasswordMenuPresent</span>
                <span class="method-start">29887607 ms</span>
              </div> <!-- test-method -->
              <div class="test-method">
                <img src="failed.png">
                </img>
                <span class="method-name">TestCase04_testAuthenticationSuccessLogoutMenuPresent</span>
                <span class="method-start">29917656 ms</span>
              </div> <!-- test-method -->
              <div class="configuration-class after">
                <span class="method-name">TearDown</span>
                <span class="method-start">29947718 ms</span>
              </div> <!-- configuration-class after -->
            </div> <!-- chronological-class -->
            <div class="chronological-class">
              <div class="chronological-class-name">com.orangeHRM.TestNG_WelcomeAdmin_PageElements</div> <!-- chronological-class-name -->
              <div class="configuration-class before">
                <span class="method-name">setup</span>
                <span class="method-start">29948575 ms</span>
              </div> <!-- configuration-class before -->
              <div class="test-method">
                <span class="method-name">TestCase01_testAuthenticationSuccessWelcomeAdminLinkPresent</span>
                <span class="method-start">29965874 ms</span>
              </div> <!-- test-method -->
              <div class="test-method">
                <span class="method-name">TestCase02_testAuthenticationSuccessAboutMenuPresent</span>
                <span class="method-start">29978015 ms</span>
              </div> <!-- test-method -->
              <div class="test-method">
                <span class="method-name">TestCase03_testAuthenticationSuccessChangePasswordMenuPresent</span>
                <span class="method-start">29981099 ms</span>
              </div> <!-- test-method -->
              <div class="test-method">
                <span class="method-name">TestCase04_testAuthenticationSuccessLogoutMenuPresent</span>
                <span class="method-start">29981125 ms</span>
              </div> <!-- test-method -->
              <div class="configuration-class after">
                <span class="method-name">TearDown</span>
                <span class="method-start">29981169 ms</span>
              </div> <!-- configuration-class after -->
          </div> <!-- main-panel-content rounded-window-bottom -->
        </div> <!-- panel -->
      </div> <!-- main-panel-root -->
    </div> <!-- wrapper -->
  </body>
</html>
